\BOOKMARK [2][-]{subsection.0.1}{\376\377\000A\000b\000s\000t\000r\000a\000c\000t}{}% 1
\BOOKMARK [2][-]{subsection.0.2}{\376\377\000O\000r\000i\000g\000i\000n\000a\000l\000\040\000C\000o\000n\000t\000r\000i\000b\000u\000t\000i\000o\000n}{}% 2
\BOOKMARK [3][-]{subsubsection.0.2.1}{\376\377\000C\000o\000n\000t\000r\000i\000b\000u\000t\000i\000o\000n\000\040\000S\000u\000m\000m\000a\000r\000y\000\040\000f\000o\000r\000\040\000N\000o\000n\000-\000S\000p\000e\000c\000i\000a\000l\000i\000s\000t\000s}{subsection.0.2}% 3
\BOOKMARK [3][-]{subsubsection.0.2.2}{\376\377\000W\000h\000y\000\040\000T\000h\000i\000s\000\040\000F\000r\000a\000m\000e\000w\000o\000r\000k\000\040\000W\000a\000s\000\040\000N\000e\000e\000d\000e\000d\000\040\000N\000o\000w}{subsection.0.2}% 4
\BOOKMARK [3][-]{subsubsection.0.2.3}{\376\377\000R\000e\000l\000a\000t\000i\000o\000n\000s\000h\000i\000p\000\040\000t\000o\000\040\000A\0001\000-\000A\0006\000\040\000S\000e\000r\000i\000e\000s}{subsection.0.2}% 5
\BOOKMARK [2][-]{subsection.0.3}{\376\377\0001\000.\000\040\000I\000n\000t\000r\000o\000d\000u\000c\000t\000i\000o\000n}{}% 6
\BOOKMARK [3][-]{subsubsection.0.3.1}{\376\377\0001\000.\0001\000\040\000T\000h\000e\000\040\000G\000o\000v\000e\000r\000n\000a\000n\000c\000e\000\040\000P\000a\000r\000a\000d\000o\000x}{subsection.0.3}% 7
\BOOKMARK [3][-]{subsubsection.0.3.2}{\376\377\0001\000.\0002\000\040\000T\000h\000e\000\040\000A\000u\000t\000o\000m\000a\000t\000e\000d\000\040\000G\000o\000v\000e\000r\000n\000a\000n\000c\000e\000\040\000V\000i\000s\000i\000o\000n}{subsection.0.3}% 8
\BOOKMARK [3][-]{subsubsection.0.3.3}{\376\377\0001\000.\0003\000\040\000P\000a\000p\000e\000r\000\040\000C\000o\000n\000t\000r\000i\000b\000u\000t\000i\000o\000n\000s}{subsection.0.3}% 9
\BOOKMARK [2][-]{subsection.0.4}{\376\377\0002\000.\000\040\000P\000o\000l\000i\000c\000y\000-\000a\000s\000-\000C\000o\000d\000e\000\040\000P\000i\000p\000e\000l\000i\000n\000e}{}% 10
\BOOKMARK [3][-]{subsubsection.0.4.1}{\376\377\0002\000.\0001\000\040\000P\000o\000l\000i\000c\000y\000\040\000L\000i\000f\000e\000c\000y\000c\000l\000e}{subsection.0.4}% 11
\BOOKMARK [3][-]{subsubsection.0.4.2}{\376\377\0002\000.\0002\000\040\000P\000o\000l\000i\000c\000y\000\040\000C\000a\000t\000e\000g\000o\000r\000i\000e\000s}{subsection.0.4}% 12
\BOOKMARK [3][-]{subsubsection.0.4.3}{\376\377\0002\000.\0003\000\040\000R\000e\000g\000o\000\040\000P\000o\000l\000i\000c\000y\000\040\000L\000a\000n\000g\000u\000a\000g\000e}{subsection.0.4}% 13
\BOOKMARK [3][-]{subsubsection.0.4.4}{\376\377\0002\000.\0004\000\040\000P\000o\000l\000i\000c\000y\000\040\000T\000e\000s\000t\000i\000n\000g}{subsection.0.4}% 14
\BOOKMARK [3][-]{subsubsection.0.4.5}{\376\377\0002\000.\0005\000\040\000P\000o\000l\000i\000c\000y\000\040\000D\000i\000s\000t\000r\000i\000b\000u\000t\000i\000o\000n}{subsection.0.4}% 15
\BOOKMARK [1][-]{section.1}{\376\377\000S\000i\000g\000n\000\040\000b\000u\000n\000d\000l\000e}{}% 16
\BOOKMARK [1][-]{section.2}{\376\377\000U\000p\000l\000o\000a\000d\000\040\000t\000o\000\040\000r\000e\000g\000i\000s\000t\000r\000y}{}% 17
\BOOKMARK [2][-]{subsection.2.1}{\376\377\0003\000.\000\040\000M\000u\000l\000t\000i\000-\000C\000l\000o\000u\000d\000\040\000I\000d\000e\000n\000t\000i\000t\000y\000\040\000F\000e\000d\000e\000r\000a\000t\000i\000o\000n}{section.2}% 18
\BOOKMARK [3][-]{subsubsection.2.1.1}{\376\377\0003\000.\0001\000\040\000T\000h\000e\000\040\000C\000r\000e\000d\000e\000n\000t\000i\000a\000l\000\040\000P\000r\000o\000b\000l\000e\000m}{subsection.2.1}% 19
\BOOKMARK [3][-]{subsubsection.2.1.2}{\376\377\0003\000.\0002\000\040\000F\000e\000d\000e\000r\000a\000t\000e\000d\000\040\000I\000d\000e\000n\000t\000i\000t\000y\000\040\000A\000r\000c\000h\000i\000t\000e\000c\000t\000u\000r\000e}{subsection.2.1}% 20
\BOOKMARK [3][-]{subsubsection.2.1.3}{\376\377\0003\000.\0003\000\040\000I\000m\000p\000l\000e\000m\000e\000n\000t\000a\000t\000i\000o\000n\000\040\000D\000e\000t\000a\000i\000l\000s}{subsection.2.1}% 21
\BOOKMARK [1][-]{section.3}{\376\377\000C\000r\000e\000a\000t\000e\000\040\000I\000A\000M\000\040\000r\000o\000l\000e\000\040\000w\000i\000t\000h\000\040\000t\000r\000u\000s\000t\000\040\000p\000o\000l\000i\000c\000y}{}% 22
\BOOKMARK [1][-]{section.4}{\376\377\000C\000r\000e\000a\000t\000e\000\040\000O\000I\000D\000C\000\040\000p\000r\000o\000v\000i\000d\000e\000r}{}% 23
\BOOKMARK [2][-]{subsubsection.4.0.1}{\376\377\0003\000.\0004\000\040\000T\000o\000k\000e\000n\000\040\000E\000x\000c\000h\000a\000n\000g\000e\000\040\000F\000l\000o\000w}{section.4}% 24
\BOOKMARK [2][-]{subsection.4.1}{\376\377\0004\000.\000\040\000G\000i\000t\000O\000p\000s\000:\000\040\000T\000h\000e\000\040\000S\000i\000n\000g\000l\000e\000\040\000S\000o\000u\000r\000c\000e\000\040\000o\000f\000\040\000T\000r\000u\000t\000h}{section.4}% 25
\BOOKMARK [3][-]{subsubsection.4.1.1}{\376\377\0004\000.\0001\000\040\000T\000h\000e\000\040\000C\000o\000n\000f\000i\000g\000u\000r\000a\000t\000i\000o\000n\000\040\000D\000r\000i\000f\000t\000\040\000P\000r\000o\000b\000l\000e\000m}{subsection.4.1}% 26
\BOOKMARK [3][-]{subsubsection.4.1.2}{\376\377\0004\000.\0002\000\040\000G\000i\000t\000O\000p\000s\000\040\000R\000e\000c\000o\000n\000c\000i\000l\000i\000a\000t\000i\000o\000n}{subsection.4.1}% 27
\BOOKMARK [3][-]{subsubsection.4.1.3}{\376\377\0004\000.\0003\000\040\000A\000r\000g\000o\000C\000D\000\040\000I\000m\000p\000l\000e\000m\000e\000n\000t\000a\000t\000i\000o\000n}{subsection.4.1}% 28
\BOOKMARK [3][-]{subsubsection.4.1.4}{\376\377\0004\000.\0004\000\040\000D\000r\000i\000f\000t\000\040\000D\000e\000t\000e\000c\000t\000i\000o\000n}{subsection.4.1}% 29
\BOOKMARK [1][-]{section.5}{\376\377\000T\000i\000m\000e\000\040\000t\000o\000\040\000r\000e\000c\000o\000n\000c\000i\000l\000i\000a\000t\000i\000o\000n}{}% 30
\BOOKMARK [2][-]{subsection.5.1}{\376\377\0005\000.\000\040\000D\000e\000f\000e\000n\000s\000e\000-\000i\000n\000-\000D\000e\000p\000t\000h\000\040\000E\000n\000f\000o\000r\000c\000e\000m\000e\000n\000t}{section.5}% 31
\BOOKMARK [3][-]{subsubsection.5.1.1}{\376\377\0005\000.\0001\000\040\000F\000o\000u\000r\000-\000L\000a\000y\000e\000r\000\040\000M\000o\000d\000e\000l}{subsection.5.1}% 32
\BOOKMARK [3][-]{subsubsection.5.1.2}{\376\377\0005\000.\0002\000\040\000L\000a\000y\000e\000r\000\040\0001\000:\000\040\000C\000o\000d\000e\000\040\000\050\000S\000h\000i\000f\000t\000-\000L\000e\000f\000t\000\051}{subsection.5.1}% 33
\BOOKMARK [1][-]{section.6}{\376\377\000L\000i\000n\000t\000\040\000K\000u\000b\000e\000r\000n\000e\000t\000e\000s\000\040\000m\000a\000n\000i\000f\000e\000s\000t\000s}{}% 34
\BOOKMARK [2][-]{subsection.6.1}{\376\377\0001\000.\000\040\000I\000n\000t\000r\000o\000d\000u\000c\000t\000i\000o\000n}{section.6}% 35
\BOOKMARK [3][-]{subsubsection.6.1.1}{\376\377\0001\000.\0001\000\040\000T\000h\000e\000\040\000G\000o\000v\000e\000r\000n\000a\000n\000c\000e\000\040\000P\000a\000r\000a\000d\000o\000x}{subsection.6.1}% 36
\BOOKMARK [3][-]{subsubsection.6.1.2}{\376\377\0001\000.\0002\000\040\000T\000h\000e\000\040\000A\000u\000t\000o\000m\000a\000t\000e\000d\000\040\000G\000o\000v\000e\000r\000n\000a\000n\000c\000e\000\040\000V\000i\000s\000i\000o\000n}{subsection.6.1}% 37
\BOOKMARK [3][-]{subsubsection.6.1.3}{\376\377\0001\000.\0003\000\040\000P\000a\000p\000e\000r\000\040\000C\000o\000n\000t\000r\000i\000b\000u\000t\000i\000o\000n\000s}{subsection.6.1}% 38
\BOOKMARK [2][-]{subsection.6.2}{\376\377\0002\000.\000\040\000P\000o\000l\000i\000c\000y\000-\000a\000s\000-\000C\000o\000d\000e\000\040\000P\000i\000p\000e\000l\000i\000n\000e}{section.6}% 39
\BOOKMARK [3][-]{subsubsection.6.2.1}{\376\377\0002\000.\0001\000\040\000P\000o\000l\000i\000c\000y\000\040\000L\000i\000f\000e\000c\000y\000c\000l\000e}{subsection.6.2}% 40
\BOOKMARK [3][-]{subsubsection.6.2.2}{\376\377\0002\000.\0002\000\040\000P\000o\000l\000i\000c\000y\000\040\000C\000a\000t\000e\000g\000o\000r\000i\000e\000s}{subsection.6.2}% 41
\BOOKMARK [3][-]{subsubsection.6.2.3}{\376\377\0002\000.\0003\000\040\000R\000e\000g\000o\000\040\000P\000o\000l\000i\000c\000y\000\040\000L\000a\000n\000g\000u\000a\000g\000e}{subsection.6.2}% 42
\BOOKMARK [3][-]{subsubsection.6.2.4}{\376\377\0002\000.\0004\000\040\000P\000o\000l\000i\000c\000y\000\040\000T\000e\000s\000t\000i\000n\000g}{subsection.6.2}% 43
\BOOKMARK [3][-]{subsubsection.6.2.5}{\376\377\0002\000.\0005\000\040\000P\000o\000l\000i\000c\000y\000\040\000D\000i\000s\000t\000r\000i\000b\000u\000t\000i\000o\000n}{subsection.6.2}% 44
\BOOKMARK [1][-]{section.7}{\376\377\000S\000i\000g\000n\000\040\000b\000u\000n\000d\000l\000e}{}% 45
\BOOKMARK [1][-]{section.8}{\376\377\000U\000p\000l\000o\000a\000d\000\040\000t\000o\000\040\000r\000e\000g\000i\000s\000t\000r\000y}{}% 46
\BOOKMARK [2][-]{subsection.8.1}{\376\377\0003\000.\000\040\000M\000u\000l\000t\000i\000-\000C\000l\000o\000u\000d\000\040\000I\000d\000e\000n\000t\000i\000t\000y\000\040\000F\000e\000d\000e\000r\000a\000t\000i\000o\000n}{section.8}% 47
\BOOKMARK [3][-]{subsubsection.8.1.1}{\376\377\0003\000.\0001\000\040\000T\000h\000e\000\040\000C\000r\000e\000d\000e\000n\000t\000i\000a\000l\000\040\000P\000r\000o\000b\000l\000e\000m}{subsection.8.1}% 48
\BOOKMARK [3][-]{subsubsection.8.1.2}{\376\377\0003\000.\0002\000\040\000F\000e\000d\000e\000r\000a\000t\000e\000d\000\040\000I\000d\000e\000n\000t\000i\000t\000y\000\040\000A\000r\000c\000h\000i\000t\000e\000c\000t\000u\000r\000e}{subsection.8.1}% 49
\BOOKMARK [3][-]{subsubsection.8.1.3}{\376\377\0003\000.\0003\000\040\000I\000m\000p\000l\000e\000m\000e\000n\000t\000a\000t\000i\000o\000n\000\040\000D\000e\000t\000a\000i\000l\000s}{subsection.8.1}% 50
\BOOKMARK [1][-]{section.9}{\376\377\000C\000r\000e\000a\000t\000e\000\040\000I\000A\000M\000\040\000r\000o\000l\000e\000\040\000w\000i\000t\000h\000\040\000t\000r\000u\000s\000t\000\040\000p\000o\000l\000i\000c\000y}{}% 51
\BOOKMARK [1][-]{section.10}{\376\377\000C\000r\000e\000a\000t\000e\000\040\000O\000I\000D\000C\000\040\000p\000r\000o\000v\000i\000d\000e\000r}{}% 52
\BOOKMARK [2][-]{subsubsection.10.0.1}{\376\377\0003\000.\0004\000\040\000T\000o\000k\000e\000n\000\040\000E\000x\000c\000h\000a\000n\000g\000e\000\040\000F\000l\000o\000w}{section.10}% 53
\BOOKMARK [2][-]{subsection.10.1}{\376\377\0004\000.\000\040\000G\000i\000t\000O\000p\000s\000:\000\040\000T\000h\000e\000\040\000S\000i\000n\000g\000l\000e\000\040\000S\000o\000u\000r\000c\000e\000\040\000o\000f\000\040\000T\000r\000u\000t\000h}{section.10}% 54
\BOOKMARK [3][-]{subsubsection.10.1.1}{\376\377\0004\000.\0001\000\040\000T\000h\000e\000\040\000C\000o\000n\000f\000i\000g\000u\000r\000a\000t\000i\000o\000n\000\040\000D\000r\000i\000f\000t\000\040\000P\000r\000o\000b\000l\000e\000m}{subsection.10.1}% 55
\BOOKMARK [3][-]{subsubsection.10.1.2}{\376\377\0004\000.\0002\000\040\000G\000i\000t\000O\000p\000s\000\040\000R\000e\000c\000o\000n\000c\000i\000l\000i\000a\000t\000i\000o\000n}{subsection.10.1}% 56
\BOOKMARK [3][-]{subsubsection.10.1.3}{\376\377\0004\000.\0003\000\040\000A\000r\000g\000o\000C\000D\000\040\000I\000m\000p\000l\000e\000m\000e\000n\000t\000a\000t\000i\000o\000n}{subsection.10.1}% 57
\BOOKMARK [3][-]{subsubsection.10.1.4}{\376\377\0004\000.\0004\000\040\000D\000r\000i\000f\000t\000\040\000D\000e\000t\000e\000c\000t\000i\000o\000n}{subsection.10.1}% 58
\BOOKMARK [1][-]{section.11}{\376\377\000T\000i\000m\000e\000\040\000t\000o\000\040\000r\000e\000c\000o\000n\000c\000i\000l\000i\000a\000t\000i\000o\000n}{}% 59
\BOOKMARK [2][-]{subsection.11.1}{\376\377\0005\000.\000\040\000D\000e\000f\000e\000n\000s\000e\000-\000i\000n\000-\000D\000e\000p\000t\000h\000\040\000E\000n\000f\000o\000r\000c\000e\000m\000e\000n\000t}{section.11}% 60
\BOOKMARK [3][-]{subsubsection.11.1.1}{\376\377\0005\000.\0001\000\040\000F\000o\000u\000r\000-\000L\000a\000y\000e\000r\000\040\000M\000o\000d\000e\000l}{subsection.11.1}% 61
\BOOKMARK [3][-]{subsubsection.11.1.2}{\376\377\0005\000.\0002\000\040\000L\000a\000y\000e\000r\000\040\0001\000:\000\040\000C\000o\000d\000e\000\040\000\050\000S\000h\000i\000f\000t\000-\000L\000e\000f\000t\000\051}{subsection.11.1}% 62
\BOOKMARK [1][-]{section.12}{\376\377\000L\000i\000n\000t\000\040\000K\000u\000b\000e\000r\000n\000e\000t\000e\000s\000\040\000m\000a\000n\000i\000f\000e\000s\000t\000s}{}% 63
