This is pdfTeX, Version 3.141592653-2.6-1.40.28 (TeX Live 2025) (preloaded format=pdflatex 2026.1.13)  15 JAN 2026 15:18
entering extended mode
 restricted \write18 enabled.
 %&-line parsing enabled.
**main.tex
(./main.tex
LaTeX2e <2025-11-01>
L3 programming layer <2025-12-29>
(c:/texlive/2025/texmf-dist/tex/latex/ieeetran/IEEEtran.cls
Document Class: IEEEtran 2015/08/26 V1.8b by Michael Shell
-- See the "IEEEtran_HOWTO" manual for usage information.
-- http://www.michaelshell.org/tex/ieeetran/
\@IEEEtrantmpdimenA=\dimen148
\@IEEEtrantmpdimenB=\dimen149
\@IEEEtrantmpdimenC=\dimen150
\@IEEEtrantmpcountA=\count275
\@IEEEtrantmpcountB=\count276
\@IEEEtrantmpcountC=\count277
\@IEEEtrantmptoksA=\toks17
LaTeX Font Info:    Trying to load font information for OT1+ptm on input line 5
03.
(c:/texlive/2025/texmf-dist/tex/latex/psnfss/ot1ptm.fd
File: ot1ptm.fd 2001/06/04 font definitions for OT1/ptm.
)
-- Using 8.5in x 11in (letter) paper.
-- Using PDF output.
\@IEEEnormalsizeunitybaselineskip=\dimen151
-- This is a 10 point document.
LaTeX Encoding Info:    Redeclaring text command \textunderscore (encoding ?) o
n input line 937.
\CLASSINFOnormalsizebaselineskip=\dimen152
\CLASSINFOnormalsizeunitybaselineskip=\dimen153
\IEEEnormaljot=\dimen154
LaTeX Font Info:    Font shape `OT1/ptm/bx/n' in size <5> not available
(Font)              Font shape `OT1/ptm/b/n' tried instead on input line 1090.
LaTeX Font Info:    Font shape `OT1/ptm/bx/it' in size <5> not available
(Font)              Font shape `OT1/ptm/b/it' tried instead on input line 1090.

LaTeX Font Info:    Font shape `OT1/ptm/bx/n' in size <7> not available
(Font)              Font shape `OT1/ptm/b/n' tried instead on input line 1090.
LaTeX Font Info:    Font shape `OT1/ptm/bx/it' in size <7> not available
(Font)              Font shape `OT1/ptm/b/it' tried instead on input line 1090.

LaTeX Font Info:    Font shape `OT1/ptm/bx/n' in size <8> not available
(Font)              Font shape `OT1/ptm/b/n' tried instead on input line 1090.
LaTeX Font Info:    Font shape `OT1/ptm/bx/it' in size <8> not available
(Font)              Font shape `OT1/ptm/b/it' tried instead on input line 1090.

LaTeX Font Info:    Font shape `OT1/ptm/bx/n' in size <9> not available
(Font)              Font shape `OT1/ptm/b/n' tried instead on input line 1090.
LaTeX Font Info:    Font shape `OT1/ptm/bx/it' in size <9> not available
(Font)              Font shape `OT1/ptm/b/it' tried instead on input line 1090.

LaTeX Font Info:    Font shape `OT1/ptm/bx/n' in size <10> not available
(Font)              Font shape `OT1/ptm/b/n' tried instead on input line 1090.
LaTeX Font Info:    Font shape `OT1/ptm/bx/it' in size <10> not available
(Font)              Font shape `OT1/ptm/b/it' tried instead on input line 1090.

LaTeX Font Info:    Font shape `OT1/ptm/bx/n' in size <11> not available
(Font)              Font shape `OT1/ptm/b/n' tried instead on input line 1090.
LaTeX Font Info:    Font shape `OT1/ptm/bx/it' in size <11> not available
(Font)              Font shape `OT1/ptm/b/it' tried instead on input line 1090.

LaTeX Font Info:    Font shape `OT1/ptm/bx/n' in size <12> not available
(Font)              Font shape `OT1/ptm/b/n' tried instead on input line 1090.
LaTeX Font Info:    Font shape `OT1/ptm/bx/it' in size <12> not available
(Font)              Font shape `OT1/ptm/b/it' tried instead on input line 1090.

LaTeX Font Info:    Font shape `OT1/ptm/bx/n' in size <17> not available
(Font)              Font shape `OT1/ptm/b/n' tried instead on input line 1090.
LaTeX Font Info:    Font shape `OT1/ptm/bx/it' in size <17> not available
(Font)              Font shape `OT1/ptm/b/it' tried instead on input line 1090.

LaTeX Font Info:    Font shape `OT1/ptm/bx/n' in size <20> not available
(Font)              Font shape `OT1/ptm/b/n' tried instead on input line 1090.
LaTeX Font Info:    Font shape `OT1/ptm/bx/it' in size <20> not available
(Font)              Font shape `OT1/ptm/b/it' tried instead on input line 1090.

LaTeX Font Info:    Font shape `OT1/ptm/bx/n' in size <24> not available
(Font)              Font shape `OT1/ptm/b/n' tried instead on input line 1090.
LaTeX Font Info:    Font shape `OT1/ptm/bx/it' in size <24> not available
(Font)              Font shape `OT1/ptm/b/it' tried instead on input line 1090.

\IEEEquantizedlength=\dimen155
\IEEEquantizedlengthdiff=\dimen156
\IEEEquantizedtextheightdiff=\dimen157
\IEEEilabelindentA=\dimen158
\IEEEilabelindentB=\dimen159
\IEEEilabelindent=\dimen160
\IEEEelabelindent=\dimen161
\IEEEdlabelindent=\dimen162
\IEEElabelindent=\dimen163
\IEEEiednormlabelsep=\dimen164
\IEEEiedmathlabelsep=\dimen165
\IEEEiedtopsep=\skip49
\c@section=\count278
\c@subsection=\count279
\c@subsubsection=\count280
\c@paragraph=\count281
\c@IEEEsubequation=\count282
\abovecaptionskip=\skip50
\belowcaptionskip=\skip51
\c@figure=\count283
\c@table=\count284
\@IEEEeqnnumcols=\count285
\@IEEEeqncolcnt=\count286
\@IEEEsubeqnnumrollback=\count287
\@IEEEquantizeheightA=\dimen166
\@IEEEquantizeheightB=\dimen167
\@IEEEquantizeheightC=\dimen168
\@IEEEquantizeprevdepth=\dimen169
\@IEEEquantizemultiple=\count288
\@IEEEquantizeboxA=\box53
\@IEEEtmpitemindent=\dimen170
\IEEEPARstartletwidth=\dimen171
\c@IEEEbiography=\count289
\@IEEEtranrubishbin=\box54
) (c:/texlive/2025/texmf-dist/tex/latex/graphics/graphicx.sty
Package: graphicx 2024/12/31 v1.2e Enhanced LaTeX Graphics (DPC,SPQR)

(c:/texlive/2025/texmf-dist/tex/latex/graphics/keyval.sty
Package: keyval 2022/05/29 v1.15 key=value parser (DPC)
\KV@toks@=\toks18
)
(c:/texlive/2025/texmf-dist/tex/latex/graphics/graphics.sty
Package: graphics 2024/08/06 v1.4g Standard LaTeX Graphics (DPC,SPQR)

(c:/texlive/2025/texmf-dist/tex/latex/graphics/trig.sty
Package: trig 2023/12/02 v1.11 sin cos tan (DPC)
)
(c:/texlive/2025/texmf-dist/tex/latex/graphics-cfg/graphics.cfg
File: graphics.cfg 2016/06/04 v1.11 sample graphics configuration
)
Package graphics Info: Driver file: pdftex.def on input line 106.

(c:/texlive/2025/texmf-dist/tex/latex/graphics-def/pdftex.def
File: pdftex.def 2025/09/29 v1.2d Graphics/color driver for pdftex
))
\Gin@req@height=\dimen172
\Gin@req@width=\dimen173
)
(c:/texlive/2025/texmf-dist/tex/latex/amsmath/amsmath.sty
Package: amsmath 2025/07/09 v2.17z AMS math features
\@mathmargin=\skip52

For additional information on amsmath, use the `?' option.
(c:/texlive/2025/texmf-dist/tex/latex/amsmath/amstext.sty
Package: amstext 2024/11/17 v2.01 AMS text

(c:/texlive/2025/texmf-dist/tex/latex/amsmath/amsgen.sty
File: amsgen.sty 1999/11/30 v2.0 generic functions
\@emptytoks=\toks19
\ex@=\dimen174
))
(c:/texlive/2025/texmf-dist/tex/latex/amsmath/amsbsy.sty
Package: amsbsy 1999/11/29 v1.2d Bold Symbols
\pmbraise@=\dimen175
)
(c:/texlive/2025/texmf-dist/tex/latex/amsmath/amsopn.sty
Package: amsopn 2022/04/08 v2.04 operator names
)
\inf@bad=\count290
LaTeX Info: Redefining \frac on input line 233.
\uproot@=\count291
\leftroot@=\count292
LaTeX Info: Redefining \overline on input line 398.
LaTeX Info: Redefining \colon on input line 409.
\classnum@=\count293
\DOTSCASE@=\count294
LaTeX Info: Redefining \ldots on input line 495.
LaTeX Info: Redefining \dots on input line 498.
LaTeX Info: Redefining \cdots on input line 619.
\Mathstrutbox@=\box55
\strutbox@=\box56
LaTeX Info: Redefining \big on input line 721.
LaTeX Info: Redefining \Big on input line 722.
LaTeX Info: Redefining \bigg on input line 723.
LaTeX Info: Redefining \Bigg on input line 724.
\big@size=\dimen176
LaTeX Font Info:    Redeclaring font encoding OML on input line 742.
LaTeX Font Info:    Redeclaring font encoding OMS on input line 743.
\macc@depth=\count295
LaTeX Info: Redefining \bmod on input line 904.
LaTeX Info: Redefining \pmod on input line 909.
LaTeX Info: Redefining \smash on input line 939.
LaTeX Info: Redefining \relbar on input line 969.
LaTeX Info: Redefining \Relbar on input line 970.
\c@MaxMatrixCols=\count296
\dotsspace@=\muskip17
\c@parentequation=\count297
\dspbrk@lvl=\count298
\tag@help=\toks20
\row@=\count299
\column@=\count300
\maxfields@=\count301
\andhelp@=\toks21
\eqnshift@=\dimen177
\alignsep@=\dimen178
\tagshift@=\dimen179
\tagwidth@=\dimen180
\totwidth@=\dimen181
\lineht@=\dimen182
\@envbody=\toks22
\multlinegap=\skip53
\multlinetaggap=\skip54
\mathdisplay@stack=\toks23
LaTeX Info: Redefining \[ on input line 2950.
LaTeX Info: Redefining \] on input line 2951.
)
(c:/texlive/2025/texmf-dist/tex/latex/booktabs/booktabs.sty
Package: booktabs 2020/01/12 v1.61803398 Publication quality tables
\heavyrulewidth=\dimen183
\lightrulewidth=\dimen184
\cmidrulewidth=\dimen185
\belowrulesep=\dimen186
\belowbottomsep=\dimen187
\aboverulesep=\dimen188
\abovetopsep=\dimen189
\cmidrulesep=\dimen190
\cmidrulekern=\dimen191
\defaultaddspace=\dimen192
\@cmidla=\count302
\@cmidlb=\count303
\@aboverulesep=\dimen193
\@belowrulesep=\dimen194
\@thisruleclass=\count304
\@lastruleclass=\count305
\@thisrulewidth=\dimen195
)
(c:/texlive/2025/texmf-dist/tex/latex/hyperref/hyperref.sty
Package: hyperref 2025-07-12 v7.01o Hypertext links for LaTeX

(c:/texlive/2025/texmf-dist/tex/generic/iftex/iftex.sty
Package: iftex 2024/12/12 v1.0g TeX engine tests
)
(c:/texlive/2025/texmf-dist/tex/latex/kvsetkeys/kvsetkeys.sty
Package: kvsetkeys 2022-10-05 v1.19 Key value parser (HO)
)
(c:/texlive/2025/texmf-dist/tex/generic/kvdefinekeys/kvdefinekeys.sty
Package: kvdefinekeys 2019-12-19 v1.6 Define keys (HO)
)
(c:/texlive/2025/texmf-dist/tex/generic/pdfescape/pdfescape.sty
Package: pdfescape 2019/12/09 v1.15 Implements pdfTeX's escape features (HO)

(c:/texlive/2025/texmf-dist/tex/generic/ltxcmds/ltxcmds.sty
Package: ltxcmds 2023-12-04 v1.26 LaTeX kernel commands for general use (HO)
)
(c:/texlive/2025/texmf-dist/tex/generic/pdftexcmds/pdftexcmds.sty
Package: pdftexcmds 2020-06-27 v0.33 Utility functions of pdfTeX for LuaTeX (HO
)

(c:/texlive/2025/texmf-dist/tex/generic/infwarerr/infwarerr.sty
Package: infwarerr 2019/12/03 v1.5 Providing info/warning/error messages (HO)
)
Package pdftexcmds Info: \pdf@primitive is available.
Package pdftexcmds Info: \pdf@ifprimitive is available.
Package pdftexcmds Info: \pdfdraftmode found.
))
(c:/texlive/2025/texmf-dist/tex/latex/hycolor/hycolor.sty
Package: hycolor 2020-01-27 v1.10 Color options for hyperref/bookmark (HO)
)
(c:/texlive/2025/texmf-dist/tex/latex/hyperref/nameref.sty
Package: nameref 2025-06-21 v2.57 Cross-referencing by name of section

(c:/texlive/2025/texmf-dist/tex/latex/refcount/refcount.sty
Package: refcount 2019/12/15 v3.6 Data extraction from label references (HO)
)
(c:/texlive/2025/texmf-dist/tex/generic/gettitlestring/gettitlestring.sty
Package: gettitlestring 2019/12/15 v1.6 Cleanup title references (HO)

(c:/texlive/2025/texmf-dist/tex/latex/kvoptions/kvoptions.sty
Package: kvoptions 2022-06-15 v3.15 Key value format for package options (HO)
))
\c@section@level=\count306
)
(c:/texlive/2025/texmf-dist/tex/latex/etoolbox/etoolbox.sty
Package: etoolbox 2025/10/02 v2.5m e-TeX tools for LaTeX (JAW)
\etb@tempcnta=\count307
)
(c:/texlive/2025/texmf-dist/tex/generic/stringenc/stringenc.sty
Package: stringenc 2019/11/29 v1.12 Convert strings between diff. encodings (HO
)
)
\@linkdim=\dimen196
\Hy@linkcounter=\count308
\Hy@pagecounter=\count309

(c:/texlive/2025/texmf-dist/tex/latex/hyperref/pd1enc.def
File: pd1enc.def 2025-07-12 v7.01o Hyperref: PDFDocEncoding definition (HO)
Now handling font encoding PD1 ...
... no UTF-8 mapping file for font encoding PD1
)
(c:/texlive/2025/texmf-dist/tex/generic/intcalc/intcalc.sty
Package: intcalc 2019/12/15 v1.3 Expandable calculations with integers (HO)
)
\Hy@SavedSpaceFactor=\count310

(c:/texlive/2025/texmf-dist/tex/latex/hyperref/puenc.def
File: puenc.def 2025-07-12 v7.01o Hyperref: PDF Unicode definition (HO)
Now handling font encoding PU ...
... no UTF-8 mapping file for font encoding PU
)
Package hyperref Info: Hyper figures OFF on input line 4195.
Package hyperref Info: Link nesting OFF on input line 4200.
Package hyperref Info: Hyper index ON on input line 4203.
Package hyperref Info: Plain pages OFF on input line 4210.
Package hyperref Info: Backreferencing OFF on input line 4215.
Package hyperref Info: Implicit mode ON; LaTeX internals redefined.
Package hyperref Info: Bookmarks ON on input line 4462.
\c@Hy@tempcnt=\count311

(c:/texlive/2025/texmf-dist/tex/latex/url/url.sty
\Urlmuskip=\muskip18
Package: url 2013/09/16  ver 3.4  Verb mode for urls, etc.
)
LaTeX Info: Redefining \url on input line 4801.
\XeTeXLinkMargin=\dimen197

(c:/texlive/2025/texmf-dist/tex/generic/bitset/bitset.sty
Package: bitset 2019/12/09 v1.3 Handle bit-vector datatype (HO)

(c:/texlive/2025/texmf-dist/tex/generic/bigintcalc/bigintcalc.sty
Package: bigintcalc 2019/12/15 v1.5 Expandable calculations on big integers (HO
)
))
\Fld@menulength=\count312
\Field@Width=\dimen198
\Fld@charsize=\dimen199
Package hyperref Info: Hyper figures OFF on input line 6078.
Package hyperref Info: Link nesting OFF on input line 6083.
Package hyperref Info: Hyper index ON on input line 6086.
Package hyperref Info: backreferencing OFF on input line 6093.
Package hyperref Info: Link coloring OFF on input line 6098.
Package hyperref Info: Link coloring with OCG OFF on input line 6103.
Package hyperref Info: PDF/A mode OFF on input line 6108.
\Hy@abspage=\count313
\c@Item=\count314
\c@Hfootnote=\count315
)
Package hyperref Info: Driver (autodetected): hpdftex.

(c:/texlive/2025/texmf-dist/tex/latex/hyperref/hpdftex.def
File: hpdftex.def 2025-07-12 v7.01o Hyperref driver for pdfTeX
\Fld@listcount=\count316
\c@bookmark@seq@number=\count317

(c:/texlive/2025/texmf-dist/tex/latex/rerunfilecheck/rerunfilecheck.sty
Package: rerunfilecheck 2025-06-21 v1.11 Rerun checks for auxiliary files (HO)

(c:/texlive/2025/texmf-dist/tex/generic/uniquecounter/uniquecounter.sty
Package: uniquecounter 2019/12/15 v1.4 Provide unlimited unique counter (HO)
)
Package uniquecounter Info: New unique counter `rerunfilecheck' on input line 2
84.
)
\Hy@SectionHShift=\skip55
)
(c:/texlive/2025/texmf-dist/tex/latex/xcolor/xcolor.sty
Package: xcolor 2024/09/29 v3.02 LaTeX color extensions (UK)

(c:/texlive/2025/texmf-dist/tex/latex/graphics-cfg/color.cfg
File: color.cfg 2016/01/02 v1.6 sample color configuration
)
Package xcolor Info: Driver file: pdftex.def on input line 274.

(c:/texlive/2025/texmf-dist/tex/latex/graphics/mathcolor.ltx)
Package xcolor Info: Model `cmy' substituted by `cmy0' on input line 1349.
Package xcolor Info: Model `hsb' substituted by `rgb' on input line 1353.
Package xcolor Info: Model `RGB' extended on input line 1365.
Package xcolor Info: Model `HTML' substituted by `rgb' on input line 1367.
Package xcolor Info: Model `Hsb' substituted by `hsb' on input line 1368.
Package xcolor Info: Model `tHsb' substituted by `hsb' on input line 1369.
Package xcolor Info: Model `HSB' substituted by `hsb' on input line 1370.
Package xcolor Info: Model `Gray' substituted by `gray' on input line 1371.
Package xcolor Info: Model `wave' substituted by `hsb' on input line 1372.
)
(c:/texlive/2025/texmf-dist/tex/latex/svg/svg.sty
Package: svg 2020/11/26 v2.02k (include SVG pictures)

(c:/texlive/2025/texmf-dist/tex/latex/koma-script/scrbase.sty
Package: scrbase 2025/12/01 v3.49 KOMA-Script package (KOMA-Script-independent 
basics and keyval usage)

(c:/texlive/2025/texmf-dist/tex/latex/koma-script/scrlfile.sty
Package: scrlfile 2025/12/01 v3.49 KOMA-Script package (file load hooks)

(c:/texlive/2025/texmf-dist/tex/latex/koma-script/scrlfile-hook.sty
Package: scrlfile-hook 2025/12/01 v3.49 KOMA-Script package (using LaTeX hooks)


(c:/texlive/2025/texmf-dist/tex/latex/koma-script/scrlogo.sty
Package: scrlogo 2025/12/01 v3.49 KOMA-Script package (logo)
)))
Applying: [2021/05/01] Usage of raw or classic option list on input line 254.
Already applied: [0000/00/00] Usage of raw or classic option list on input line
 370.
)
(c:/texlive/2025/texmf-dist/tex/latex/trimspaces/trimspaces.sty
Package: trimspaces 2009/09/17 v1.1 Trim spaces around a token list
)
(c:/texlive/2025/texmf-dist/tex/latex/tools/shellesc.sty
Package: shellesc 2023/07/08 v1.0d unified shell escape interface for LaTeX
Package shellesc Info: Restricted shell escape enabled on input line 77.
)
\c@svg@param@lastpage=\count318
\svg@box=\box57
\c@svg@param@currpage=\count319
)
(c:/texlive/2025/texmf-dist/tex/latex/transparent/transparent.sty
Package: transparent 2025-06-23 v1.6 Transparency with color stacks

(c:/texlive/2025/texmf-dist/tex/latex/transparent/transparent-nometadata.sty
Package: transparent-nometadata 2025-06-23 v1.6 Transparency via pdfTeX's color
 stack (HO)

(c:/texlive/2025/texmf-dist/tex/latex/auxhook/auxhook.sty
Package: auxhook 2019-12-17 v1.6 Hooks for auxiliary files (HO)
)))
(c:/texlive/2025/texmf-dist/tex/latex/pgf/systemlayer/pgfsys.sty
(c:/texlive/2025/texmf-dist/tex/latex/pgf/utilities/pgfrcs.sty
(c:/texlive/2025/texmf-dist/tex/generic/pgf/utilities/pgfutil-common.tex
\pgfutil@everybye=\toks24
\pgfutil@tempdima=\dimen256
\pgfutil@tempdimb=\dimen257
)
(c:/texlive/2025/texmf-dist/tex/generic/pgf/utilities/pgfutil-latex.def
\pgfutil@abb=\box58
)
(c:/texlive/2025/texmf-dist/tex/generic/pgf/utilities/pgfrcs.code.tex
(c:/texlive/2025/texmf-dist/tex/generic/pgf/pgf.revision.tex)
Package: pgfrcs 2025-08-29 v3.1.11a (3.1.11a)
))
(c:/texlive/2025/texmf-dist/tex/generic/pgf/systemlayer/pgfsys.code.tex
Package: pgfsys 2025-08-29 v3.1.11a (3.1.11a)

(c:/texlive/2025/texmf-dist/tex/generic/pgf/utilities/pgfkeys.code.tex
\pgfkeys@pathtoks=\toks25
\pgfkeys@temptoks=\toks26

(c:/texlive/2025/texmf-dist/tex/generic/pgf/utilities/pgfkeyslibraryfiltered.co
de.tex
\pgfkeys@tmptoks=\toks27
))
\pgf@x=\dimen258
\pgf@y=\dimen259
\pgf@xa=\dimen260
\pgf@ya=\dimen261
\pgf@xb=\dimen262
\pgf@yb=\dimen263
\pgf@xc=\dimen264
\pgf@yc=\dimen265
\pgf@xd=\dimen266
\pgf@yd=\dimen267
\w@pgf@writea=\write3
\r@pgf@reada=\read2
\c@pgf@counta=\count320
\c@pgf@countb=\count321
\c@pgf@countc=\count322
\c@pgf@countd=\count323
\t@pgf@toka=\toks28
\t@pgf@tokb=\toks29
\t@pgf@tokc=\toks30
\pgf@sys@id@count=\count324
 (c:/texlive/2025/texmf-dist/tex/generic/pgf/systemlayer/pgf.cfg
File: pgf.cfg 2025-08-29 v3.1.11a (3.1.11a)
)
Driver file for pgf: pgfsys-pdftex.def

(c:/texlive/2025/texmf-dist/tex/generic/pgf/systemlayer/pgfsys-pdftex.def
File: pgfsys-pdftex.def 2025-08-29 v3.1.11a (3.1.11a)

(c:/texlive/2025/texmf-dist/tex/generic/pgf/systemlayer/pgfsys-common-pdf.def
File: pgfsys-common-pdf.def 2025-08-29 v3.1.11a (3.1.11a)
)))
(c:/texlive/2025/texmf-dist/tex/generic/pgf/systemlayer/pgfsyssoftpath.code.tex
File: pgfsyssoftpath.code.tex 2025-08-29 v3.1.11a (3.1.11a)
\pgfsyssoftpath@smallbuffer@items=\count325
\pgfsyssoftpath@bigbuffer@items=\count326
)
(c:/texlive/2025/texmf-dist/tex/generic/pgf/systemlayer/pgfsysprotocol.code.tex
File: pgfsysprotocol.code.tex 2025-08-29 v3.1.11a (3.1.11a)
)) (c:/texlive/2025/texmf-dist/tex/latex/l3backend/l3backend-pdftex.def
File: l3backend-pdftex.def 2025-10-09 L3 backend support: PDF output (pdfTeX)
\l__color_backend_stack_int=\count327
)
No file main.aux.
\openout1 = `main.aux'.

LaTeX Font Info:    Checking defaults for OML/cmm/m/it on input line 8.
LaTeX Font Info:    ... okay on input line 8.
LaTeX Font Info:    Checking defaults for OMS/cmsy/m/n on input line 8.
LaTeX Font Info:    ... okay on input line 8.
LaTeX Font Info:    Checking defaults for OT1/cmr/m/n on input line 8.
LaTeX Font Info:    ... okay on input line 8.
LaTeX Font Info:    Checking defaults for T1/cmr/m/n on input line 8.
LaTeX Font Info:    ... okay on input line 8.
LaTeX Font Info:    Checking defaults for TS1/cmr/m/n on input line 8.
LaTeX Font Info:    ... okay on input line 8.
LaTeX Font Info:    Checking defaults for OMX/cmex/m/n on input line 8.
LaTeX Font Info:    ... okay on input line 8.
LaTeX Font Info:    Checking defaults for U/cmr/m/n on input line 8.
LaTeX Font Info:    ... okay on input line 8.
LaTeX Font Info:    Checking defaults for PD1/pdf/m/n on input line 8.
LaTeX Font Info:    ... okay on input line 8.
LaTeX Font Info:    Checking defaults for PU/pdf/m/n on input line 8.
LaTeX Font Info:    ... okay on input line 8.
-- Lines per column: 56 (exact).
(c:/texlive/2025/texmf-dist/tex/context/base/mkii/supp-pdf.mkii
[Loading MPS to PDF converter (version 2006.09.02).]
\scratchcounter=\count328
\scratchdimen=\dimen268
\scratchbox=\box59
\nofMPsegments=\count329
\nofMParguments=\count330
\everyMPshowfont=\toks31
\MPscratchCnt=\count331
\MPscratchDim=\dimen269
\MPnumerator=\count332
\makeMPintoPDFobject=\count333
\everyMPtoPDFconversion=\toks32
) (c:/texlive/2025/texmf-dist/tex/latex/epstopdf-pkg/epstopdf-base.sty
Package: epstopdf-base 2020-01-24 v2.11 Base part for package epstopdf
Package epstopdf-base Info: Redefining graphics rule for `.eps' on input line 4
85.

(c:/texlive/2025/texmf-dist/tex/latex/latexconfig/epstopdf-sys.cfg
File: epstopdf-sys.cfg 2010/07/13 v1.3 Configuration of (r)epstopdf for TeX Liv
e
))
Package hyperref Info: Link coloring OFF on input line 8.
\@outlinefile=\write4
\openout4 = `main.out'.


(../../manuscript/content.tex

LaTeX Warning: Command \textemdash invalid in math mode on input line 5.


LaTeX Warning: Command \textemdash invalid in math mode on input line 5.

! Missing $ inserted.
<inserted text> 
                $
l.6 
    
I've inserted a begin-math/end-math symbol since I think
you left one out. Proceed, with fingers crossed.


Underfull \hbox (badness 2088) in paragraph at lines 5--6
\OT1/ptm/m/n/10 The board ap-proves a "cloud trans-for-ma-tion" ini-tia-tive.
 []


Underfull \hbox (badness 2368) in paragraph at lines 5--6
\OT1/ptm/m/n/10 En-gi-neer-ing spends 18 months build-ing a new sys-tem
 []


Underfull \hbox (badness 7504) in paragraph at lines 5--6
\OT1/ptm/m/n/10 crashes un-der pro-duc-tion load, miss-ing crit-i-cal edge
 []


Overfull \hbox (359.70255pt too wide) in paragraph at lines 5--6
\OT1/cmr/m/n/10 5\OML/cmm/m/it/10 Mspent; zerovaluedelivered:Thispattern\OMS/cm
sy/m/n/10 j\OML/cmm/m/it/10 the\OT1/cmr/m/n/10 "\OML/cmm/m/it/10 BigBang\OT1/cm
r/m/n/10 "\OML/cmm/m/it/10 rewrite\OMS/cmsy/m/n/10 j\OML/cmm/m/it/10 failsin\OT
1/cmr/m/n/10 70%\OML/cmm/m/it/10 ofattempts:Thefailureisn[]texecution:It[]sthea
pproachitself \OT1/cmr/m/n/10 :
 []


Overfull \hbox (480.4188pt too wide) in paragraph at lines 5--6
\OML/cmm/m/it/10 attemptingtoreplaceaworkingsystem\OT1/cmr/m/n/10 (\OML/cmm/m/i
t/10 howeverimperfect\OT1/cmr/m/n/10 )\OML/cmm/m/it/10 withanunprovensystemwhil
emaintaining\OT1/cmr/m/n/10 99\OML/cmm/m/it/10 :\OT1/cmr/m/n/10 9%\OML/cmm/m/it
/10 uptimeandzerofeatureregressionisarchitecturallyunsound:$ 
 []

<../../figures/fig-1.pdf, id=7, 614.295pt x 794.97pt>
File: ../../figures/fig-1.pdf Graphic file (type pdf)
<use ../../figures/fig-1.pdf>
Package pdftex.def Info: ../../figures/fig-1.pdf  used on input line 15.
(pdftex.def)             Requested size: 201.60077pt x 260.89742pt.
[1{c:/texlive/2025/texmf-var/fonts/map/pdftex/updmap/pdftex.map}{c:/texlive/202
5/texmf-dist/fonts/enc/dvips/base/8r.enc}


 <../../figures/fig-1.pdf>]
Runaway argument?
{ for transforming a Legacy system into an A1-compliant system govern\ETC.
! Paragraph ended before \text@command was complete.
<to be read again> 
                   \par 
l.578 ...we employ. We specifically focus on the }
                                                  transitional\textit{ archi...
I suspect you've forgotten a `}', causing me to apply this
control sequence to too much text. How can we recover?
My plan is to forget the whole thing and hope for the best.


Underfull \hbox (badness 10000) in paragraph at lines 578--578
\OT1/ptm/m/n/10 Average cost be-fore aban-don-ment:
 []

[2]
Underfull \hbox (badness 10000) in paragraph at lines 578--578
[]\OT1/ptm/b/n/10 C4: Shadow Traf-fic Val-i-da-tion \OT1/ptm/m/n/10 We demon-st
rate
 []

<../../figures/fig-2.pdf, id=49, 614.295pt x 794.97pt>
File: ../../figures/fig-2.pdf Graphic file (type pdf)
<use ../../figures/fig-2.pdf>
Package pdftex.def Info: ../../figures/fig-2.pdf  used on input line 578.
(pdftex.def)             Requested size: 201.60077pt x 260.89742pt.

Underfull \hbox (badness 10000) in paragraph at lines 578--578
[]\OT1/ptm/b/n/10 Percentage-Based Rout-ing (En-voy):
 []

<../../figures/fig-3.pdf, id=50, 614.295pt x 794.97pt>
File: ../../figures/fig-3.pdf Graphic file (type pdf)
<use ../../figures/fig-3.pdf>
Package pdftex.def Info: ../../figures/fig-3.pdf  used on input line 578.
(pdftex.def)             Requested size: 201.60077pt x 260.89742pt.
[3 <../../figures/fig-2.pdf> <../../figures/fig-3.pdf>]
<../../figures/fig-4.pdf, id=102, 614.295pt x 794.97pt>
File: ../../figures/fig-4.pdf Graphic file (type pdf)
<use ../../figures/fig-4.pdf>
Package pdftex.def Info: ../../figures/fig-4.pdf  used on input line 578.
(pdftex.def)             Requested size: 201.60077pt x 260.89742pt.

Underfull \hbox (badness 1442) in paragraph at lines 578--578
 \OT1/ptm/m/it/10 3) 4.3 Ex-am-ple: User Do-main Trans-la-tion: [][][] \OT1/ptm
/b/n/10 Mono-lith
 []

<../../figures/fig-5.pdf, id=103, 614.295pt x 794.97pt>
File: ../../figures/fig-5.pdf Graphic file (type pdf)
<use ../../figures/fig-5.pdf>
Package pdftex.def Info: ../../figures/fig-5.pdf  used on input line 578.
(pdftex.def)             Requested size: 201.60077pt x 260.89742pt.
[4 <../../figures/fig-4.pdf>]
<../../figures/fig-6.pdf, id=136, 614.295pt x 794.97pt>
File: ../../figures/fig-6.pdf Graphic file (type pdf)
<use ../../figures/fig-6.pdf>
Package pdftex.def Info: ../../figures/fig-6.pdf  used on input line 578.
(pdftex.def)             Requested size: 201.60077pt x 260.89742pt.

Underfull \hbox (badness 10000) in paragraph at lines 578--578
\OT1/ptm/m/n/10 be the router (Fa-cade) han-dling re-quest
 []


Underfull \hbox (badness 3375) in paragraph at lines 578--578
[]\OT1/ptm/m/n/10 In a "Big Bang" mi-gra-tion, [][][]MATHINLINE11[][][]
 []


Underfull \hbox (badness 10000) in paragraph at lines 578--578
\OT1/ptm/m/n/10 jumps from 0 to 1 in-stan-ta-neously, max-i-miz-ing
 []


Underfull \hbox (badness 10000) in paragraph at lines 578--578
[][][]\OT1/ptm/m/n/10 MATHINLINE12[][][]. In the Stran-gler pat-tern,
 []

[5 <../../figures/fig-5.pdf> <../../figures/fig-6.pdf>] [6]
! Missing $ inserted.
<inserted text> 
                $
l.578 ...we employ. We specifically focus on the }
                                                  transitional\textit{ archi...
I've inserted a begin-math/end-math symbol since I think
you left one out. Proceed, with fingers crossed.


Overfull \hbox (123.58932pt too wide) in paragraph at lines 578--578
\OT1/ptm/m/n/10 Result: Saved $\OT1/cmr/m/n/10 1\OML/cmm/m/it/10 :\OT1/cmr/m/n/
10 5\OML/cmm/m/it/10 M=yearinMIPS\OT1/cmr/m/n/10 (\OML/cmm/m/it/10 MainframeCPU
\OT1/cmr/m/n/10 )\OML/cmm/m/it/10 costsbyservingreadsfromCloud:$ 
 []


Underfull \hbox (badness 10000) in paragraph at lines 578--578
 \OT1/ptm/m/it/10 3) 12.3 Mi-croser-vices Ar-chi-tec-ture: [][][] \OT1/ptm/m/n/
10 Sam New-man's
 []


Underfull \hbox (badness 10000) in paragraph at lines 578--578
\OT1/ptm/m/n/10 "Build-ing Mi-croser-vices" out-lines the de-com-po-si-tion
 []


Underfull \hbox (badness 10000) in paragraph at lines 578--578
\OT1/ptm/m/it/10 Average cost be-fore aban-don-ment:
 []

[7]
File: ../../figures/fig-2.pdf Graphic file (type pdf)
<use ../../figures/fig-2.pdf>
Package pdftex.def Info: ../../figures/fig-2.pdf  used on input line 578.
(pdftex.def)             Requested size: 201.60077pt x 260.89742pt.

Underfull \hbox (badness 10000) in paragraph at lines 578--578
[]\OT1/ptm/b/it/10 Percentage-Based Rout-ing (En-voy):
 []

File: ../../figures/fig-3.pdf Graphic file (type pdf)
<use ../../figures/fig-3.pdf>
Package pdftex.def Info: ../../figures/fig-3.pdf  used on input line 578.
(pdftex.def)             Requested size: 201.60077pt x 260.89742pt.
[8]
File: ../../figures/fig-4.pdf Graphic file (type pdf)
<use ../../figures/fig-4.pdf>
Package pdftex.def Info: ../../figures/fig-4.pdf  used on input line 578.
(pdftex.def)             Requested size: 201.60077pt x 260.89742pt.

Underfull \hbox (badness 1715) in paragraph at lines 578--578
 \OT1/ptm/m/it/10 3) 4.3 Ex-am-ple: User Do-main Trans-la-tion: [][][] \OT1/ptm
/b/it/10 Mono-lith
 []

[9]
File: ../../figures/fig-5.pdf Graphic file (type pdf)
<use ../../figures/fig-5.pdf>
Package pdftex.def Info: ../../figures/fig-5.pdf  used on input line 578.
(pdftex.def)             Requested size: 201.60077pt x 260.89742pt.
File: ../../figures/fig-6.pdf Graphic file (type pdf)
<use ../../figures/fig-6.pdf>
Package pdftex.def Info: ../../figures/fig-6.pdf  used on input line 578.
(pdftex.def)             Requested size: 201.60077pt x 260.89742pt.

Underfull \hbox (badness 10000) in paragraph at lines 578--578
\OT1/ptm/m/it/10 be the router (Fa-cade) han-dling re-quest
 []


Underfull \hbox (badness 10000) in paragraph at lines 578--578
[][][]\OT1/ptm/m/it/10 MATHINLINE3[][][]. Let [][][]MATHINLINE4[][][] be
 []


Underfull \hbox (badness 3579) in paragraph at lines 578--578
[]\OT1/ptm/m/it/10 In a "Big Bang" mi-gra-tion, [][][]MATHINLINE11[][][]
 []


Underfull \hbox (badness 10000) in paragraph at lines 578--578
\OT1/ptm/m/it/10 jumps from 0 to 1 in-stan-ta-neously, max-i-miz-ing
 []


Underfull \hbox (badness 10000) in paragraph at lines 578--578
[][][]\OT1/ptm/m/it/10 MATHINLINE12[][][]. In the Stran-gler pat-tern,
 []

[10] [11]
! Missing $ inserted.
<inserted text> 
                $
l.578 ...we employ. We specifically focus on the }
                                                  transitional\textit{ archi...
I've inserted a begin-math/end-math symbol since I think
you left one out. Proceed, with fingers crossed.


Overfull \hbox (123.36937pt too wide) in paragraph at lines 578--578
\OT1/ptm/m/it/10 Result: Saved $\OT1/cmr/m/n/10 1\OML/cmm/m/it/10 :\OT1/cmr/m/n
/10 5\OML/cmm/m/it/10 M=yearinMIPS\OT1/cmr/m/n/10 (\OML/cmm/m/it/10 MainframeCP
U\OT1/cmr/m/n/10 )\OML/cmm/m/it/10 costsbyservingreadsfromCloud:$ 
 []

! Too many }'s.
<recently read> \egroup 
                        
l.578 ...we employ. We specifically focus on the }
                                                  transitional\textit{ archi...
You've closed more groups than you opened.
Such booboos are generally harmless, so keep going.

Runaway argument?
{ architecture, a phase often under-documented in standard texts. 
! Paragraph ended before \text@command was complete.
<to be read again> 
                   \par 
l.585 }
          \textbf{Infrastructure Migration:} Moving from On-Prem Datacenter ...
I suspect you've forgotten a `}', causing me to apply this
control sequence to too much text. How can we recover?
My plan is to forget the whole thing and hope for the best.


Underfull \hbox (badness 10000) in paragraph at lines 578--585
 \OT1/ptm/m/it/10 3) 12.3 Mi-croser-vices Ar-chi-tec-ture: [][][] Sam New-man's

 []


Underfull \hbox (badness 10000) in paragraph at lines 578--585
\OT1/ptm/m/it/10 "Build-ing Mi-croser-vices" out-lines the de-com-po-si-tion
 []


! LaTeX Error: Counter too large.

See the LaTeX manual or LaTeX Companion for explanation.
Type  H <return>  for immediate help.
 ...                                              
                                                  
l.585 }
          \textbf{Infrastructure Migration:} Moving from On-Prem Datacenter ...

You've lost some text.  Try typing  <return>  to proceed.
If that doesn't work, type  X <return>  to quit.


! LaTeX Error: Counter too large.

See the LaTeX manual or LaTeX Companion for explanation.
Type  H <return>  for immediate help.
 ...                                              
                                                  
l.585 }
          \textbf{Infrastructure Migration:} Moving from On-Prem Datacenter ...

You've lost some text.  Try typing  <return>  to proceed.
If that doesn't work, type  X <return>  to quit.

! Too many }'s.
<recently read> \egroup 
                        
l.585 }
          \textbf{Infrastructure Migration:} Moving from On-Prem Datacenter ...
You've closed more groups than you opened.
Such booboos are generally harmless, so keep going.


! LaTeX Error: Counter too large.

See the LaTeX manual or LaTeX Companion for explanation.
Type  H <return>  for immediate help.
 ...                                              
                                                  
l.599 ...ction{14. Practical and Scholarly Impact}
                                                  
You've lost some text.  Try typing  <return>  to proceed.
If that doesn't work, type  X <return>  to quit.


! LaTeX Error: Counter too large.

See the LaTeX manual or LaTeX Companion for explanation.
Type  H <return>  for immediate help.
 ...                                              
                                                  
l.609 \subsection{15. Limitations}
                                  
You've lost some text.  Try typing  <return>  to proceed.
If that doesn't work, type  X <return>  to quit.


! LaTeX Error: Counter too large.

See the LaTeX manual or LaTeX Companion for explanation.
Type  H <return>  for immediate help.
 ...                                              
                                                  
l.622 \subsection{16. Future Research Directions}
                                                 
You've lost some text.  Try typing  <return>  to proceed.
If that doesn't work, type  X <return>  to quit.


Underfull \hbox (badness 1490) in paragraph at lines 628--629
 \OT1/ptm/m/it/10 2) 16.2 Au-to-mated Ver-i-fi-ca-tion: [][][] De-vel-op-ing to
ols that
 []


! LaTeX Error: Counter too large.

See the LaTeX manual or LaTeX Companion for explanation.
Type  H <return>  for immediate help.
 ...                                              
                                                  
l.632 \subsection{17. Conclusion}
                                 
You've lost some text.  Try typing  <return>  to proceed.
If that doesn't work, type  X <return>  to quit.

[12]

! LaTeX Error: Counter too large.

See the LaTeX manual or LaTeX Companion for explanation.
Type  H <return>  for immediate help.
 ...                                              
                                                  
l.681 \subsection{8. Evaluation \& Validation}
                                              
You've lost some text.  Try typing  <return>  to proceed.
If that doesn't work, type  X <return>  to quit.


Underfull \hbox (badness 2050) in paragraph at lines 685--687
 \OT1/ptm/m/it/10 1) 8.1 Pro-duc-tion Case Stud-ies: [][][] \OT1/ptm/b/it/10 Ca
se Study 1: E-
 []

! Missing $ inserted.
<inserted text> 
                $
l.713 \item
            \end{itemize}
I've inserted a begin-math/end-math symbol since I think
you left one out. Proceed, with fingers crossed.

! Missing \endgroup inserted.
<inserted text> 
                \endgroup 
l.713 \item
            \end{itemize}
I've inserted something that you may have forgotten.
(See the <inserted text> above.)
With luck, this will get me unwedged. But if you
really didn't forget anything, try typing `2' now; then
my insertion and my current dilemma will both disappear.


! LaTeX Error: Lonely \item--perhaps a missing list environment.

See the LaTeX manual or LaTeX Companion for explanation.
Type  H <return>  for immediate help.
 ...                                              
                                                  
l.713 \item \end
                {itemize}
Try typing  <return>  to proceed.
If that doesn't work, type  X <return>  to quit.


! LaTeX Error: \begin{document} ended by \end{itemize}.

See the LaTeX manual or LaTeX Companion for explanation.
Type  H <return>  for immediate help.
 ...                                              
                                                  
l.713 \item \end{itemize}
                         
Your command was ignored.
Type  I <command> <return>  to replace it with another command,
or  <return>  to continue without it.

! Extra \endgroup.
\end  ...end#1\endcsname \@checkend {#1}\endgroup 
                                                  \UseHook {env/#1/after}\if...
l.713 \item \end{itemize}
                         
Things are pretty mixed up, but I think the worst is over.

! Missing $ inserted.
<inserted text> 
                $
l.730 \item
            \end{itemize}
I've inserted a begin-math/end-math symbol since I think
you left one out. Proceed, with fingers crossed.

! Missing } inserted.
<inserted text> 
                }
l.730 \item
            \end{itemize}
I've inserted something that you may have forgotten.
(See the <inserted text> above.)
With luck, this will get me unwedged. But if you
really didn't forget anything, try typing `2' now; then
my insertion and my current dilemma will both disappear.

! Missing \endgroup inserted.
<inserted text> 
                \endgroup 
l.730 \item
            \end{itemize}
I've inserted something that you may have forgotten.
(See the <inserted text> above.)
With luck, this will get me unwedged. But if you
really didn't forget anything, try typing `2' now; then
my insertion and my current dilemma will both disappear.

! Too many }'s.
\@par ... \@noitemerr {\@@par }\fi \else {\@@par }
                                                  \fi 
l.730 \item
            \end{itemize}
You've closed more groups than you opened.
Such booboos are generally harmless, so keep going.


! LaTeX Error: Lonely \item--perhaps a missing list environment.

See the LaTeX manual or LaTeX Companion for explanation.
Type  H <return>  for immediate help.
 ...                                              
                                                  
l.730 \item \end
                {itemize}
Try typing  <return>  to proceed.
If that doesn't work, type  X <return>  to quit.


! LaTeX Error: \begin{document} ended by \end{itemize}.

See the LaTeX manual or LaTeX Companion for explanation.
Type  H <return>  for immediate help.
 ...                                              
                                                  
l.730 \item \end{itemize}
                         
Your command was ignored.
Type  I <command> <return>  to replace it with another command,
or  <return>  to continue without it.

! Extra \endgroup.
\end  ...end#1\endcsname \@checkend {#1}\endgroup 
                                                  \UseHook {env/#1/after}\if...
l.730 \item \end{itemize}
                         
Things are pretty mixed up, but I think the worst is over.


! LaTeX Error: Counter too large.

See the LaTeX manual or LaTeX Companion for explanation.
Type  H <return>  for immediate help.
 ...                                              
                                                  
l.740 \subsection{9. Related Work}
                                  
You've lost some text.  Try typing  <return>  to proceed.
If that doesn't work, type  X <return>  to quit.


! LaTeX Error: Counter too large.

See the LaTeX manual or LaTeX Companion for explanation.
Type  H <return>  for immediate help.
 ...                                              
                                                  
l.756 \subsection{10. Limitations \& Future Work}
                                                 
You've lost some text.  Try typing  <return>  to proceed.
If that doesn't work, type  X <return>  to quit.

<../../figures/fig-7.pdf, id=288, 614.295pt x 794.97pt>
File: ../../figures/fig-7.pdf Graphic file (type pdf)
<use ../../figures/fig-7.pdf>
Package pdftex.def Info: ../../figures/fig-7.pdf  used on input line 779.
(pdftex.def)             Requested size: 201.60077pt x 260.89742pt.

! LaTeX Error: Counter too large.

See the LaTeX manual or LaTeX Companion for explanation.
Type  H <return>  for immediate help.
 ...                                              
                                                  
l.782 \subsection{11. Conclusion}
                                 
You've lost some text.  Try typing  <return>  to proceed.
If that doesn't work, type  X <return>  to quit.


Underfull \hbox (badness 1917) in paragraph at lines 784--785
\OT1/ptm/m/it/10 By em-ploy-ing the Stran-gler Fig pat-tern, Anti-
 []

[13])
No file main.bbl.

** Conference Paper **
Before submitting the final camera ready copy, remember to:

 1. Manually equalize the lengths of two columns on the last page
 of your paper;

 2. Ensure that any PostScript and/or PDF output post-processing
 uses only Type 1 fonts and that every step in the generation
 process uses the appropriate paper size.

[14

 <../../figures/fig-7.pdf>] (./main.aux)
 ***********
LaTeX2e <2025-11-01>
L3 programming layer <2025-12-29>
 ***********


Package rerunfilecheck Warning: File `main.out' has changed.
(rerunfilecheck)                Rerun to get outlines right
(rerunfilecheck)                or use package `bookmark'.

Package rerunfilecheck Info: Checksums for `main.out':
(rerunfilecheck)             Before: <no file>
(rerunfilecheck)             After:  C4DE9791A2597BC468592D1DC72DDAAD;24602.
 ) 
Here is how much of TeX's memory you used:
 12677 strings out of 467538
 214180 string characters out of 5423725
 679860 words of memory out of 5000000
 41264 multiletter control sequences out of 15000+600000
 656896 words of font info for 89 fonts, out of 8000000 for 9000
 1141 hyphenation exceptions out of 8191
 94i,8n,93p,987b,639s stack positions out of 10000i,1000n,20000p,200000b,200000s
<c:/texlive/2025/texmf-dist/fonts/type1/public/amsfonts/cm/cmmi10.pfb><c:/tex
live/2025/texmf-dist/fonts/type1/public/amsfonts/cm/cmr10.pfb><c:/texlive/2025/
texmf-dist/fonts/type1/public/amsfonts/cm/cmsy10.pfb><c:/texlive/2025/texmf-dis
t/fonts/type1/public/amsfonts/cm/cmsy7.pfb><c:/texlive/2025/texmf-dist/fonts/ty
pe1/urw/times/utmb8a.pfb><c:/texlive/2025/texmf-dist/fonts/type1/urw/times/utmb
i8a.pfb><c:/texlive/2025/texmf-dist/fonts/type1/urw/times/utmr8a.pfb><c:/texliv
e/2025/texmf-dist/fonts/type1/urw/times/utmri8a.pfb>
Output written on main.pdf (14 pages, 427954 bytes).
PDF statistics:
 389 PDF objects out of 1000 (max. 8388607)
 310 compressed objects within 4 object streams
 143 named destinations out of 1000 (max. 500000)
 48 words of extra memory for PDF output out of 10000 (max. 10000000)

