\BOOKMARK [2][-]{subsection.0.1}{\376\377\000A\000b\000s\000t\000r\000a\000c\000t}{}% 1
\BOOKMARK [2][-]{subsection.0.2}{\376\377\000O\000r\000i\000g\000i\000n\000a\000l\000\040\000C\000o\000n\000t\000r\000i\000b\000u\000t\000i\000o\000n\000\040\000\050\000V\000e\000r\000i\000f\000i\000e\000d\000\051}{}% 2
\BOOKMARK [3][-]{subsubsection.0.2.1}{\376\377\000C\000o\000n\000t\000r\000i\000b\000u\000t\000i\000o\000n\000\040\000S\000u\000m\000m\000a\000r\000y\000\040\000f\000o\000r\000\040\000N\000o\000n\000-\000S\000p\000e\000c\000i\000a\000l\000i\000s\000t\000s}{subsection.0.2}% 3
\BOOKMARK [3][-]{subsubsection.0.2.2}{\376\377\000W\000h\000y\000\040\000T\000h\000i\000s\000\040\000F\000r\000a\000m\000e\000w\000o\000r\000k\000\040\000W\000a\000s\000\040\000N\000e\000e\000d\000e\000d\000\040\000N\000o\000w}{subsection.0.2}% 4
\BOOKMARK [3][-]{subsubsection.0.2.3}{\376\377\000R\000e\000l\000a\000t\000i\000o\000n\000s\000h\000i\000p\000\040\000t\000o\000\040\000A\0001\000-\000A\0006\000\040\000S\000e\000r\000i\000e\000s}{subsection.0.2}% 5
\BOOKMARK [2][-]{subsection.0.3}{\376\377\0001\000.\000\040\000I\000n\000t\000r\000o\000d\000u\000c\000t\000i\000o\000n}{}% 6
\BOOKMARK [3][-]{subsubsection.0.3.1}{\376\377\0001\000.\0001\000\040\000T\000h\000e\000\040\000M\000o\000d\000e\000r\000n\000i\000z\000a\000t\000i\000o\000n\000\040\000I\000m\000p\000e\000r\000a\000t\000i\000v\000e}{subsection.0.3}% 7
\BOOKMARK [3][-]{subsubsection.0.3.2}{\376\377\0001\000.\0002\000\040\000T\000h\000e\000\040\000B\000i\000g\000\040\000B\000a\000n\000g\000\040\000F\000a\000i\000l\000u\000r\000e\000\040\000M\000o\000d\000e}{subsection.0.3}% 8
\BOOKMARK [3][-]{subsubsection.0.3.3}{\376\377\0001\000.\0003\000\040\000T\000h\000e\000\040\000S\000t\000r\000a\000n\000g\000l\000e\000r\000\040\000F\000i\000g\000\040\000A\000l\000t\000e\000r\000n\000a\000t\000i\000v\000e}{subsection.0.3}% 9
\BOOKMARK [3][-]{subsubsection.0.3.4}{\376\377\0001\000.\0004\000\040\000P\000a\000p\000e\000r\000\040\000C\000o\000n\000t\000r\000i\000b\000u\000t\000i\000o\000n\000s}{subsection.0.3}% 10
\BOOKMARK [2][-]{subsection.0.4}{\376\377\0002\000.\000\040\000T\000h\000e\000\040\000S\000t\000r\000a\000n\000g\000l\000e\000r\000\040\000F\000i\000g\000\040\000A\000r\000c\000h\000i\000t\000e\000c\000t\000u\000r\000e}{}% 11
\BOOKMARK [3][-]{subsubsection.0.4.1}{\376\377\0002\000.\0001\000\040\000F\000a\000c\000a\000d\000e\000\040\000P\000a\000t\000t\000e\000r\000n}{subsection.0.4}% 12
\BOOKMARK [3][-]{subsubsection.0.4.2}{\376\377\0002\000.\0002\000\040\000R\000o\000u\000t\000i\000n\000g\000\040\000S\000t\000r\000a\000t\000e\000g\000i\000e\000s}{subsection.0.4}% 13
\BOOKMARK [3][-]{subsubsection.0.4.3}{\376\377\0002\000.\0003\000\040\000I\000m\000p\000l\000e\000m\000e\000n\000t\000a\000t\000i\000o\000n\000\040\000E\000x\000a\000m\000p\000l\000e}{subsection.0.4}% 14
\BOOKMARK [3][-]{subsubsection.0.4.4}{\376\377\0002\000.\0004\000\040\000M\000i\000g\000r\000a\000t\000i\000o\000n\000\040\000T\000i\000m\000e\000l\000i\000n\000e}{subsection.0.4}% 15
\BOOKMARK [2][-]{subsection.0.5}{\376\377\0003\000.\000\040\000Z\000e\000r\000o\000-\000D\000o\000w\000n\000t\000i\000m\000e\000\040\000D\000a\000t\000a\000\040\000M\000i\000g\000r\000a\000t\000i\000o\000n}{}% 16
\BOOKMARK [3][-]{subsubsection.0.5.1}{\376\377\0003\000.\0001\000\040\000T\000h\000e\000\040\000D\000a\000t\000a\000\040\000M\000i\000g\000r\000a\000t\000i\000o\000n\000\040\000C\000h\000a\000l\000l\000e\000n\000g\000e}{subsection.0.5}% 17
\BOOKMARK [3][-]{subsubsection.0.5.2}{\376\377\0003\000.\0002\000\040\000D\000u\000a\000l\000-\000W\000r\000i\000t\000e\000\040\000P\000a\000t\000t\000e\000r\000n}{subsection.0.5}% 18
\BOOKMARK [3][-]{subsubsection.0.5.3}{\376\377\0003\000.\0003\000\040\000P\000h\000a\000s\000e\000-\000b\000y\000-\000P\000h\000a\000s\000e\000\040\000D\000e\000t\000a\000i\000l\000s}{subsection.0.5}% 19
\BOOKMARK [3][-]{subsubsection.0.5.4}{\376\377\0003\000.\0004\000\040\000D\000a\000t\000a\000\040\000C\000o\000n\000s\000i\000s\000t\000e\000n\000c\000y\000\040\000V\000a\000l\000i\000d\000a\000t\000i\000o\000n}{subsection.0.5}% 20
\BOOKMARK [2][-]{subsection.0.6}{\376\377\0004\000.\000\040\000A\000n\000t\000i\000-\000C\000o\000r\000r\000u\000p\000t\000i\000o\000n\000\040\000L\000a\000y\000e\000r\000\040\000\050\000A\000C\000L\000\051}{}% 21
\BOOKMARK [3][-]{subsubsection.0.6.1}{\376\377\0004\000.\0001\000\040\000T\000h\000e\000\040\000D\000o\000m\000a\000i\000n\000\040\000P\000o\000l\000l\000u\000t\000i\000o\000n\000\040\000P\000r\000o\000b\000l\000e\000m}{subsection.0.6}% 22
\BOOKMARK [3][-]{subsubsection.0.6.2}{\376\377\0004\000.\0002\000\040\000A\000C\000L\000\040\000I\000m\000p\000l\000e\000m\000e\000n\000t\000a\000t\000i\000o\000n\000\040\000P\000a\000t\000t\000e\000r\000n\000s}{subsection.0.6}% 23
\BOOKMARK [3][-]{subsubsection.0.6.3}{\376\377\0004\000.\0003\000\040\000E\000x\000a\000m\000p\000l\000e\000:\000\040\000U\000s\000e\000r\000\040\000D\000o\000m\000a\000i\000n\000\040\000T\000r\000a\000n\000s\000l\000a\000t\000i\000o\000n}{subsection.0.6}% 24
\BOOKMARK [2][-]{subsection.0.7}{\376\377\0005\000.\000\040\000S\000h\000a\000d\000o\000w\000\040\000T\000r\000a\000f\000f\000i\000c\000\040\000V\000a\000l\000i\000d\000a\000t\000i\000o\000n}{}% 25
\BOOKMARK [3][-]{subsubsection.0.7.1}{\376\377\0005\000.\0001\000\040\000P\000r\000o\000d\000u\000c\000t\000i\000o\000n\000-\000S\000c\000a\000l\000e\000\040\000T\000e\000s\000t\000i\000n\000g}{subsection.0.7}% 26
\BOOKMARK [3][-]{subsubsection.0.7.2}{\376\377\0005\000.\0002\000\040\000S\000h\000a\000d\000o\000w\000i\000n\000g\000\040\000I\000m\000p\000l\000e\000m\000e\000n\000t\000a\000t\000i\000o\000n}{subsection.0.7}% 27
\BOOKMARK [3][-]{subsubsection.0.7.3}{\376\377\0005\000.\0003\000\040\000V\000a\000l\000i\000d\000a\000t\000i\000o\000n\000\040\000M\000e\000t\000r\000i\000c\000s}{subsection.0.7}% 28
\BOOKMARK [2][-]{subsection.0.8}{\376\377\0006\000.\000\040\000O\000r\000g\000a\000n\000i\000z\000a\000t\000i\000o\000n\000a\000l\000\040\000M\000a\000t\000u\000r\000i\000t\000y\000\040\000M\000o\000d\000e\000l}{}% 29
\BOOKMARK [3][-]{subsubsection.0.8.1}{\376\377\0006\000.\0001\000\040\000M\000a\000t\000u\000r\000i\000t\000y\000\040\000L\000e\000v\000e\000l\000s}{subsection.0.8}% 30
\BOOKMARK [3][-]{subsubsection.0.8.2}{\376\377\0006\000.\0002\000\040\000M\000i\000g\000r\000a\000t\000i\000o\000n\000\040\000S\000t\000r\000a\000t\000e\000g\000y\000\040\000C\000o\000m\000p\000a\000r\000i\000s\000o\000n}{subsection.0.8}% 31
\BOOKMARK [3][-]{subsubsection.0.8.3}{\376\377\0006\000.\0003\000\040\000D\000e\000c\000o\000m\000m\000i\000s\000s\000i\000o\000n\000i\000n\000g\000\040\000S\000t\000r\000a\000t\000e\000g\000y}{subsection.0.8}% 32
\BOOKMARK [2][-]{subsection.0.9}{\376\377\0007\000.\000\040\000M\000a\000t\000h\000e\000m\000a\000t\000i\000c\000a\000l\000\040\000F\000o\000r\000m\000a\000l\000i\000z\000a\000t\000i\000o\000n\000\040\000o\000f\000\040\000T\000r\000a\000f\000f\000i\000c\000\040\000S\000h\000i\000f\000t\000i\000n\000g}{}% 33
\BOOKMARK [3][-]{subsubsection.0.9.1}{\376\377\0007\000.\0001\000\040\000T\000h\000e\000\040\000R\000o\000u\000t\000i\000n\000g\000\040\000F\000u\000n\000c\000t\000i\000o\000n}{subsection.0.9}% 34
\BOOKMARK [3][-]{subsubsection.0.9.2}{\376\377\0007\000.\0002\000\040\000R\000i\000s\000k\000\040\000M\000i\000n\000i\000m\000i\000z\000a\000t\000i\000o\000n}{subsection.0.9}% 35
\BOOKMARK [2][-]{subsection.0.10}{\376\377\0008\000.\000\040\000P\000r\000o\000d\000u\000c\000t\000i\000o\000n\000\040\000C\000a\000s\000e\000\040\000S\000t\000u\000d\000y\000:\000\040\000T\000h\000e\000\040\000"\000I\000n\000v\000i\000s\000i\000b\000l\000e\000"\000\040\000D\000a\000t\000a\000b\000a\000s\000e\000\040\000M\000i\000g\000r\000a\000t\000i\000o\000n}{}% 36
\BOOKMARK [2][-]{subsection.0.11}{\376\377\0009\000.\000\040\000I\000m\000p\000l\000e\000m\000e\000n\000t\000a\000t\000i\000o\000n\000\040\000R\000e\000f\000e\000r\000e\000n\000c\000e}{}% 37
\BOOKMARK [3][-]{subsubsection.0.11.1}{\376\377\0009\000.\0001\000\040\000S\000t\000r\000a\000n\000g\000l\000e\000r\000\040\000F\000a\000c\000a\000d\000e\000\040\000C\000o\000n\000f\000i\000g\000u\000r\000a\000t\000i\000o\000n\000\040\000\050\000N\000G\000I\000N\000X\000\051}{subsection.0.11}% 38
\BOOKMARK [3][-]{subsubsection.0.11.2}{\376\377\0009\000.\0002\000\040\000P\000r\000o\000t\000o\000c\000o\000l\000\040\000T\000r\000a\000n\000s\000l\000a\000t\000i\000o\000n\000\040\000\050\000S\000O\000A\000P\000\040\000t\000o\000\040\000g\000R\000P\000C\000\051}{subsection.0.11}% 39
\BOOKMARK [2][-]{subsection.0.12}{\376\377\0001\0000\000.\000\040\000I\000m\000p\000l\000e\000m\000e\000n\000t\000a\000t\000i\000o\000n\000\040\000G\000u\000i\000d\000a\000n\000c\000e}{}% 40
\BOOKMARK [3][-]{subsubsection.0.12.1}{\376\377\0001\0000\000.\0001\000\040\000T\000e\000c\000h\000n\000o\000l\000o\000g\000y\000\040\000S\000t\000a\000c\000k}{subsection.0.12}% 41
\BOOKMARK [3][-]{subsubsection.0.12.2}{\376\377\0001\0000\000.\0002\000\040\000M\000i\000g\000r\000a\000t\000i\000o\000n\000\040\000R\000o\000a\000d\000m\000a\000p}{subsection.0.12}% 42
\BOOKMARK [2][-]{subsection.0.13}{\376\377\0001\0001\000.\000\040\000E\000v\000a\000l\000u\000a\000t\000i\000o\000n\000\040\000\046\000\040\000V\000a\000l\000i\000d\000a\000t\000i\000o\000n}{}% 43
\BOOKMARK [3][-]{subsubsection.0.13.1}{\376\377\0001\0001\000.\0001\000\040\000P\000r\000o\000d\000u\000c\000t\000i\000o\000n\000\040\000C\000a\000s\000e\000\040\000S\000t\000u\000d\000i\000e\000s}{subsection.0.13}% 44
\BOOKMARK [2][-]{subsection.0.14}{\376\377\0001\0002\000.\000\040\000R\000e\000l\000a\000t\000e\000d\000\040\000W\000o\000r\000k}{}% 45
\BOOKMARK [3][-]{subsubsection.0.14.1}{\376\377\0001\0002\000.\0001\000\040\000M\000o\000d\000e\000r\000n\000i\000z\000a\000t\000i\000o\000n\000\040\000P\000a\000t\000t\000e\000r\000n\000s}{subsection.0.14}% 46
\BOOKMARK [3][-]{subsubsection.0.14.2}{\376\377\0001\0002\000.\0002\000\040\000D\000a\000t\000a\000b\000a\000s\000e\000\040\000R\000e\000f\000a\000c\000t\000o\000r\000i\000n\000g}{subsection.0.14}% 47
\BOOKMARK [3][-]{subsubsection.0.14.3}{\376\377\0001\0002\000.\0003\000\040\000M\000i\000c\000r\000o\000s\000e\000r\000v\000i\000c\000e\000s\000\040\000A\000r\000c\000h\000i\000t\000e\000c\000t\000u\000r\000e}{subsection.0.14}% 48
\BOOKMARK [2][-]{subsection.0.15}{\376\377\0001\000.\000\040\000I\000n\000t\000r\000o\000d\000u\000c\000t\000i\000o\000n}{}% 49
\BOOKMARK [3][-]{subsubsection.0.15.1}{\376\377\0001\000.\0001\000\040\000T\000h\000e\000\040\000M\000o\000d\000e\000r\000n\000i\000z\000a\000t\000i\000o\000n\000\040\000I\000m\000p\000e\000r\000a\000t\000i\000v\000e}{subsection.0.15}% 50
\BOOKMARK [3][-]{subsubsection.0.15.2}{\376\377\0001\000.\0002\000\040\000T\000h\000e\000\040\000B\000i\000g\000\040\000B\000a\000n\000g\000\040\000F\000a\000i\000l\000u\000r\000e\000\040\000M\000o\000d\000e}{subsection.0.15}% 51
\BOOKMARK [3][-]{subsubsection.0.15.3}{\376\377\0001\000.\0003\000\040\000T\000h\000e\000\040\000S\000t\000r\000a\000n\000g\000l\000e\000r\000\040\000F\000i\000g\000\040\000A\000l\000t\000e\000r\000n\000a\000t\000i\000v\000e}{subsection.0.15}% 52
\BOOKMARK [3][-]{subsubsection.0.15.4}{\376\377\0001\000.\0004\000\040\000P\000a\000p\000e\000r\000\040\000C\000o\000n\000t\000r\000i\000b\000u\000t\000i\000o\000n\000s}{subsection.0.15}% 53
\BOOKMARK [2][-]{subsection.0.16}{\376\377\0002\000.\000\040\000T\000h\000e\000\040\000S\000t\000r\000a\000n\000g\000l\000e\000r\000\040\000F\000i\000g\000\040\000A\000r\000c\000h\000i\000t\000e\000c\000t\000u\000r\000e}{}% 54
\BOOKMARK [3][-]{subsubsection.0.16.1}{\376\377\0002\000.\0001\000\040\000F\000a\000c\000a\000d\000e\000\040\000P\000a\000t\000t\000e\000r\000n}{subsection.0.16}% 55
\BOOKMARK [3][-]{subsubsection.0.16.2}{\376\377\0002\000.\0002\000\040\000R\000o\000u\000t\000i\000n\000g\000\040\000S\000t\000r\000a\000t\000e\000g\000i\000e\000s}{subsection.0.16}% 56
\BOOKMARK [3][-]{subsubsection.0.16.3}{\376\377\0002\000.\0003\000\040\000I\000m\000p\000l\000e\000m\000e\000n\000t\000a\000t\000i\000o\000n\000\040\000E\000x\000a\000m\000p\000l\000e}{subsection.0.16}% 57
\BOOKMARK [3][-]{subsubsection.0.16.4}{\376\377\0002\000.\0004\000\040\000M\000i\000g\000r\000a\000t\000i\000o\000n\000\040\000T\000i\000m\000e\000l\000i\000n\000e}{subsection.0.16}% 58
\BOOKMARK [2][-]{subsection.0.17}{\376\377\0003\000.\000\040\000Z\000e\000r\000o\000-\000D\000o\000w\000n\000t\000i\000m\000e\000\040\000D\000a\000t\000a\000\040\000M\000i\000g\000r\000a\000t\000i\000o\000n}{}% 59
\BOOKMARK [3][-]{subsubsection.0.17.1}{\376\377\0003\000.\0001\000\040\000T\000h\000e\000\040\000D\000a\000t\000a\000\040\000M\000i\000g\000r\000a\000t\000i\000o\000n\000\040\000C\000h\000a\000l\000l\000e\000n\000g\000e}{subsection.0.17}% 60
\BOOKMARK [3][-]{subsubsection.0.17.2}{\376\377\0003\000.\0002\000\040\000D\000u\000a\000l\000-\000W\000r\000i\000t\000e\000\040\000P\000a\000t\000t\000e\000r\000n}{subsection.0.17}% 61
\BOOKMARK [3][-]{subsubsection.0.17.3}{\376\377\0003\000.\0003\000\040\000P\000h\000a\000s\000e\000-\000b\000y\000-\000P\000h\000a\000s\000e\000\040\000D\000e\000t\000a\000i\000l\000s}{subsection.0.17}% 62
\BOOKMARK [3][-]{subsubsection.0.17.4}{\376\377\0003\000.\0004\000\040\000D\000a\000t\000a\000\040\000C\000o\000n\000s\000i\000s\000t\000e\000n\000c\000y\000\040\000V\000a\000l\000i\000d\000a\000t\000i\000o\000n}{subsection.0.17}% 63
\BOOKMARK [2][-]{subsection.0.18}{\376\377\0004\000.\000\040\000A\000n\000t\000i\000-\000C\000o\000r\000r\000u\000p\000t\000i\000o\000n\000\040\000L\000a\000y\000e\000r\000\040\000\050\000A\000C\000L\000\051}{}% 64
\BOOKMARK [3][-]{subsubsection.0.18.1}{\376\377\0004\000.\0001\000\040\000T\000h\000e\000\040\000D\000o\000m\000a\000i\000n\000\040\000P\000o\000l\000l\000u\000t\000i\000o\000n\000\040\000P\000r\000o\000b\000l\000e\000m}{subsection.0.18}% 65
\BOOKMARK [3][-]{subsubsection.0.18.2}{\376\377\0004\000.\0002\000\040\000A\000C\000L\000\040\000I\000m\000p\000l\000e\000m\000e\000n\000t\000a\000t\000i\000o\000n\000\040\000P\000a\000t\000t\000e\000r\000n\000s}{subsection.0.18}% 66
\BOOKMARK [3][-]{subsubsection.0.18.3}{\376\377\0004\000.\0003\000\040\000E\000x\000a\000m\000p\000l\000e\000:\000\040\000U\000s\000e\000r\000\040\000D\000o\000m\000a\000i\000n\000\040\000T\000r\000a\000n\000s\000l\000a\000t\000i\000o\000n}{subsection.0.18}% 67
\BOOKMARK [2][-]{subsection.0.19}{\376\377\0005\000.\000\040\000S\000h\000a\000d\000o\000w\000\040\000T\000r\000a\000f\000f\000i\000c\000\040\000V\000a\000l\000i\000d\000a\000t\000i\000o\000n}{}% 68
\BOOKMARK [3][-]{subsubsection.0.19.1}{\376\377\0005\000.\0001\000\040\000P\000r\000o\000d\000u\000c\000t\000i\000o\000n\000-\000S\000c\000a\000l\000e\000\040\000T\000e\000s\000t\000i\000n\000g}{subsection.0.19}% 69
\BOOKMARK [3][-]{subsubsection.0.19.2}{\376\377\0005\000.\0002\000\040\000S\000h\000a\000d\000o\000w\000i\000n\000g\000\040\000I\000m\000p\000l\000e\000m\000e\000n\000t\000a\000t\000i\000o\000n}{subsection.0.19}% 70
\BOOKMARK [3][-]{subsubsection.0.19.3}{\376\377\0005\000.\0003\000\040\000V\000a\000l\000i\000d\000a\000t\000i\000o\000n\000\040\000M\000e\000t\000r\000i\000c\000s}{subsection.0.19}% 71
\BOOKMARK [2][-]{subsection.0.20}{\376\377\0006\000.\000\040\000O\000r\000g\000a\000n\000i\000z\000a\000t\000i\000o\000n\000a\000l\000\040\000M\000a\000t\000u\000r\000i\000t\000y\000\040\000M\000o\000d\000e\000l}{}% 72
\BOOKMARK [3][-]{subsubsection.0.20.1}{\376\377\0006\000.\0001\000\040\000M\000a\000t\000u\000r\000i\000t\000y\000\040\000L\000e\000v\000e\000l\000s}{subsection.0.20}% 73
\BOOKMARK [3][-]{subsubsection.0.20.2}{\376\377\0006\000.\0002\000\040\000M\000i\000g\000r\000a\000t\000i\000o\000n\000\040\000S\000t\000r\000a\000t\000e\000g\000y\000\040\000C\000o\000m\000p\000a\000r\000i\000s\000o\000n}{subsection.0.20}% 74
\BOOKMARK [3][-]{subsubsection.0.20.3}{\376\377\0006\000.\0003\000\040\000D\000e\000c\000o\000m\000m\000i\000s\000s\000i\000o\000n\000i\000n\000g\000\040\000S\000t\000r\000a\000t\000e\000g\000y}{subsection.0.20}% 75
\BOOKMARK [2][-]{subsection.0.21}{\376\377\0007\000.\000\040\000M\000a\000t\000h\000e\000m\000a\000t\000i\000c\000a\000l\000\040\000F\000o\000r\000m\000a\000l\000i\000z\000a\000t\000i\000o\000n\000\040\000o\000f\000\040\000T\000r\000a\000f\000f\000i\000c\000\040\000S\000h\000i\000f\000t\000i\000n\000g}{}% 76
\BOOKMARK [3][-]{subsubsection.0.21.1}{\376\377\0007\000.\0001\000\040\000T\000h\000e\000\040\000R\000o\000u\000t\000i\000n\000g\000\040\000F\000u\000n\000c\000t\000i\000o\000n}{subsection.0.21}% 77
\BOOKMARK [3][-]{subsubsection.0.21.2}{\376\377\0007\000.\0002\000\040\000R\000i\000s\000k\000\040\000M\000i\000n\000i\000m\000i\000z\000a\000t\000i\000o\000n}{subsection.0.21}% 78
\BOOKMARK [2][-]{subsection.0.22}{\376\377\0008\000.\000\040\000P\000r\000o\000d\000u\000c\000t\000i\000o\000n\000\040\000C\000a\000s\000e\000\040\000S\000t\000u\000d\000y\000:\000\040\000T\000h\000e\000\040\000"\000I\000n\000v\000i\000s\000i\000b\000l\000e\000"\000\040\000D\000a\000t\000a\000b\000a\000s\000e\000\040\000M\000i\000g\000r\000a\000t\000i\000o\000n}{}% 79
\BOOKMARK [2][-]{subsection.0.23}{\376\377\0009\000.\000\040\000I\000m\000p\000l\000e\000m\000e\000n\000t\000a\000t\000i\000o\000n\000\040\000R\000e\000f\000e\000r\000e\000n\000c\000e}{}% 80
\BOOKMARK [3][-]{subsubsection.0.23.1}{\376\377\0009\000.\0001\000\040\000S\000t\000r\000a\000n\000g\000l\000e\000r\000\040\000F\000a\000c\000a\000d\000e\000\040\000C\000o\000n\000f\000i\000g\000u\000r\000a\000t\000i\000o\000n\000\040\000\050\000N\000G\000I\000N\000X\000\051}{subsection.0.23}% 81
\BOOKMARK [3][-]{subsubsection.0.23.2}{\376\377\0009\000.\0002\000\040\000P\000r\000o\000t\000o\000c\000o\000l\000\040\000T\000r\000a\000n\000s\000l\000a\000t\000i\000o\000n\000\040\000\050\000S\000O\000A\000P\000\040\000t\000o\000\040\000g\000R\000P\000C\000\051}{subsection.0.23}% 82
\BOOKMARK [2][-]{subsection.0.24}{\376\377\0001\0000\000.\000\040\000I\000m\000p\000l\000e\000m\000e\000n\000t\000a\000t\000i\000o\000n\000\040\000G\000u\000i\000d\000a\000n\000c\000e}{}% 83
\BOOKMARK [3][-]{subsubsection.0.24.1}{\376\377\0001\0000\000.\0001\000\040\000T\000e\000c\000h\000n\000o\000l\000o\000g\000y\000\040\000S\000t\000a\000c\000k}{subsection.0.24}% 84
\BOOKMARK [3][-]{subsubsection.0.24.2}{\376\377\0001\0000\000.\0002\000\040\000M\000i\000g\000r\000a\000t\000i\000o\000n\000\040\000R\000o\000a\000d\000m\000a\000p}{subsection.0.24}% 85
\BOOKMARK [2][-]{subsection.0.25}{\376\377\0001\0001\000.\000\040\000E\000v\000a\000l\000u\000a\000t\000i\000o\000n\000\040\000\046\000\040\000V\000a\000l\000i\000d\000a\000t\000i\000o\000n}{}% 86
\BOOKMARK [3][-]{subsubsection.0.25.1}{\376\377\0001\0001\000.\0001\000\040\000P\000r\000o\000d\000u\000c\000t\000i\000o\000n\000\040\000C\000a\000s\000e\000\040\000S\000t\000u\000d\000i\000e\000s}{subsection.0.25}% 87
\BOOKMARK [2][-]{subsection.0.26}{\376\377\0001\0002\000.\000\040\000R\000e\000l\000a\000t\000e\000d\000\040\000W\000o\000r\000k}{}% 88
\BOOKMARK [3][-]{subsubsection.0.26.1}{\376\377\0001\0002\000.\0001\000\040\000M\000o\000d\000e\000r\000n\000i\000z\000a\000t\000i\000o\000n\000\040\000P\000a\000t\000t\000e\000r\000n\000s}{subsection.0.26}% 89
\BOOKMARK [3][-]{subsubsection.0.26.2}{\376\377\0001\0002\000.\0002\000\040\000D\000a\000t\000a\000b\000a\000s\000e\000\040\000R\000e\000f\000a\000c\000t\000o\000r\000i\000n\000g}{subsection.0.26}% 90
\BOOKMARK [3][-]{subsubsection.0.26.3}{\376\377\0001\0002\000.\0003\000\040\000M\000i\000c\000r\000o\000s\000e\000r\000v\000i\000c\000e\000s\000\040\000A\000r\000c\000h\000i\000t\000e\000c\000t\000u\000r\000e}{subsection.0.26}% 91
\BOOKMARK [2][-]{subsection.0.27}{\376\377\0001\0003\000.\000\040\000G\000e\000n\000e\000r\000a\000l\000i\000z\000a\000b\000i\000l\000i\000t\000y\000\040\000B\000e\000y\000o\000n\000d\000\040\000O\000b\000s\000e\000r\000v\000e\000d\000\040\000D\000e\000p\000l\000o\000y\000m\000e\000n\000t\000s}{}% 92
\BOOKMARK [2][-]{subsection.0.28}{\376\377\0001\0003\000.\000\040\000G\000e\000n\000e\000r\000a\000l\000i\000z\000a\000b\000i\000l\000i\000t\000y\000\040\000B\000e\000y\000o\000n\000d\000\040\000O\000b\000s\000e\000r\000v\000e\000d\000\040\000D\000e\000p\000l\000o\000y\000m\000e\000n\000t\000s}{}% 93
\BOOKMARK [3][-]{subsubsection.0.28.1}{\376\377\0001\0003\000.\0001\000\040\000A\000p\000p\000l\000i\000c\000a\000b\000i\000l\000i\000t\000y\000\040\000C\000r\000i\000t\000e\000r\000i\000a}{subsection.0.28}% 94
\BOOKMARK [3][-]{subsubsection.0.28.2}{\376\377\0001\0003\000.\0002\000\040\000W\000h\000e\000n\000\040\000A\0005\000\040\000I\000s\000\040\000N\000o\000t\000\040\000A\000p\000p\000r\000o\000p\000r\000i\000a\000t\000e}{subsection.0.28}% 95
\BOOKMARK [2][-]{subsection.0.29}{\376\377\0001\0004\000.\000\040\000P\000r\000a\000c\000t\000i\000c\000a\000l\000\040\000a\000n\000d\000\040\000S\000c\000h\000o\000l\000a\000r\000l\000y\000\040\000I\000m\000p\000a\000c\000t}{}% 96
\BOOKMARK [3][-]{subsubsection.0.29.1}{\376\377\0001\0004\000.\0001\000\040\000T\000h\000e\000\040\000P\000s\000y\000c\000h\000o\000l\000o\000g\000y\000\040\000o\000f\000\040\000M\000i\000g\000r\000a\000t\000i\000o\000n}{subsection.0.29}% 97
\BOOKMARK [3][-]{subsubsection.0.29.2}{\376\377\0001\0004\000.\0002\000\040\000E\000c\000o\000n\000o\000m\000i\000c\000s\000\040\000o\000f\000\040\000T\000e\000c\000h\000n\000i\000c\000a\000l\000\040\000D\000e\000b\000t}{subsection.0.29}% 98
\BOOKMARK [2][-]{subsection.0.30}{\376\377\0001\0005\000.\000\040\000L\000i\000m\000i\000t\000a\000t\000i\000o\000n\000s}{}% 99
\BOOKMARK [3][-]{subsubsection.0.30.1}{\376\377\0001\0005\000.\0001\000\040\000L\000a\000t\000e\000n\000c\000y\000\040\000O\000v\000e\000r\000h\000e\000a\000d}{subsection.0.30}% 100
\BOOKMARK [3][-]{subsubsection.0.30.2}{\376\377\0001\0005\000.\0002\000\040\000D\000a\000t\000a\000\040\000G\000r\000a\000v\000i\000t\000y}{subsection.0.30}% 101
\BOOKMARK [3][-]{subsubsection.0.30.3}{\376\377\0001\0005\000.\0003\000\040\000O\000r\000g\000a\000n\000i\000z\000a\000t\000i\000o\000n\000a\000l\000\040\000D\000i\000s\000c\000i\000p\000l\000i\000n\000e}{subsection.0.30}% 102
\BOOKMARK [2][-]{subsection.0.31}{\376\377\0001\0006\000.\000\040\000F\000u\000t\000u\000r\000e\000\040\000R\000e\000s\000e\000a\000r\000c\000h\000\040\000D\000i\000r\000e\000c\000t\000i\000o\000n\000s}{}% 103
\BOOKMARK [3][-]{subsubsection.0.31.1}{\376\377\0001\0006\000.\0001\000\040\000A\000I\000-\000D\000r\000i\000v\000e\000n\000\040\000R\000e\000f\000a\000c\000t\000o\000r\000i\000n\000g}{subsection.0.31}% 104
\BOOKMARK [3][-]{subsubsection.0.31.2}{\376\377\0001\0006\000.\0002\000\040\000A\000u\000t\000o\000m\000a\000t\000e\000d\000\040\000V\000e\000r\000i\000f\000i\000c\000a\000t\000i\000o\000n}{subsection.0.31}% 105
\BOOKMARK [2][-]{subsection.0.32}{\376\377\0001\0007\000.\000\040\000C\000o\000n\000c\000l\000u\000s\000i\000o\000n}{}% 106
\BOOKMARK [2][-]{subsection.0.33}{\376\377\0008\000.\000\040\000E\000v\000a\000l\000u\000a\000t\000i\000o\000n\000\040\000\046\000\040\000V\000a\000l\000i\000d\000a\000t\000i\000o\000n}{}% 107
\BOOKMARK [3][-]{subsubsection.0.33.1}{\376\377\0008\000.\0001\000\040\000P\000r\000o\000d\000u\000c\000t\000i\000o\000n\000\040\000C\000a\000s\000e\000\040\000S\000t\000u\000d\000i\000e\000s}{subsection.0.33}% 108
\BOOKMARK [2][-]{subsection.0.34}{\376\377\0009\000.\000\040\000R\000e\000l\000a\000t\000e\000d\000\040\000W\000o\000r\000k}{}% 109
\BOOKMARK [3][-]{subsubsection.0.34.1}{\376\377\0009\000.\0001\000\040\000S\000t\000r\000a\000n\000g\000l\000e\000r\000\040\000F\000i\000g\000\040\000P\000a\000t\000t\000e\000r\000n}{subsection.0.34}% 110
\BOOKMARK [3][-]{subsubsection.0.34.2}{\376\377\0009\000.\0002\000\040\000A\000n\000t\000i\000-\000C\000o\000r\000r\000u\000p\000t\000i\000o\000n\000\040\000L\000a\000y\000e\000r}{subsection.0.34}% 111
\BOOKMARK [3][-]{subsubsection.0.34.3}{\376\377\0009\000.\0003\000\040\000B\000l\000u\000e\000-\000G\000r\000e\000e\000n\000\040\000D\000e\000p\000l\000o\000y\000m\000e\000n\000t}{subsection.0.34}% 112
\BOOKMARK [2][-]{subsection.0.35}{\376\377\0001\0000\000.\000\040\000L\000i\000m\000i\000t\000a\000t\000i\000o\000n\000s\000\040\000\046\000\040\000F\000u\000t\000u\000r\000e\000\040\000W\000o\000r\000k}{}% 113
\BOOKMARK [3][-]{subsubsection.0.35.1}{\376\377\0001\0000\000.\0001\000\040\000L\000i\000m\000i\000t\000a\000t\000i\000o\000n\000s}{subsection.0.35}% 114
\BOOKMARK [3][-]{subsubsection.0.35.2}{\376\377\0001\0000\000.\0002\000\040\000F\000u\000t\000u\000r\000e\000\040\000W\000o\000r\000k}{subsection.0.35}% 115
\BOOKMARK [2][-]{subsection.0.36}{\376\377\0001\0001\000.\000\040\000C\000o\000n\000c\000l\000u\000s\000i\000o\000n}{}% 116
