\BOOKMARK [1][-]{section*.1}{\376\377\000A\000b\000s\000t\000r\000a\000c\000t}{}% 1
\BOOKMARK [1][-]{section.1}{\376\377\0001\000\040\000I\000n\000t\000r\000o\000d\000u\000c\000t\000i\000o\000n}{}% 2
\BOOKMARK [2][-]{subsection.1.1}{\376\377\0001\000.\0001\000\040\000T\000h\000e\000\040\000T\000h\000r\000e\000e\000\040\000G\000e\000n\000e\000r\000a\000t\000i\000o\000n\000s\000\040\000o\000f\000\040\000E\000n\000t\000e\000r\000p\000r\000i\000s\000e\000\040\000C\000o\000m\000p\000u\000t\000i\000n\000g}{section.1}% 3
\BOOKMARK [2][-]{subsection.1.2}{\376\377\0001\000.\0002\000\040\000T\000h\000e\000\040\000C\000o\000n\000f\000l\000a\000t\000i\000o\000n\000\040\000A\000x\000i\000o\000m\000:\000\040\000W\000h\000y\000\040\000S\000y\000s\000t\000e\000m\000s\000\040\000F\000a\000i\000l\000\040\000a\000t\000\040\000S\000c\000a\000l\000e}{section.1}% 4
\BOOKMARK [2][-]{subsection.1.3}{\376\377\0001\000.\0003\000\040\000T\000h\000e\000\040\000I\000m\000p\000a\000c\000t\000\040\000o\000f\000\040\000P\000l\000a\000n\000e\000\040\000C\000o\000n\000f\000l\000a\000t\000i\000o\000n\000\040\000o\000n\000\040\000G\000l\000o\000b\000a\000l\000\040\000A\000v\000a\000i\000l\000a\000b\000i\000l\000i\000t\000y}{section.1}% 5
\BOOKMARK [2][-]{subsection.1.4}{\376\377\0001\000.\0004\000\040\000O\000r\000i\000g\000i\000n\000a\000l\000i\000t\000y\000\040\000a\000n\000d\000\040\000S\000c\000o\000p\000e}{section.1}% 6
\BOOKMARK [2][-]{subsection.1.5}{\376\377\0001\000.\0005\000\040\000P\000a\000p\000e\000r\000\040\000S\000t\000r\000u\000c\000t\000u\000r\000e}{section.1}% 7
\BOOKMARK [1][-]{section.2}{\376\377\0002\000\040\000P\000r\000o\000b\000l\000e\000m\000\040\000S\000t\000a\000t\000e\000m\000e\000n\000t\000\040\000\046\000\040\000R\000e\000q\000u\000i\000r\000e\000m\000e\000n\000t\000s}{}% 8
\BOOKMARK [2][-]{subsection.2.1}{\376\377\0002\000.\0001\000\040\000T\000h\000e\000\040\000C\000o\000n\000f\000l\000a\000t\000e\000d\000\040\000P\000l\000a\000n\000e\000\040\000A\000n\000t\000i\000-\000P\000a\000t\000t\000e\000r\000n\000:\000\040\000A\000\040\000T\000e\000c\000h\000n\000i\000c\000a\000l\000\040\000P\000o\000s\000t\000-\000M\000o\000r\000t\000e\000m}{section.2}% 9
\BOOKMARK [2][-]{subsection.2.2}{\376\377\0002\000.\0002\000\040\000Q\000u\000a\000n\000t\000i\000t\000a\000t\000i\000v\000e\000\040\000R\000e\000q\000u\000i\000r\000e\000m\000e\000n\000t\000s\000\040\000f\000o\000r\000\040\000E\000n\000t\000e\000r\000p\000r\000i\000s\000e\000\040\000V\000i\000a\000b\000i\000l\000i\000t\000y}{section.2}% 10
\BOOKMARK [1][-]{section.3}{\376\377\0003\000\040\000R\000e\000l\000a\000t\000e\000d\000\040\000W\000o\000r\000k}{}% 11
\BOOKMARK [1][-]{section.4}{\376\377\0004\000\040\000O\000r\000i\000g\000i\000n\000a\000l\000\040\000C\000o\000n\000t\000r\000i\000b\000u\000t\000i\000o\000n\000s}{}% 12
\BOOKMARK [1][-]{section.5}{\376\377\0005\000\040\000S\000y\000s\000t\000e\000m\000\040\000M\000o\000d\000e\000l\000\040\000\046\000\040\000A\000s\000s\000u\000m\000p\000t\000i\000o\000n\000s}{}% 13
\BOOKMARK [2][-]{subsection.5.1}{\376\377\0005\000.\0001\000\040\000D\000e\000p\000l\000o\000y\000m\000e\000n\000t\000\040\000M\000o\000d\000e\000l\000\040\000a\000n\000d\000\040\000F\000a\000u\000l\000t\000\040\000D\000o\000m\000a\000i\000n\000s}{section.5}% 14
\BOOKMARK [2][-]{subsection.5.2}{\376\377\0005\000.\0002\000\040\000T\000r\000a\000f\000f\000i\000c\000\040\000M\000o\000d\000e\000l\000\040\000C\000l\000a\000s\000s\000i\000f\000i\000c\000a\000t\000i\000o\000n}{section.5}% 15
\BOOKMARK [2][-]{subsection.5.3}{\376\377\0005\000.\0003\000\040\000F\000a\000i\000l\000u\000r\000e\000\040\000M\000o\000d\000e\000l\000\040\000a\000n\000d\000\040\000B\000l\000a\000s\000t\000\040\000R\000a\000d\000i\000u\000s}{section.5}% 16
\BOOKMARK [1][-]{section.6}{\376\377\0006\000\040\000A\000r\000c\000h\000i\000t\000e\000c\000t\000u\000r\000e\000\040\000D\000e\000s\000i\000g\000n\000:\000\040\000T\000h\000e\000\040\000F\000o\000u\000r\000-\000P\000l\000a\000n\000e\000\040\000M\000o\000d\000e\000l}{}% 17
\BOOKMARK [2][-]{subsection.6.1}{\376\377\0006\000.\0001\000\040\000A\000r\000c\000h\000i\000t\000e\000c\000t\000u\000r\000a\000l\000\040\000S\000t\000r\000a\000t\000i\000f\000i\000c\000a\000t\000i\000o\000n\000\040\000P\000r\000i\000n\000c\000i\000p\000l\000e\000s}{section.6}% 18
\BOOKMARK [2][-]{subsection.6.2}{\376\377\0006\000.\0002\000\040\000T\000i\000e\000r\000\040\0001\000:\000\040\000E\000d\000g\000e\000\040\000\046\000\040\000I\000n\000g\000r\000e\000s\000s\000\040\000P\000l\000a\000n\000e\000\040\000\050\000T\000r\000a\000f\000f\000i\000c\000\040\000S\000o\000v\000e\000r\000e\000i\000g\000n\000t\000y\000\051}{section.6}% 19
\BOOKMARK [2][-]{subsection.6.3}{\376\377\0006\000.\0003\000\040\000T\000i\000e\000r\000\040\0002\000:\000\040\000C\000o\000n\000t\000r\000o\000l\000\040\000P\000l\000a\000n\000e\000\040\000\050\000T\000h\000e\000\040\000O\000p\000e\000r\000a\000t\000i\000o\000n\000a\000l\000\040\000L\000o\000o\000p\000\051}{section.6}% 20
\BOOKMARK [2][-]{subsection.6.4}{\376\377\0006\000.\0004\000\040\000T\000i\000e\000r\000\040\0003\000:\000\040\000D\000a\000t\000a\000\040\000P\000l\000a\000n\000e\000\040\000\050\000T\000h\000e\000\040\000B\000u\000s\000i\000n\000e\000s\000s\000\040\000L\000o\000o\000p\000\051}{section.6}% 21
\BOOKMARK [2][-]{subsection.6.5}{\376\377\0006\000.\0005\000\040\000T\000i\000e\000r\000\040\0004\000:\000\040\000P\000e\000r\000s\000i\000s\000t\000e\000n\000c\000e\000\040\000P\000l\000a\000n\000e\000\040\000\050\000T\000h\000e\000\040\000D\000u\000r\000a\000b\000l\000e\000\040\000S\000t\000a\000t\000e\000\051}{section.6}% 22
\BOOKMARK [2][-]{subsection.6.6}{\376\377\0006\000.\0006\000\040\000C\000o\000n\000t\000r\000o\000l\000\040\000P\000l\000a\000n\000e\000\040\000v\000s\000\040\000D\000a\000t\000a\000\040\000P\000l\000a\000n\000e\000\040\000I\000n\000t\000e\000r\000a\000c\000t\000i\000o\000n\000\040\000M\000a\000t\000r\000i\000x}{section.6}% 23
\BOOKMARK [2][-]{subsection.6.7}{\376\377\0006\000.\0007\000\040\000N\000e\000t\000w\000o\000r\000k\000\040\000I\000s\000o\000l\000a\000t\000i\000o\000n\000\040\000a\000n\000d\000\040\000T\000r\000u\000s\000t\000\040\000B\000o\000u\000n\000d\000a\000r\000i\000e\000s}{section.6}% 24
\BOOKMARK [2][-]{subsection.6.8}{\376\377\0006\000.\0008\000\040\000D\000e\000t\000a\000i\000l\000e\000d\000\040\000C\000a\000s\000e\000\040\000S\000t\000u\000d\000y\000:\000\040\000G\000l\000o\000b\000a\000l\000\040\000E\000-\000C\000o\000m\000m\000e\000r\000c\000e\000\040\000P\000l\000a\000t\000f\000o\000r\000m}{section.6}% 25
\BOOKMARK [1][-]{section.7}{\376\377\0007\000\040\000S\000o\000v\000e\000r\000e\000i\000g\000n\000\040\000R\000e\000q\000u\000e\000s\000t\000\040\000L\000i\000f\000e\000c\000y\000c\000l\000e\000:\000\040\000A\000\040\000S\000t\000e\000p\000-\000b\000y\000-\000S\000t\000e\000p\000\040\000W\000a\000l\000k\000t\000h\000r\000o\000u\000g\000h}{}% 26
\BOOKMARK [1][-]{section.8}{\376\377\0008\000\040\000D\000e\000t\000a\000i\000l\000e\000d\000\040\000A\000l\000g\000o\000r\000i\000t\000h\000m\000s\000\040\000a\000n\000d\000\040\000B\000e\000n\000c\000h\000m\000a\000r\000k\000s}{}% 27
\BOOKMARK [2][-]{subsection.8.1}{\376\377\0008\000.\0001\000\040\000C\000o\000n\000s\000i\000s\000t\000e\000n\000t\000\040\000H\000a\000s\000h\000i\000n\000g\000\040\000f\000o\000r\000\040\000C\000e\000l\000l\000\040\000A\000s\000s\000i\000g\000n\000m\000e\000n\000t}{section.8}% 28
\BOOKMARK [2][-]{subsection.8.2}{\376\377\0008\000.\0002\000\040\000S\000c\000a\000l\000a\000b\000i\000l\000i\000t\000y\000\040\000V\000a\000l\000i\000d\000a\000t\000i\000o\000n\000\040\000B\000e\000n\000c\000h\000m\000a\000r\000k\000s}{section.8}% 29
\BOOKMARK [1][-]{section.9}{\376\377\0009\000\040\000S\000c\000a\000l\000a\000b\000i\000l\000i\000t\000y\000\040\000\046\000\040\000S\000a\000t\000u\000r\000a\000t\000i\000o\000n\000\040\000M\000o\000d\000e\000l\000:\000\040\000T\000h\000e\000o\000r\000e\000t\000i\000c\000a\000l\000\040\000F\000o\000u\000n\000d\000a\000t\000i\000o\000n}{}% 30
\BOOKMARK [2][-]{subsection.9.1}{\376\377\0009\000.\0001\000\040\000U\000n\000i\000v\000e\000r\000s\000a\000l\000\040\000S\000c\000a\000l\000a\000b\000i\000l\000i\000t\000y\000\040\000L\000a\000w\000\040\000\050\000U\000S\000L\000\051\000\040\000A\000p\000p\000l\000i\000c\000a\000t\000i\000o\000n}{section.9}% 31
\BOOKMARK [2][-]{subsection.9.2}{\376\377\0009\000.\0002\000\040\000C\000e\000l\000l\000\040\000S\000i\000z\000i\000n\000g\000\040\000a\000n\000d\000\040\000C\000a\000p\000a\000c\000i\000t\000y\000\040\000P\000l\000a\000n\000n\000i\000n\000g}{section.9}% 32
\BOOKMARK [1][-]{section.10}{\376\377\0001\0000\000\040\000G\000o\000v\000e\000r\000n\000a\000n\000c\000e\000\040\000\046\000\040\000P\000o\000l\000i\000c\000y\000\040\000E\000n\000f\000o\000r\000c\000e\000m\000e\000n\000t\000:\000\040\000S\000o\000v\000e\000r\000e\000i\000g\000n\000\040\000C\000o\000n\000t\000r\000o\000l}{}% 33
\BOOKMARK [2][-]{subsection.10.1}{\376\377\0001\0000\000.\0001\000\040\000T\000h\000e\000\040\000L\000e\000g\000i\000s\000l\000a\000t\000i\000v\000e\000-\000J\000u\000d\000i\000c\000i\000a\000l\000-\000E\000x\000e\000c\000u\000t\000i\000v\000e\000\040\000M\000o\000d\000e\000l}{section.10}% 34
\BOOKMARK [2][-]{subsection.10.2}{\376\377\0001\0000\000.\0002\000\040\000E\000v\000a\000l\000u\000a\000t\000i\000o\000n\000\040\000P\000e\000r\000f\000o\000r\000m\000a\000n\000c\000e\000\040\000a\000n\000d\000\040\000R\000e\000s\000o\000u\000r\000c\000e\000\040\000I\000s\000o\000l\000a\000t\000i\000o\000n}{section.10}% 35
\BOOKMARK [2][-]{subsection.10.3}{\376\377\0001\0000\000.\0003\000\040\000P\000o\000l\000i\000c\000y\000-\000a\000s\000-\000C\000o\000d\000e\000\040\000S\000u\000p\000p\000l\000y\000\040\000C\000h\000a\000i\000n}{section.10}% 36
\BOOKMARK [2][-]{subsection.10.4}{\376\377\0001\0000\000.\0004\000\040\000C\000o\000m\000p\000l\000i\000a\000n\000c\000e\000\040\000\046\000\040\000A\000u\000d\000i\000t\000a\000b\000i\000l\000i\000t\000y}{section.10}% 37
\BOOKMARK [2][-]{subsection.10.5}{\376\377\0001\0000\000.\0005\000\040\000P\000r\000e\000d\000i\000c\000t\000i\000v\000e\000\040\000P\000o\000l\000i\000c\000y\000\040\000P\000r\000o\000p\000a\000g\000a\000t\000i\000o\000n}{section.10}% 38
\BOOKMARK [1][-]{section.11}{\376\377\0001\0001\000\040\000S\000e\000c\000u\000r\000i\000t\000y\000\040\000\046\000\040\000T\000h\000r\000e\000a\000t\000\040\000M\000o\000d\000e\000l}{}% 39
\BOOKMARK [2][-]{subsection.11.1}{\376\377\0001\0001\000.\0001\000\040\000D\000e\000f\000e\000n\000s\000e\000-\000i\000n\000-\000D\000e\000p\000t\000h\000\040\000S\000t\000r\000a\000t\000e\000g\000y}{section.11}% 40
\BOOKMARK [1][-]{section.12}{\376\377\0001\0002\000\040\000R\000e\000l\000i\000a\000b\000i\000l\000i\000t\000y\000\040\000\046\000\040\000F\000a\000i\000l\000u\000r\000e\000\040\000M\000o\000d\000e\000s}{}% 41
\BOOKMARK [2][-]{subsection.12.1}{\376\377\0001\0002\000.\0001\000\040\000T\000h\000e\000\040\000C\000i\000r\000c\000u\000i\000t\000\040\000B\000r\000e\000a\000k\000e\000r\000\040\000P\000a\000t\000t\000e\000r\000n}{section.12}% 42
\BOOKMARK [2][-]{subsection.12.2}{\376\377\0001\0002\000.\0002\000\040\000G\000r\000a\000c\000e\000f\000u\000l\000\040\000D\000e\000g\000r\000a\000d\000a\000t\000i\000o\000n\000\040\000L\000e\000v\000e\000l\000s}{section.12}% 43
\BOOKMARK [1][-]{section.13}{\376\377\0001\0003\000\040\000O\000p\000e\000r\000a\000t\000i\000o\000n\000s\000:\000\040\000S\000c\000a\000l\000i\000n\000g\000\040\000a\000n\000d\000\040\000C\000o\000s\000t\000\040\000O\000p\000t\000i\000m\000i\000z\000a\000t\000i\000o\000n}{}% 44
\BOOKMARK [2][-]{subsection.13.1}{\376\377\0001\0003\000.\0001\000\040\000H\000y\000b\000r\000i\000d\000\040\000A\000u\000t\000o\000-\000S\000c\000a\000l\000i\000n\000g}{section.13}% 45
\BOOKMARK [2][-]{subsection.13.2}{\376\377\0001\0003\000.\0002\000\040\000C\000o\000s\000t\000\040\000H\000y\000g\000i\000e\000n\000e}{section.13}% 46
\BOOKMARK [1][-]{section.14}{\376\377\0001\0004\000\040\000L\000e\000s\000s\000o\000n\000s\000\040\000L\000e\000a\000r\000n\000e\000d\000\040\000f\000r\000o\000m\000\040\0001\0008\000\040\000M\000o\000n\000t\000h\000s\000\040\000o\000f\000\040\000P\000r\000o\000d\000u\000c\000t\000i\000o\000n}{}% 47
\BOOKMARK [1][-]{section.15}{\376\377\0001\0005\000\040\000C\000a\000s\000e\000\040\000S\000t\000u\000d\000y\000:\000\040\000G\000l\000o\000b\000a\000l\000\040\000E\000-\000C\000o\000m\000m\000e\000r\000c\000e\000\040\000S\000c\000a\000l\000e\000-\000O\000u\000t}{}% 48
\BOOKMARK [1][-]{section.16}{\376\377\0001\0006\000\040\000R\000e\000l\000a\000t\000e\000d\000\040\000W\000o\000r\000k}{}% 49
\BOOKMARK [1][-]{section.17}{\376\377\0001\0007\000\040\000L\000i\000m\000i\000t\000a\000t\000i\000o\000n\000s}{}% 50
\BOOKMARK [1][-]{section.18}{\376\377\0001\0008\000\040\000C\000o\000n\000c\000l\000u\000s\000i\000o\000n\000\040\000\046\000\040\000F\000u\000t\000u\000r\000e\000\040\000W\000o\000r\000k}{}% 51
