\BOOKMARK [1][-]{section*.1}{\376\377\000A\000b\000s\000t\000r\000a\000c\000t}{}% 1
\BOOKMARK [1][-]{section.1}{\376\377\0001\000\040\000I\000n\000t\000r\000o\000d\000u\000c\000t\000i\000o\000n}{}% 2
\BOOKMARK [2][-]{subsection.1.1}{\376\377\0001\000.\0001\000\040\000T\000h\000e\000\040\000M\000o\000d\000e\000r\000n\000i\000z\000a\000t\000i\000o\000n\000\040\000G\000a\000p\000:\000\040\000W\000h\000y\000\040\000M\000i\000g\000r\000a\000t\000i\000o\000n\000s\000\040\000F\000a\000i\000l}{section.1}% 3
\BOOKMARK [2][-]{subsection.1.2}{\376\377\0001\000.\0002\000\040\000T\000h\000e\000\040\000G\000r\000a\000v\000i\000t\000y\000\040\000o\000f\000\040\000L\000e\000g\000a\000c\000y}{section.1}% 4
\BOOKMARK [2][-]{subsection.1.3}{\376\377\0001\000.\0003\000\040\000T\000h\000e\000\040\000A\000E\000C\000P\000\040\000P\000a\000t\000h\000w\000a\000y\000\040\000t\000o\000\040\000S\000o\000v\000e\000r\000e\000i\000g\000n\000t\000y}{section.1}% 5
\BOOKMARK [1][-]{section.2}{\376\377\0002\000\040\000P\000r\000o\000b\000l\000e\000m\000\040\000S\000t\000a\000t\000e\000m\000e\000n\000t\000\040\000/\000\040\000M\000o\000t\000i\000v\000a\000t\000i\000o\000n}{}% 6
\BOOKMARK [2][-]{subsection.2.1}{\376\377\0002\000.\0001\000\040\000H\000u\000r\000d\000l\000e\000\040\0001\000:\000\040\000T\000h\000e\000\040\000"\000I\000d\000e\000n\000t\000i\000t\000y\000\040\000T\000r\000a\000n\000s\000l\000a\000t\000i\000o\000n\000"\000\040\000V\000o\000i\000d}{section.2}% 7
\BOOKMARK [2][-]{subsection.2.2}{\376\377\0002\000.\0002\000\040\000H\000u\000r\000d\000l\000e\000\040\0002\000:\000\040\000D\000a\000t\000a\000\040\000C\000o\000n\000s\000i\000s\000t\000e\000n\000c\000y\000\040\000i\000n\000\040\000H\000e\000t\000e\000r\000o\000g\000e\000n\000e\000o\000u\000s\000\040\000E\000n\000v\000i\000r\000o\000n\000m\000e\000n\000t\000s}{section.2}% 8
\BOOKMARK [2][-]{subsection.2.3}{\376\377\0002\000.\0003\000\040\000H\000u\000r\000d\000l\000e\000\040\0003\000:\000\040\000T\000h\000e\000\040\000"\000U\000n\000k\000n\000o\000w\000n\000\040\000U\000n\000k\000n\000o\000w\000n\000s\000"\000\040\000o\000f\000\040\000D\000e\000p\000e\000n\000d\000e\000n\000c\000y}{section.2}% 9
\BOOKMARK [2][-]{subsection.2.4}{\376\377\0002\000.\0004\000\040\000H\000u\000r\000d\000l\000e\000\040\0004\000:\000\040\000T\000h\000e\000\040\000"\000R\000e\000g\000u\000l\000a\000t\000o\000r\000y\000\040\000D\000e\000b\000t\000"\000\040\000o\000f\000\040\000M\000i\000g\000r\000a\000t\000i\000o\000n}{section.2}% 10
\BOOKMARK [1][-]{section.3}{\376\377\0003\000\040\000R\000e\000l\000a\000t\000e\000d\000\040\000W\000o\000r\000k}{}% 11
\BOOKMARK [2][-]{subsection.3.1}{\376\377\0003\000.\0001\000\040\000C\000l\000o\000u\000d\000\040\000M\000i\000g\000r\000a\000t\000i\000o\000n\000\040\000F\000r\000a\000m\000e\000w\000o\000r\000k\000s\000\040\000a\000n\000d\000\040\000"\000T\000h\000e\000\040\0007\000\040\000R\000s\000"}{section.3}% 12
\BOOKMARK [2][-]{subsection.3.2}{\376\377\0003\000.\0002\000\040\000T\000h\000e\000\040\000S\000t\000r\000a\000n\000g\000l\000e\000r\000\040\000F\000i\000g\000\040\000P\000a\000t\000t\000e\000r\000n\000\040\000a\000n\000d\000\040\000D\000o\000m\000a\000i\000n\000-\000D\000r\000i\000v\000e\000n\000\040\000D\000e\000s\000i\000g\000n\000\040\000\050\000D\000D\000D\000\051}{section.3}% 13
\BOOKMARK [2][-]{subsection.3.3}{\376\377\0003\000.\0003\000\040\000A\000n\000t\000i\000-\000C\000o\000r\000r\000u\000p\000t\000i\000o\000n\000\040\000L\000a\000y\000e\000r\000s\000\040\000\050\000A\000C\000L\000\051\000\040\000a\000n\000d\000\040\000S\000c\000h\000e\000m\000a\000\040\000M\000a\000p\000p\000i\000n\000g}{section.3}% 14
\BOOKMARK [2][-]{subsection.3.4}{\376\377\0003\000.\0004\000\040\000S\000e\000r\000v\000i\000c\000e\000\040\000D\000i\000s\000c\000o\000v\000e\000r\000y\000\040\000a\000n\000d\000\040\000T\000r\000a\000f\000f\000i\000c\000\040\000S\000h\000a\000d\000o\000w\000i\000n\000g}{section.3}% 15
\BOOKMARK [1][-]{section.4}{\376\377\0004\000\040\000O\000r\000i\000g\000i\000n\000a\000l\000\040\000C\000o\000n\000t\000r\000i\000b\000u\000t\000i\000o\000n\000s}{}% 16
\BOOKMARK [1][-]{section.5}{\376\377\0005\000\040\000M\000o\000d\000e\000r\000n\000i\000z\000a\000t\000i\000o\000n\000\040\000S\000t\000r\000a\000t\000e\000g\000y\000:\000\040\000T\000h\000e\000\040\000S\000t\000r\000a\000n\000g\000l\000e\000r\000\040\000F\000i\000g\000\040\000A\000r\000c\000h\000i\000t\000e\000c\000t\000u\000r\000e}{}% 17
\BOOKMARK [2][-]{subsection.5.1}{\376\377\0005\000.\0001\000\040\000T\000h\000e\000\040\000I\000n\000t\000e\000r\000c\000e\000p\000t\000i\000o\000n\000\040\000L\000a\000y\000e\000r\000:\000\040\000T\000h\000e\000\040\000S\000t\000r\000a\000n\000g\000l\000e\000r\000\040\000F\000a\000c\000a\000d\000e}{section.5}% 18
\BOOKMARK [2][-]{subsection.5.2}{\376\377\0005\000.\0002\000\040\000T\000h\000e\000\040\000T\000r\000a\000n\000s\000f\000o\000r\000m\000a\000t\000i\000o\000n\000\040\000L\000a\000y\000e\000r\000:\000\040\000A\000n\000t\000i\000-\000C\000o\000r\000r\000u\000p\000t\000i\000o\000n\000\040\000L\000a\000y\000e\000r\000s\000\040\000\050\000A\000C\000L\000\051}{section.5}% 19
\BOOKMARK [2][-]{subsection.5.3}{\376\377\0005\000.\0003\000\040\000T\000h\000e\000\040\000F\000i\000v\000e\000\040\000P\000h\000a\000s\000e\000s\000\040\000o\000f\000\040\000S\000o\000v\000e\000r\000e\000i\000g\000n\000\040\000M\000i\000g\000r\000a\000t\000i\000o\000n\000:\000\040\000A\000\040\000D\000e\000e\000p\000\040\000D\000i\000v\000e}{section.5}% 20
\BOOKMARK [1][-]{section.6}{\376\377\0006\000\040\000O\000p\000e\000r\000a\000t\000i\000o\000n\000a\000l\000\040\000S\000o\000v\000e\000r\000e\000i\000g\000n\000t\000y\000:\000\040\000S\000e\000l\000f\000-\000H\000e\000a\000l\000i\000n\000g\000\040\000M\000i\000g\000r\000a\000t\000i\000o\000n\000\040\000R\000o\000l\000l\000b\000a\000c\000k\000s}{}% 21
\BOOKMARK [2][-]{subsection.6.1}{\376\377\0006\000.\0001\000\040\000T\000h\000e\000\040\000A\000u\000t\000o\000m\000a\000t\000e\000d\000\040\000R\000o\000l\000l\000b\000a\000c\000k\000\040\000T\000r\000i\000g\000g\000e\000r}{section.6}% 22
\BOOKMARK [2][-]{subsection.6.2}{\376\377\0006\000.\0002\000\040\000M\000u\000l\000t\000i\000-\000R\000e\000g\000i\000o\000n\000\040\000T\000r\000a\000f\000f\000i\000c\000\040\000S\000t\000e\000e\000r\000i\000n\000g\000\040\000d\000u\000r\000i\000n\000g\000\040\000M\000i\000g\000r\000a\000t\000i\000o\000n}{section.6}% 23
\BOOKMARK [1][-]{section.7}{\376\377\0007\000\040\000T\000h\000e\000\040\000O\000b\000s\000e\000r\000v\000e\000r\000\040\000E\000f\000f\000e\000c\000t\000:\000\040\000M\000i\000n\000i\000m\000i\000z\000i\000n\000g\000\040\000I\000m\000p\000a\000c\000t\000\040\000o\000n\000\040\000L\000e\000g\000a\000c\000y\000\040\000P\000e\000r\000f\000o\000r\000m\000a\000n\000c\000e}{}% 24
\BOOKMARK [2][-]{subsection.7.1}{\376\377\0007\000.\0001\000\040\000N\000o\000n\000-\000I\000n\000t\000r\000u\000s\000i\000v\000e\000\040\000T\000e\000l\000e\000m\000e\000t\000r\000y\000\040\000C\000o\000l\000l\000e\000c\000t\000i\000o\000n}{section.7}% 25
\BOOKMARK [2][-]{subsection.7.2}{\376\377\0007\000.\0002\000\040\000A\000s\000y\000n\000c\000h\000r\000o\000n\000o\000u\000s\000\040\000S\000h\000a\000d\000o\000w\000i\000n\000g\000\040\000a\000n\000d\000\040\000F\000l\000o\000w\000\040\000C\000o\000n\000t\000r\000o\000l}{section.7}% 26
\BOOKMARK [1][-]{section.8}{\376\377\0008\000\040\000R\000e\000l\000i\000a\000b\000l\000e\000\040\000D\000a\000t\000a\000\040\000M\000i\000g\000r\000a\000t\000i\000o\000n\000:\000\040\000T\000r\000a\000n\000s\000a\000c\000t\000i\000o\000n\000a\000l\000\040\000A\000C\000L\000s\000\040\000a\000n\000d\000\040\000A\000t\000o\000m\000i\000c\000\040\000H\000a\000n\000d\000o\000v\000e\000r}{}% 27
\BOOKMARK [2][-]{subsection.8.1}{\376\377\0008\000.\0001\000\040\000T\000h\000e\000\040\000T\000r\000a\000n\000s\000a\000c\000t\000i\000o\000n\000a\000l\000\040\000A\000C\000L\000\040\000P\000a\000t\000t\000e\000r\000n}{section.8}% 28
\BOOKMARK [2][-]{subsection.8.2}{\376\377\0008\000.\0002\000\040\000M\000a\000n\000a\000g\000i\000n\000g\000\040\000D\000i\000s\000t\000r\000i\000b\000u\000t\000e\000d\000\040\000S\000h\000a\000r\000d\000i\000n\000g\000\040\000d\000u\000r\000i\000n\000g\000\040\000M\000i\000g\000r\000a\000t\000i\000o\000n}{section.8}% 29
\BOOKMARK [2][-]{subsection.8.3}{\376\377\0008\000.\0003\000\040\000P\000a\000s\000s\000i\000v\000e\000\040\000D\000i\000s\000c\000o\000v\000e\000r\000y\000\040\000v\000i\000a\000\040\000e\000B\000P\000F\000\040\000T\000e\000l\000e\000m\000e\000t\000r\000y}{section.8}% 30
\BOOKMARK [2][-]{subsection.8.4}{\376\377\0008\000.\0004\000\040\000P\000h\000a\000s\000e\000\040\0000\000:\000\040\000T\000h\000e\000\040\000D\000i\000s\000c\000o\000v\000e\000r\000y\000\040\000S\000p\000r\000i\000n\000t}{section.8}% 31
\BOOKMARK [1][-]{section.9}{\376\377\0009\000\040\000R\000e\000l\000i\000a\000b\000l\000e\000\040\000D\000a\000t\000a\000\040\000M\000i\000g\000r\000a\000t\000i\000o\000n\000:\000\040\000T\000r\000a\000n\000s\000a\000c\000t\000i\000o\000n\000a\000l\000\040\000I\000n\000t\000e\000g\000r\000i\000t\000y\000\040\000a\000n\000d\000\040\000C\000D\000C}{}% 32
\BOOKMARK [2][-]{subsection.9.1}{\376\377\0009\000.\0001\000\040\000C\000h\000a\000n\000g\000e\000\040\000D\000a\000t\000a\000\040\000C\000a\000p\000t\000u\000r\000e\000\040\000\050\000C\000D\000C\000\051\000\040\000v\000i\000a\000\040\000A\000E\000C\000P\000\040\000I\000n\000v\000a\000r\000i\000a\000n\000t\000s}{section.9}% 33
\BOOKMARK [2][-]{subsection.9.2}{\376\377\0009\000.\0002\000\040\000T\000h\000e\000\040\000"\000F\000i\000n\000a\000l\000\040\000C\000u\000t\000o\000v\000e\000r\000"\000\040\000a\000n\000d\000\040\000T\000h\000e\000\040\000R\000e\000a\000d\000-\000O\000n\000l\000y\000\040\000L\000o\000c\000k\000d\000o\000w\000n}{section.9}% 34
\BOOKMARK [2][-]{subsection.9.3}{\376\377\0009\000.\0003\000\040\000M\000a\000n\000a\000g\000i\000n\000g\000\040\000D\000a\000t\000a\000\040\000G\000r\000a\000v\000i\000t\000y\000:\000\040\000S\000e\000g\000m\000e\000n\000t\000e\000d\000\040\000R\000e\000p\000l\000i\000c\000a\000t\000i\000o\000n}{section.9}% 35
\BOOKMARK [1][-]{section.10}{\376\377\0001\0000\000\040\000T\000h\000e\000\040\000S\000t\000r\000a\000n\000g\000l\000e\000r\000\040\000F\000a\000c\000a\000d\000e\000:\000\040\000A\000r\000c\000h\000i\000t\000e\000c\000t\000u\000r\000e\000\040\000\046\000\040\000W\000A\000S\000M\000\040\000I\000m\000p\000l\000e\000m\000e\000n\000t\000a\000t\000i\000o\000n}{}% 36
\BOOKMARK [2][-]{subsection.10.1}{\376\377\0001\0000\000.\0001\000\040\000E\000n\000v\000o\000y\000\040\000a\000s\000\040\000t\000h\000e\000\040\000S\000o\000v\000e\000r\000e\000i\000g\000n\000\040\000F\000a\000c\000a\000d\000e}{section.10}% 37
\BOOKMARK [2][-]{subsection.10.2}{\376\377\0001\0000\000.\0002\000\040\000T\000h\000e\000\040\000W\000A\000S\000M\000\040\000A\000C\000L\000:\000\040\000T\000e\000c\000h\000n\000i\000c\000a\000l\000\040\000D\000e\000p\000t\000h}{section.10}% 38
\BOOKMARK [1][-]{section.11}{\376\377\0001\0001\000\040\000T\000h\000e\000\040\000M\000a\000t\000h\000e\000m\000a\000t\000i\000c\000a\000l\000\040\000F\000o\000u\000n\000d\000a\000t\000i\000o\000n\000\040\000o\000f\000\040\000B\000e\000h\000a\000v\000i\000o\000r\000a\000l\000\040\000P\000a\000r\000i\000t\000y}{}% 39
\BOOKMARK [2][-]{subsection.11.1}{\376\377\0001\0001\000.\0001\000\040\000T\000h\000e\000\040\000P\000a\000r\000i\000t\000y\000\040\000F\000u\000n\000c\000t\000i\000o\000n}{section.11}% 40
\BOOKMARK [2][-]{subsection.11.2}{\376\377\0001\0001\000.\0002\000\040\000T\000h\000e\000\040\000S\000t\000a\000t\000i\000s\000t\000i\000c\000a\000l\000\040\000C\000o\000n\000f\000i\000d\000e\000n\000c\000e\000\040\000I\000n\000t\000e\000r\000v\000a\000l}{section.11}% 41
\BOOKMARK [1][-]{section.12}{\376\377\0001\0002\000\040\000S\000t\000a\000t\000e\000f\000u\000l\000\040\000M\000i\000g\000r\000a\000t\000i\000o\000n\000\040\000o\000f\000\040\000N\000o\000S\000Q\000L\000\040\000a\000n\000d\000\040\000S\000h\000a\000r\000d\000e\000d\000\040\000D\000a\000t\000a\000b\000a\000s\000e\000s}{}% 42
\BOOKMARK [2][-]{subsection.12.1}{\376\377\0001\0002\000.\0001\000\040\000T\000h\000e\000\040\000"\000P\000r\000o\000x\000y\000-\000W\000r\000i\000t\000e\000"\000\040\000S\000y\000n\000c\000h\000r\000o\000n\000i\000z\000a\000t\000i\000o\000n\000\040\000P\000a\000t\000t\000e\000r\000n}{section.12}% 43
\BOOKMARK [2][-]{subsection.12.2}{\376\377\0001\0002\000.\0002\000\040\000H\000a\000n\000d\000l\000i\000n\000g\000\040\000S\000c\000h\000e\000m\000a\000\040\000D\000i\000v\000e\000r\000g\000e\000n\000c\000e\000\040\000i\000n\000\040\000N\000o\000S\000Q\000L}{section.12}% 44
\BOOKMARK [1][-]{section.13}{\376\377\0001\0003\000\040\000I\000n\000t\000e\000g\000r\000a\000t\000i\000o\000n\000\040\000w\000i\000t\000h\000\040\000t\000h\000e\000\040\000A\000-\000S\000e\000r\000i\000e\000s\000\040\000F\000r\000a\000m\000e\000w\000o\000r\000k}{}% 45
\BOOKMARK [1][-]{section.14}{\376\377\0001\0004\000\040\000G\000l\000o\000s\000s\000a\000r\000y\000\040\000o\000f\000\040\000M\000i\000g\000r\000a\000t\000i\000o\000n\000\040\000I\000n\000v\000a\000r\000i\000a\000n\000t\000s}{}% 46
\BOOKMARK [1][-]{section.15}{\376\377\0001\0005\000\040\000T\000h\000e\000\040\000L\000e\000g\000a\000c\000y\000\040\000M\000i\000n\000d\000s\000e\000t\000\040\000G\000a\000p\000:\000\040\000C\000u\000l\000t\000u\000r\000e\000\040\000a\000s\000\040\000a\000\040\000M\000i\000g\000r\000a\000t\000i\000o\000n\000\040\000B\000a\000r\000r\000i\000e\000r}{}% 47
\BOOKMARK [2][-]{subsection.15.1}{\376\377\0001\0005\000.\0001\000\040\000T\000h\000e\000\040\000F\000e\000a\000r\000\040\000o\000f\000\040\000t\000h\000e\000\040\000"\000B\000i\000g\000\040\000B\000a\000n\000g\000"}{section.15}% 48
\BOOKMARK [2][-]{subsection.15.2}{\376\377\0001\0005\000.\0002\000\040\000T\000h\000e\000\040\000S\000k\000i\000l\000l\000s\000e\000t\000\040\000G\000a\000p\000:\000\040\000F\000r\000o\000m\000\040\000S\000y\000s\000A\000d\000m\000i\000n\000\040\000t\000o\000\040\000P\000o\000l\000i\000c\000y\000\040\000E\000n\000g\000i\000n\000e\000e\000r}{section.15}% 49
\BOOKMARK [2][-]{subsection.15.3}{\376\377\0001\0005\000.\0003\000\040\000I\000n\000c\000e\000n\000t\000i\000v\000i\000z\000i\000n\000g\000\040\000t\000h\000e\000\040\000D\000e\000c\000o\000m\000m\000i\000s\000s\000i\000o\000n}{section.15}% 50
\BOOKMARK [1][-]{section.16}{\376\377\0001\0006\000\040\000M\000e\000t\000h\000o\000d\000o\000l\000o\000g\000y\000\040\000\046\000\040\000M\000u\000l\000t\000i\000-\000S\000e\000c\000t\000o\000r\000\040\000E\000m\000p\000i\000r\000i\000c\000a\000l\000\040\000E\000v\000a\000l\000u\000a\000t\000i\000o\000n\000\040\000\050\000E\000x\000p\000a\000n\000d\000e\000d\000\051}{}% 51
\BOOKMARK [2][-]{subsection.16.1}{\376\377\0001\0006\000.\0001\000\040\000T\000r\000a\000n\000s\000a\000c\000t\000i\000o\000n\000a\000l\000\040\000I\000n\000t\000e\000g\000r\000i\000t\000y\000\040\000M\000e\000t\000r\000i\000c\000s}{section.16}% 52
\BOOKMARK [2][-]{subsection.16.2}{\376\377\0001\0006\000.\0002\000\040\000T\000h\000e\000\040\000"\000S\000o\000v\000e\000r\000e\000i\000g\000n\000\040\000D\000i\000v\000i\000d\000e\000n\000d\000"}{section.16}% 53
\BOOKMARK [2][-]{subsection.16.3}{\376\377\0001\0006\000.\0003\000\040\000E\000v\000a\000l\000u\000a\000t\000i\000o\000n\000\040\000T\000e\000s\000t\000b\000e\000d\000s}{section.16}% 54
\BOOKMARK [2][-]{subsection.16.4}{\376\377\0001\0006\000.\0004\000\040\000R\000e\000d\000u\000c\000t\000i\000o\000n\000\040\000i\000n\000\040\000M\000i\000g\000r\000a\000t\000i\000o\000n\000\040\000L\000e\000a\000d\000\040\000T\000i\000m\000e}{section.16}% 55
\BOOKMARK [2][-]{subsection.16.5}{\376\377\0001\0006\000.\0005\000\040\000C\000u\000t\000o\000v\000e\000r\000\040\000P\000e\000r\000f\000o\000r\000m\000a\000n\000c\000e\000\040\000a\000n\000d\000\040\000A\000v\000a\000i\000l\000a\000b\000i\000l\000i\000t\000y}{section.16}% 56
\BOOKMARK [1][-]{section.17}{\376\377\0001\0007\000\040\000C\000a\000s\000e\000\040\000S\000t\000u\000d\000y\000:\000\040\000G\000l\000o\000b\000a\000l\000\040\000L\000o\000g\000i\000s\000t\000i\000c\000s\000\040\000D\000a\000t\000a\000\040\000C\000e\000n\000t\000e\000r\000\040\000E\000v\000a\000c\000u\000a\000t\000i\000o\000n}{}% 57
\BOOKMARK [2][-]{subsection.17.1}{\376\377\0001\0007\000.\0001\000\040\000T\000h\000e\000\040\000A\0005\000\040\000I\000n\000t\000e\000r\000v\000e\000n\000t\000i\000o\000n}{section.17}% 58
\BOOKMARK [2][-]{subsection.17.2}{\376\377\0001\0007\000.\0002\000\040\000R\000e\000s\000u\000l\000t\000s\000:\000\040\000B\000e\000a\000t\000i\000n\000g\000\040\000t\000h\000e\000\040\000L\000e\000a\000s\000e}{section.17}% 59
\BOOKMARK [1][-]{section.18}{\376\377\0001\0008\000\040\000L\000i\000m\000i\000t\000a\000t\000i\000o\000n\000s\000\040\000\046\000\040\000B\000o\000u\000n\000d\000a\000r\000y\000\040\000C\000o\000n\000d\000i\000t\000i\000o\000n\000s}{}% 60
\BOOKMARK [2][-]{subsection.18.1}{\376\377\0001\0008\000.\0001\000\040\000T\000h\000e\000\040\000"\000C\000O\000B\000O\000L\000\040\000C\000e\000i\000l\000i\000n\000g\000"}{section.18}% 61
\BOOKMARK [2][-]{subsection.18.2}{\376\377\0001\0008\000.\0002\000\040\000T\000h\000e\000\040\000C\000o\000s\000t\000\040\000o\000f\000\040\000S\000h\000a\000d\000o\000w\000i\000n\000g}{section.18}% 62
\BOOKMARK [1][-]{section.19}{\376\377\0001\0009\000\040\000C\000o\000n\000c\000l\000u\000s\000i\000o\000n}{}% 63
