\BOOKMARK [1][-]{section.1}{\376\377\000I\000n\000t\000r\000o\000d\000u\000c\000t\000i\000o\000n}{}% 1
\BOOKMARK [2][-]{subsection.1.1}{\376\377\000T\000h\000e\000\040\000G\000o\000v\000e\000r\000n\000a\000n\000c\000e\000\040\000C\000r\000i\000s\000i\000s\000\040\000i\000n\000\040\000D\000i\000s\000t\000r\000i\000b\000u\000t\000e\000d\000\040\000S\000y\000s\000t\000e\000m\000s}{section.1}% 2
\BOOKMARK [2][-]{subsection.1.2}{\376\377\000T\000h\000e\000\040\000N\000e\000e\000d\000\040\000f\000o\000r\000\040\000S\000o\000v\000e\000r\000e\000i\000g\000n\000\040\000G\000o\000v\000e\000r\000n\000a\000n\000c\000e}{section.1}% 3
\BOOKMARK [2][-]{subsection.1.3}{\376\377\000F\000r\000a\000m\000e\000w\000o\000r\000k\000\040\000S\000c\000o\000p\000e\000\040\000a\000n\000d\000\040\000C\000o\000n\000t\000r\000i\000b\000u\000t\000i\000o\000n\000s}{section.1}% 4
\BOOKMARK [1][-]{section.2}{\376\377\000P\000r\000o\000b\000l\000e\000m\000\040\000S\000t\000a\000t\000e\000m\000e\000n\000t\000\040\000/\000\040\000M\000o\000t\000i\000v\000a\000t\000i\000o\000n}{}% 5
\BOOKMARK [2][-]{subsection.2.1}{\376\377\000T\000h\000e\000\040\000G\000o\000v\000e\000r\000n\000a\000n\000c\000e\000\040\000B\000o\000t\000t\000l\000e\000n\000e\000c\000k}{section.2}% 6
\BOOKMARK [2][-]{subsection.2.2}{\376\377\000T\000h\000e\000\040\000S\000y\000n\000c\000h\000r\000o\000n\000o\000u\000s\000\040\000S\000P\000O\000F\000\040\000A\000n\000t\000i\000-\000P\000a\000t\000t\000e\000r\000n}{section.2}% 7
\BOOKMARK [2][-]{subsection.2.3}{\376\377\000M\000o\000t\000i\000v\000a\000t\000i\000o\000n\000\040\000f\000o\000r\000\040\000A\000E\000C\000P}{section.2}% 8
\BOOKMARK [1][-]{section.3}{\376\377\000R\000e\000l\000a\000t\000e\000d\000\040\000W\000o\000r\000k}{}% 9
\BOOKMARK [2][-]{subsection.3.1}{\376\377\000S\000e\000c\000u\000r\000i\000t\000y\000\040\000M\000o\000d\000e\000l\000s\000\040\000a\000n\000d\000\040\000Z\000e\000r\000o\000\040\000T\000r\000u\000s\000t}{section.3}% 10
\BOOKMARK [2][-]{subsection.3.2}{\376\377\000S\000o\000f\000t\000w\000a\000r\000e\000-\000D\000e\000f\000i\000n\000e\000d\000\040\000N\000e\000t\000w\000o\000r\000k\000i\000n\000g\000\040\000\050\000S\000D\000N\000\051\000\040\000a\000n\000d\000\040\000C\000o\000n\000t\000r\000o\000l\000\040\000P\000l\000a\000n\000e\000s}{section.3}% 11
\BOOKMARK [2][-]{subsection.3.3}{\376\377\000A\000u\000t\000o\000n\000o\000m\000i\000c\000\040\000C\000o\000m\000p\000u\000t\000i\000n\000g\000\040\000a\000n\000d\000\040\000F\000e\000e\000d\000b\000a\000c\000k\000\040\000L\000o\000o\000p\000s}{section.3}% 12
\BOOKMARK [2][-]{subsection.3.4}{\376\377\000P\000o\000l\000i\000c\000y\000-\000a\000s\000-\000C\000o\000d\000e\000\040\000a\000n\000d\000\040\000M\000o\000d\000e\000r\000n\000\040\000E\000n\000g\000i\000n\000e\000s}{section.3}% 13
\BOOKMARK [1][-]{section.4}{\376\377\000O\000r\000i\000g\000i\000n\000a\000l\000\040\000C\000o\000n\000t\000r\000i\000b\000u\000t\000i\000o\000n\000s}{}% 14
\BOOKMARK [1][-]{section.5}{\376\377\000F\000r\000a\000m\000e\000w\000o\000r\000k\000\040\000A\000r\000c\000h\000i\000t\000e\000c\000t\000u\000r\000e\000:\000\040\000T\000h\000e\000\040\000L\000J\000E\000\040\000M\000o\000d\000e\000l}{}% 15
\BOOKMARK [1][-]{section.6}{\376\377\000T\000h\000e\000\040\000L\000e\000g\000i\000s\000l\000a\000t\000i\000v\000e\000\040\000D\000o\000m\000a\000i\000n\000-\000S\000p\000e\000c\000i\000f\000i\000c\000\040\000L\000a\000n\000g\000u\000a\000g\000e\000\040\000\050\000A\000-\000D\000S\000L\000\051}{}% 16
\BOOKMARK [2][-]{subsection.6.1}{\376\377\000F\000o\000r\000m\000a\000l\000\040\000G\000r\000a\000m\000m\000a\000r\000\040\000a\000n\000d\000\040\000D\000e\000s\000i\000g\000n\000\040\000R\000a\000t\000i\000o\000n\000a\000l\000e}{section.6}% 17
\BOOKMARK [2][-]{subsection.6.2}{\376\377\000S\000y\000n\000t\000a\000x\000\040\000a\000n\000d\000\040\000E\000x\000a\000m\000p\000l\000e\000s}{section.6}% 18
\BOOKMARK [2][-]{subsection.6.3}{\376\377\000P\000o\000l\000i\000c\000y\000\040\000A\000u\000t\000h\000o\000r\000i\000n\000g\000\040\000a\000n\000d\000\040\000V\000e\000r\000s\000i\000o\000n\000i\000n\000g\000\040\000C\000o\000n\000t\000r\000o\000l}{section.6}% 19
\BOOKMARK [1][-]{section.7}{\376\377\000J\000u\000d\000i\000c\000i\000a\000l\000\040\000V\000e\000r\000i\000f\000i\000c\000a\000t\000i\000o\000n\000\040\000a\000n\000d\000\040\000C\000o\000m\000p\000i\000l\000a\000t\000i\000o\000n\000:\000\040\000H\000a\000r\000d\000e\000n\000i\000n\000g\000\040\000t\000h\000e\000\040\000I\000n\000t\000e\000n\000t}{}% 20
\BOOKMARK [2][-]{subsection.7.1}{\376\377\000M\000a\000t\000h\000e\000m\000a\000t\000i\000c\000a\000l\000\040\000F\000o\000u\000n\000d\000a\000t\000i\000o\000n\000s\000\040\000o\000f\000\040\000C\000o\000n\000f\000l\000i\000c\000t\000\040\000D\000e\000t\000e\000c\000t\000i\000o\000n}{section.7}% 21
\BOOKMARK [2][-]{subsection.7.2}{\376\377\000A\000d\000v\000a\000n\000c\000e\000d\000\040\000W\000A\000S\000M\000\040\000C\000o\000m\000p\000i\000l\000a\000t\000i\000o\000n\000\040\000a\000n\000d\000\040\000O\000p\000t\000i\000m\000i\000z\000a\000t\000i\000o\000n}{section.7}% 22
\BOOKMARK [2][-]{subsection.7.3}{\376\377\000H\000a\000r\000d\000w\000a\000r\000e\000-\000A\000c\000c\000e\000l\000e\000r\000a\000t\000e\000d\000\040\000S\000i\000g\000n\000a\000t\000u\000r\000e\000s}{section.7}% 23
\BOOKMARK [1][-]{section.8}{\376\377\000T\000h\000e\000\040\000M\000u\000l\000t\000i\000-\000S\000t\000a\000g\000e\000\040\000G\000o\000v\000e\000r\000n\000a\000n\000c\000e\000\040\000L\000i\000f\000e\000c\000y\000c\000l\000e\000:\000\040\000A\000\040\000W\000a\000l\000k\000t\000h\000r\000o\000u\000g\000h}{}% 24
\BOOKMARK [1][-]{section.9}{\376\377\000T\000h\000e\000\040\000S\000e\000v\000e\000n\000\040\000A\000r\000c\000h\000i\000t\000e\000c\000t\000u\000r\000a\000l\000\040\000I\000n\000v\000a\000r\000i\000a\000n\000t\000s\000:\000\040\000F\000o\000r\000m\000a\000l\000\040\000D\000e\000f\000i\000n\000i\000t\000i\000o\000n\000s}{}% 25
\BOOKMARK [2][-]{subsection.9.1}{\376\377\000I\000n\000v\000a\000r\000i\000a\000n\000t\000\040\0001\000:\000\040\000P\000l\000a\000n\000e\000\040\000S\000e\000p\000a\000r\000a\000t\000i\000o\000n\000\040\000\050\000C\000a\000t\000e\000g\000o\000r\000i\000c\000a\000l\000\040\000I\000s\000o\000l\000a\000t\000i\000o\000n\000\051}{section.9}% 26
\BOOKMARK [2][-]{subsection.9.2}{\376\377\000I\000n\000v\000a\000r\000i\000a\000n\000t\000\040\0002\000:\000\040\000L\000a\000t\000e\000\040\000B\000i\000n\000d\000i\000n\000g\000\040\000\050\000E\000d\000g\000e\000-\000S\000p\000e\000c\000i\000f\000i\000c\000\040\000C\000o\000n\000t\000e\000x\000t\000\051}{section.9}% 27
\BOOKMARK [2][-]{subsection.9.3}{\376\377\000I\000n\000v\000a\000r\000i\000a\000n\000t\000\040\0003\000:\000\040\000S\000o\000v\000e\000r\000e\000i\000g\000n\000\040\000L\000o\000c\000a\000l\000\040\000E\000v\000a\000l\000u\000a\000t\000i\000o\000n\000\040\000\050\000S\000y\000n\000c\000-\000F\000r\000e\000e\000\040\000P\000D\000P\000s\000\051}{section.9}% 28
\BOOKMARK [2][-]{subsection.9.4}{\376\377\000I\000n\000v\000a\000r\000i\000a\000n\000t\000\040\0004\000:\000\040\000A\000s\000y\000n\000c\000h\000r\000o\000n\000o\000u\000s\000\040\000P\000o\000l\000i\000c\000y\000\040\000D\000i\000s\000t\000r\000i\000b\000u\000t\000i\000o\000n\000\040\000\050\000E\000v\000e\000n\000t\000u\000a\000l\000\040\000C\000o\000n\000s\000i\000s\000t\000e\000n\000c\000y\000\051}{section.9}% 29
\BOOKMARK [2][-]{subsection.9.5}{\376\377\000I\000n\000v\000a\000r\000i\000a\000n\000t\000\040\0005\000:\000\040\000C\000r\000y\000p\000t\000o\000g\000r\000a\000p\000h\000i\000c\000\040\000V\000e\000r\000i\000f\000i\000c\000a\000t\000i\000o\000n\000\040\000\050\000R\000o\000o\000t\000\040\000o\000f\000\040\000T\000r\000u\000s\000t\000\051}{section.9}% 30
\BOOKMARK [2][-]{subsection.9.6}{\376\377\000I\000n\000v\000a\000r\000i\000a\000n\000t\000\040\0006\000:\000\040\000I\000m\000m\000u\000t\000a\000b\000l\000e\000\040\000A\000u\000d\000i\000t\000\040\000P\000u\000l\000s\000e\000\040\000\050\000C\000o\000m\000p\000l\000e\000t\000e\000\040\000O\000b\000s\000e\000r\000v\000a\000b\000i\000l\000i\000t\000y\000\051}{section.9}% 31
\BOOKMARK [2][-]{subsection.9.7}{\376\377\000I\000n\000v\000a\000r\000i\000a\000n\000t\000\040\0007\000:\000\040\000F\000a\000i\000l\000-\000S\000a\000f\000e\000\040\000D\000e\000f\000a\000u\000l\000t\000s\000\040\000\050\000P\000e\000s\000s\000i\000m\000i\000s\000t\000i\000c\000\040\000S\000e\000c\000u\000r\000i\000t\000y\000\051}{section.9}% 32
\BOOKMARK [1][-]{section.10}{\376\377\000S\000o\000v\000e\000r\000e\000i\000g\000n\000\040\000O\000u\000t\000-\000o\000f\000-\000B\000a\000n\000d\000\040\000P\000o\000l\000i\000c\000y\000\040\000P\000r\000o\000t\000o\000c\000o\000l\000\040\000\050\000S\000O\000P\000P\000\051}{}% 33
\BOOKMARK [2][-]{subsection.10.1}{\376\377\000I\000m\000m\000u\000t\000a\000b\000l\000e\000\040\000A\000r\000t\000i\000f\000a\000c\000t\000\040\000L\000i\000f\000e\000c\000y\000c\000l\000e}{section.10}% 34
\BOOKMARK [2][-]{subsection.10.2}{\376\377\000E\000x\000e\000c\000u\000t\000i\000v\000e\000\040\000P\000u\000l\000l\000\040\000a\000n\000d\000\040\000V\000e\000r\000i\000f\000i\000c\000a\000t\000i\000o\000n}{section.10}% 35
\BOOKMARK [1][-]{section.11}{\376\377\000P\000r\000a\000c\000t\000i\000c\000a\000l\000\040\000C\000h\000a\000l\000l\000e\000n\000g\000e\000s\000\040\000a\000n\000d\000\040\000O\000p\000e\000r\000a\000t\000i\000o\000n\000a\000l\000i\000z\000a\000t\000i\000o\000n}{}% 36
\BOOKMARK [2][-]{subsection.11.1}{\376\377\000T\000h\000e\000\040\000"\000C\000o\000g\000n\000i\000t\000i\000v\000e\000\040\000G\000a\000p\000"\000\040\000i\000n\000\040\000P\000o\000l\000i\000c\000y\000\040\000A\000u\000t\000h\000o\000r\000i\000n\000g}{section.11}% 37
\BOOKMARK [2][-]{subsection.11.2}{\376\377\000M\000o\000n\000i\000t\000o\000r\000i\000n\000g\000\040\000A\000s\000y\000n\000c\000\040\000C\000o\000n\000v\000e\000r\000g\000e\000n\000c\000e}{section.11}% 38
\BOOKMARK [2][-]{subsection.11.3}{\376\377\000T\000h\000e\000\040\000C\000o\000s\000t\000\040\000o\000f\000\040\000C\000e\000l\000l\000u\000l\000a\000r\000\040\000I\000s\000o\000l\000a\000t\000i\000o\000n}{section.11}% 39
\BOOKMARK [1][-]{section.12}{\376\377\000T\000h\000e\000\040\000E\000c\000o\000n\000o\000m\000i\000c\000\040\000I\000m\000p\000a\000c\000t\000:\000\040\000T\000h\000e\000\040\000G\000o\000v\000e\000r\000n\000a\000n\000c\000e\000\040\000D\000i\000v\000i\000d\000e\000n\000d}{}% 40
\BOOKMARK [2][-]{subsection.12.1}{\376\377\000R\000e\000d\000u\000c\000t\000i\000o\000n\000\040\000i\000n\000\040\000"\000C\000o\000m\000p\000l\000i\000a\000n\000c\000e\000\040\000F\000r\000i\000c\000t\000i\000o\000n\000"}{section.12}% 41
\BOOKMARK [2][-]{subsection.12.2}{\376\377\000A\000v\000a\000i\000l\000a\000b\000i\000l\000i\000t\000y\000\040\000G\000a\000i\000n\000s\000\040\000a\000n\000d\000\040\000S\000L\000A\000\040\000P\000e\000n\000a\000l\000t\000i\000e\000s}{section.12}% 42
\BOOKMARK [1][-]{section.13}{\376\377\000C\000o\000m\000p\000a\000r\000a\000t\000i\000v\000e\000\040\000A\000n\000a\000l\000y\000s\000i\000s\000:\000\040\000A\000E\000C\000P\000\040\000v\000s\000.\000\040\000T\000r\000a\000d\000i\000t\000i\000o\000n\000a\000l\000\040\000G\000o\000v\000e\000r\000n\000a\000n\000c\000e}{}% 43
\BOOKMARK [2][-]{subsection.13.1}{\376\377\000A\000r\000c\000h\000i\000t\000e\000c\000t\000u\000r\000a\000l\000\040\000C\000o\000m\000p\000a\000r\000i\000s\000o\000n}{section.13}% 44
\BOOKMARK [2][-]{subsection.13.2}{\376\377\000T\000h\000e\000\040\000P\000e\000r\000f\000o\000r\000m\000a\000n\000c\000e\000\040\000G\000a\000p}{section.13}% 45
\BOOKMARK [1][-]{section.14}{\376\377\000M\000e\000t\000h\000o\000d\000o\000l\000o\000g\000y\000\040\000\046\000\040\000C\000o\000m\000p\000r\000e\000h\000e\000n\000s\000i\000v\000e\000\040\000M\000u\000l\000t\000i\000-\000C\000l\000o\000u\000d\000\040\000E\000v\000a\000l\000u\000a\000t\000i\000o\000n}{}% 46
\BOOKMARK [2][-]{subsection.14.1}{\376\377\000E\000m\000p\000i\000r\000i\000c\000a\000l\000\040\000T\000e\000s\000t\000b\000e\000d\000\040\000S\000p\000e\000c\000i\000f\000i\000c\000a\000t\000i\000o\000n\000s}{section.14}% 47
\BOOKMARK [2][-]{subsection.14.2}{\376\377\000E\000v\000a\000l\000u\000a\000t\000i\000o\000n\000\040\000o\000f\000\040\000L\000a\000t\000e\000n\000c\000y\000\040\000O\000v\000e\000r\000h\000e\000a\000d}{section.14}% 48
\BOOKMARK [2][-]{subsection.14.3}{\376\377\000R\000e\000s\000i\000l\000i\000e\000n\000c\000e\000\040\000a\000n\000d\000\040\000S\000u\000r\000v\000i\000v\000a\000l\000\040\000M\000e\000t\000r\000i\000c\000s}{section.14}% 49
\BOOKMARK [2][-]{subsection.14.4}{\376\377\000C\000o\000m\000p\000l\000i\000a\000n\000c\000e\000\040\000V\000e\000l\000o\000c\000i\000t\000y}{section.14}% 50
\BOOKMARK [1][-]{section.15}{\376\377\000C\000a\000s\000e\000\040\000S\000t\000u\000d\000y\000:\000\040\000G\000l\000o\000b\000a\000l\000\040\000F\000i\000n\000a\000n\000c\000i\000a\000l\000\040\000S\000e\000r\000v\000i\000c\000e\000s\000\040\000M\000i\000g\000r\000a\000t\000i\000o\000n}{}% 51
\BOOKMARK [2][-]{subsection.15.1}{\376\377\000T\000h\000e\000\040\000L\000e\000g\000a\000c\000y\000\040\000C\000h\000a\000l\000l\000e\000n\000g\000e}{section.15}% 52
\BOOKMARK [2][-]{subsection.15.2}{\376\377\000S\000t\000a\000n\000d\000a\000r\000d\000i\000z\000i\000n\000g\000\040\000o\000n\000\040\000t\000h\000e\000\040\000L\000J\000E\000\040\000M\000o\000d\000e\000l}{section.15}% 53
\BOOKMARK [2][-]{subsection.15.3}{\376\377\000R\000e\000s\000u\000l\000t\000s\000\040\000a\000n\000d\000\040\000R\000O\000I}{section.15}% 54
\BOOKMARK [1][-]{section.16}{\376\377\000O\000p\000e\000r\000a\000t\000i\000o\000n\000a\000l\000\040\000G\000o\000v\000e\000r\000n\000a\000n\000c\000e\000\040\000P\000a\000t\000t\000e\000r\000n\000s\000\040\000a\000n\000d\000\040\000A\000n\000t\000i\000-\000P\000a\000t\000t\000e\000r\000n\000s}{}% 55
\BOOKMARK [2][-]{subsection.16.1}{\376\377\000P\000a\000t\000t\000e\000r\000n\000:\000\040\000T\000h\000e\000\040\000"\000G\000o\000l\000d\000e\000n\000\040\000P\000a\000t\000h\000"\000\040\000P\000o\000l\000i\000c\000y}{section.16}% 56
\BOOKMARK [2][-]{subsection.16.2}{\376\377\000A\000n\000t\000i\000-\000P\000a\000t\000t\000e\000r\000n\000:\000\040\000T\000h\000e\000\040\000"\000M\000o\000n\000o\000l\000i\000t\000h\000i\000c\000\040\000P\000o\000l\000i\000c\000y\000"\000\040\000M\000o\000d\000u\000l\000e}{section.16}% 57
\BOOKMARK [2][-]{subsection.16.3}{\376\377\000P\000a\000t\000t\000e\000r\000n\000:\000\040\000A\000u\000t\000o\000m\000a\000t\000e\000d\000\040\000R\000o\000l\000l\000b\000a\000c\000k\000\040\000L\000o\000o\000p\000s}{section.16}% 58
\BOOKMARK [1][-]{section.17}{\376\377\000A\000u\000t\000o\000n\000o\000m\000i\000c\000\040\000C\000o\000n\000t\000r\000o\000l\000\040\000L\000o\000o\000p\000s\000:\000\040\000S\000e\000l\000f\000-\000H\000e\000a\000l\000i\000n\000g\000\040\000G\000o\000v\000e\000r\000n\000a\000n\000c\000e}{}% 59
\BOOKMARK [2][-]{subsection.17.1}{\376\377\000M\000o\000n\000i\000t\000o\000r\000i\000n\000g\000\040\000a\000n\000d\000\040\000A\000n\000o\000m\000a\000l\000y\000\040\000D\000e\000t\000e\000c\000t\000i\000o\000n}{section.17}% 60
\BOOKMARK [2][-]{subsection.17.2}{\376\377\000A\000u\000t\000o\000m\000a\000t\000e\000d\000\040\000P\000l\000a\000n\000n\000i\000n\000g\000\040\000a\000n\000d\000\040\000R\000e\000m\000e\000d\000i\000a\000t\000i\000o\000n}{section.17}% 61
\BOOKMARK [1][-]{section.18}{\376\377\000T\000h\000e\000\040\000M\000u\000l\000t\000i\000-\000C\000l\000o\000u\000d\000\040\000S\000e\000c\000u\000r\000i\000t\000y\000\040\000M\000o\000d\000e\000l\000:\000\040\000S\000o\000v\000e\000r\000e\000i\000g\000n\000\040\000I\000n\000t\000e\000g\000r\000i\000t\000y}{}% 62
\BOOKMARK [2][-]{subsection.18.1}{\376\377\000C\000r\000o\000s\000s\000-\000C\000l\000o\000u\000d\000\040\000I\000d\000e\000n\000t\000i\000t\000y\000\040\000\050\000S\000P\000I\000F\000F\000E\000\051}{section.18}% 63
\BOOKMARK [2][-]{subsection.18.2}{\376\377\000H\000a\000r\000d\000w\000a\000r\000e\000-\000E\000n\000f\000o\000r\000c\000e\000d\000\040\000S\000o\000v\000e\000r\000e\000i\000g\000n\000t\000y\000\040\000\050\000T\000E\000E\000s\000\051}{section.18}% 64
\BOOKMARK [2][-]{subsection.18.3}{\376\377\000R\000e\000g\000i\000o\000n\000a\000l\000\040\000S\000o\000v\000e\000r\000e\000i\000g\000n\000t\000y\000\040\000v\000s\000.\000\040\000G\000l\000o\000b\000a\000l\000\040\000C\000o\000n\000s\000e\000n\000s\000u\000s}{section.18}% 65
\BOOKMARK [1][-]{section.19}{\376\377\000C\000o\000n\000c\000l\000u\000s\000i\000o\000n\000\040\000a\000n\000d\000\040\000t\000h\000e\000\040\000F\000u\000t\000u\000r\000e\000\040\000o\000f\000\040\000S\000o\000f\000t\000w\000a\000r\000e\000\040\000S\000o\000v\000e\000r\000e\000i\000g\000n\000t\000y}{}% 66
\BOOKMARK [2][-]{subsection.19.1}{\376\377\000T\000h\000e\000\040\000E\000n\000d\000\040\000o\000f\000\040\000t\000h\000e\000\040\000G\000o\000v\000e\000r\000n\000a\000n\000c\000e\000\040\000T\000a\000x}{section.19}% 67
\BOOKMARK [2][-]{subsection.19.2}{\376\377\000L\000o\000o\000k\000i\000n\000g\000\040\000A\000h\000e\000a\000d\000:\000\040\000A\000I\000-\000A\000u\000g\000m\000e\000n\000t\000e\000d\000\040\000J\000u\000d\000i\000c\000i\000a\000l\000\040\000L\000a\000y\000e\000r\000s}{section.19}% 68
