\BOOKMARK [2][-]{subsection.0.1}{\376\377\0000\000.\0001\000\040\000A\000b\000s\000t\000r\000a\000c\000t}{}% 1
\BOOKMARK [2][-]{subsection.0.2}{\376\377\0000\000.\0002\000\040\000O\000r\000i\000g\000i\000n\000a\000l\000\040\000C\000o\000n\000t\000r\000i\000b\000u\000t\000i\000o\000n\000\040\000\050\000V\000e\000r\000i\000f\000i\000e\000d\000\051}{}% 2
\BOOKMARK [2][-]{subsection.0.3}{\376\377\0000\000.\0003\000\040\0001\000.\000\040\000I\000n\000t\000r\000o\000d\000u\000c\000t\000i\000o\000n}{}% 3
\BOOKMARK [2][-]{subsection.0.4}{\376\377\0000\000.\0004\000\040\0002\000.\000\040\000T\000h\000e\000\040\000S\000t\000r\000a\000n\000g\000l\000e\000r\000\040\000F\000i\000g\000\040\000A\000r\000c\000h\000i\000t\000e\000c\000t\000u\000r\000e}{}% 4
\BOOKMARK [2][-]{subsection.0.5}{\376\377\0000\000.\0005\000\040\0003\000.\000\040\000Z\000e\000r\000o\000-\000D\000o\000w\000n\000t\000i\000m\000e\000\040\000D\000a\000t\000a\000\040\000M\000i\000g\000r\000a\000t\000i\000o\000n}{}% 5
\BOOKMARK [2][-]{subsection.0.6}{\376\377\0000\000.\0006\000\040\0004\000.\000\040\000A\000n\000t\000i\000-\000C\000o\000r\000r\000u\000p\000t\000i\000o\000n\000\040\000L\000a\000y\000e\000r\000\040\000\050\000A\000C\000L\000\051}{}% 6
\BOOKMARK [2][-]{subsection.0.7}{\376\377\0000\000.\0007\000\040\0005\000.\000\040\000S\000h\000a\000d\000o\000w\000\040\000T\000r\000a\000f\000f\000i\000c\000\040\000V\000a\000l\000i\000d\000a\000t\000i\000o\000n}{}% 7
\BOOKMARK [2][-]{subsection.0.8}{\376\377\0000\000.\0008\000\040\0006\000.\000\040\000O\000r\000g\000a\000n\000i\000z\000a\000t\000i\000o\000n\000a\000l\000\040\000M\000a\000t\000u\000r\000i\000t\000y\000\040\000M\000o\000d\000e\000l}{}% 8
\BOOKMARK [2][-]{subsection.0.9}{\376\377\0000\000.\0009\000\040\0007\000.\000\040\000M\000a\000t\000h\000e\000m\000a\000t\000i\000c\000a\000l\000\040\000F\000o\000r\000m\000a\000l\000i\000z\000a\000t\000i\000o\000n\000\040\000o\000f\000\040\000T\000r\000a\000f\000f\000i\000c\000\040\000S\000h\000i\000f\000t\000i\000n\000g}{}% 9
\BOOKMARK [2][-]{subsection.0.10}{\376\377\0000\000.\0001\0000\000\040\0008\000.\000\040\000P\000r\000o\000d\000u\000c\000t\000i\000o\000n\000\040\000C\000a\000s\000e\000\040\000S\000t\000u\000d\000y\000:\000\040\000T\000h\000e\000\040\000"\000I\000n\000v\000i\000s\000i\000b\000l\000e\000"\000\040\000D\000a\000t\000a\000b\000a\000s\000e\000\040\000M\000i\000g\000r\000a\000t\000i\000o\000n}{}% 10
\BOOKMARK [2][-]{subsection.0.11}{\376\377\0000\000.\0001\0001\000\040\0009\000.\000\040\000I\000m\000p\000l\000e\000m\000e\000n\000t\000a\000t\000i\000o\000n\000\040\000R\000e\000f\000e\000r\000e\000n\000c\000e}{}% 11
\BOOKMARK [2][-]{subsection.0.12}{\376\377\0000\000.\0001\0002\000\040\0001\0000\000.\000\040\000I\000m\000p\000l\000e\000m\000e\000n\000t\000a\000t\000i\000o\000n\000\040\000G\000u\000i\000d\000a\000n\000c\000e}{}% 12
\BOOKMARK [2][-]{subsection.0.13}{\376\377\0000\000.\0001\0003\000\040\0001\0001\000.\000\040\000E\000v\000a\000l\000u\000a\000t\000i\000o\000n\000\040\000\046\000\040\000V\000a\000l\000i\000d\000a\000t\000i\000o\000n}{}% 13
\BOOKMARK [2][-]{subsection.0.14}{\376\377\0000\000.\0001\0004\000\040\0001\0002\000.\000\040\000R\000e\000l\000a\000t\000e\000d\000\040\000W\000o\000r\000k}{}% 14
\BOOKMARK [2][-]{subsection.0.15}{\376\377\0000\000.\0001\0005\000\040\0001\000.\000\040\000I\000n\000t\000r\000o\000d\000u\000c\000t\000i\000o\000n}{}% 15
\BOOKMARK [2][-]{subsection.0.16}{\376\377\0000\000.\0001\0006\000\040\0002\000.\000\040\000T\000h\000e\000\040\000S\000t\000r\000a\000n\000g\000l\000e\000r\000\040\000F\000i\000g\000\040\000A\000r\000c\000h\000i\000t\000e\000c\000t\000u\000r\000e}{}% 16
\BOOKMARK [2][-]{subsection.0.17}{\376\377\0000\000.\0001\0007\000\040\0003\000.\000\040\000Z\000e\000r\000o\000-\000D\000o\000w\000n\000t\000i\000m\000e\000\040\000D\000a\000t\000a\000\040\000M\000i\000g\000r\000a\000t\000i\000o\000n}{}% 17
\BOOKMARK [2][-]{subsection.0.18}{\376\377\0000\000.\0001\0008\000\040\0004\000.\000\040\000A\000n\000t\000i\000-\000C\000o\000r\000r\000u\000p\000t\000i\000o\000n\000\040\000L\000a\000y\000e\000r\000\040\000\050\000A\000C\000L\000\051}{}% 18
\BOOKMARK [2][-]{subsection.0.19}{\376\377\0000\000.\0001\0009\000\040\0005\000.\000\040\000S\000h\000a\000d\000o\000w\000\040\000T\000r\000a\000f\000f\000i\000c\000\040\000V\000a\000l\000i\000d\000a\000t\000i\000o\000n}{}% 19
\BOOKMARK [2][-]{subsection.0.20}{\376\377\0000\000.\0002\0000\000\040\0006\000.\000\040\000O\000r\000g\000a\000n\000i\000z\000a\000t\000i\000o\000n\000a\000l\000\040\000M\000a\000t\000u\000r\000i\000t\000y\000\040\000M\000o\000d\000e\000l}{}% 20
\BOOKMARK [2][-]{subsection.0.21}{\376\377\0000\000.\0002\0001\000\040\0007\000.\000\040\000M\000a\000t\000h\000e\000m\000a\000t\000i\000c\000a\000l\000\040\000F\000o\000r\000m\000a\000l\000i\000z\000a\000t\000i\000o\000n\000\040\000o\000f\000\040\000T\000r\000a\000f\000f\000i\000c\000\040\000S\000h\000i\000f\000t\000i\000n\000g}{}% 21
\BOOKMARK [2][-]{subsection.0.22}{\376\377\0000\000.\0002\0002\000\040\0008\000.\000\040\000P\000r\000o\000d\000u\000c\000t\000i\000o\000n\000\040\000C\000a\000s\000e\000\040\000S\000t\000u\000d\000y\000:\000\040\000T\000h\000e\000\040\000"\000I\000n\000v\000i\000s\000i\000b\000l\000e\000"\000\040\000D\000a\000t\000a\000b\000a\000s\000e\000\040\000M\000i\000g\000r\000a\000t\000i\000o\000n}{}% 22
\BOOKMARK [2][-]{subsection.0.23}{\376\377\0000\000.\0002\0003\000\040\0009\000.\000\040\000I\000m\000p\000l\000e\000m\000e\000n\000t\000a\000t\000i\000o\000n\000\040\000R\000e\000f\000e\000r\000e\000n\000c\000e}{}% 23
\BOOKMARK [2][-]{subsection.0.24}{\376\377\0000\000.\0002\0004\000\040\0001\0000\000.\000\040\000I\000m\000p\000l\000e\000m\000e\000n\000t\000a\000t\000i\000o\000n\000\040\000G\000u\000i\000d\000a\000n\000c\000e}{}% 24
\BOOKMARK [2][-]{subsection.0.25}{\376\377\0000\000.\0002\0005\000\040\0001\0001\000.\000\040\000E\000v\000a\000l\000u\000a\000t\000i\000o\000n\000\040\000\046\000\040\000V\000a\000l\000i\000d\000a\000t\000i\000o\000n}{}% 25
\BOOKMARK [2][-]{subsection.0.26}{\376\377\0000\000.\0002\0006\000\040\0001\0002\000.\000\040\000R\000e\000l\000a\000t\000e\000d\000\040\000W\000o\000r\000k}{}% 26
\BOOKMARK [2][-]{subsection.0.27}{\376\377\0000\000.\0002\0007\000\040\0001\0003\000.\000\040\000G\000e\000n\000e\000r\000a\000l\000i\000z\000a\000b\000i\000l\000i\000t\000y\000\040\000B\000e\000y\000o\000n\000d\000\040\000O\000b\000s\000e\000r\000v\000e\000d\000\040\000D\000e\000p\000l\000o\000y\000m\000e\000n\000t\000s}{}% 27
\BOOKMARK [2][-]{subsection.0.28}{\376\377\0000\000.\0002\0008\000\040\0001\0003\000.\000\040\000G\000e\000n\000e\000r\000a\000l\000i\000z\000a\000b\000i\000l\000i\000t\000y\000\040\000B\000e\000y\000o\000n\000d\000\040\000O\000b\000s\000e\000r\000v\000e\000d\000\040\000D\000e\000p\000l\000o\000y\000m\000e\000n\000t\000s}{}% 28
\BOOKMARK [2][-]{subsection.0.29}{\376\377\0000\000.\0002\0009\000\040\0001\0004\000.\000\040\000P\000r\000a\000c\000t\000i\000c\000a\000l\000\040\000a\000n\000d\000\040\000S\000c\000h\000o\000l\000a\000r\000l\000y\000\040\000I\000m\000p\000a\000c\000t}{}% 29
\BOOKMARK [2][-]{subsection.0.30}{\376\377\0000\000.\0003\0000\000\040\0001\0005\000.\000\040\000L\000i\000m\000i\000t\000a\000t\000i\000o\000n\000s}{}% 30
\BOOKMARK [2][-]{subsection.0.31}{\376\377\0000\000.\0003\0001\000\040\0001\0006\000.\000\040\000F\000u\000t\000u\000r\000e\000\040\000R\000e\000s\000e\000a\000r\000c\000h\000\040\000D\000i\000r\000e\000c\000t\000i\000o\000n\000s}{}% 31
\BOOKMARK [2][-]{subsection.0.32}{\376\377\0000\000.\0003\0002\000\040\0001\0007\000.\000\040\000C\000o\000n\000c\000l\000u\000s\000i\000o\000n}{}% 32
\BOOKMARK [2][-]{subsection.0.33}{\376\377\0000\000.\0003\0003\000\040\0008\000.\000\040\000E\000v\000a\000l\000u\000a\000t\000i\000o\000n\000\040\000\046\000\040\000V\000a\000l\000i\000d\000a\000t\000i\000o\000n}{}% 33
\BOOKMARK [2][-]{subsection.0.34}{\376\377\0000\000.\0003\0004\000\040\0009\000.\000\040\000R\000e\000l\000a\000t\000e\000d\000\040\000W\000o\000r\000k}{}% 34
\BOOKMARK [2][-]{subsection.0.35}{\376\377\0000\000.\0003\0005\000\040\0001\0000\000.\000\040\000L\000i\000m\000i\000t\000a\000t\000i\000o\000n\000s\000\040\000\046\000\040\000F\000u\000t\000u\000r\000e\000\040\000W\000o\000r\000k}{}% 35
\BOOKMARK [2][-]{subsection.0.36}{\376\377\0000\000.\0003\0006\000\040\0001\0001\000.\000\040\000C\000o\000n\000c\000l\000u\000s\000i\000o\000n}{}% 36
