This is pdfTeX, Version 3.141592653-2.6-1.40.28 (TeX Live 2025) (preloaded format=pdflatex 2026.1.13)  15 JAN 2026 15:18
entering extended mode
 restricted \write18 enabled.
 %&-line parsing enabled.
**main.tex
(./main.tex
LaTeX2e <2025-11-01>
L3 programming layer <2025-12-29>
(c:/texlive/2025/texmf-dist/tex/latex/base/article.cls
Document Class: article 2025/01/22 v1.4n Standard LaTeX document class
(c:/texlive/2025/texmf-dist/tex/latex/base/size11.clo
File: size11.clo 2025/01/22 v1.4n Standard LaTeX file (size option)
)
\c@part=\count275
\c@section=\count276
\c@subsection=\count277
\c@subsubsection=\count278
\c@paragraph=\count279
\c@subparagraph=\count280
\c@figure=\count281
\c@table=\count282
\abovecaptionskip=\skip49
\belowcaptionskip=\skip50
\bibindent=\dimen148
)
(c:/texlive/2025/texmf-dist/tex/latex/geometry/geometry.sty
Package: geometry 2020/01/02 v5.9 Page Geometry

(c:/texlive/2025/texmf-dist/tex/latex/graphics/keyval.sty
Package: keyval 2022/05/29 v1.15 key=value parser (DPC)
\KV@toks@=\toks17
)
(c:/texlive/2025/texmf-dist/tex/generic/iftex/ifvtex.sty
Package: ifvtex 2019/10/25 v1.7 ifvtex legacy package. Use iftex instead.

(c:/texlive/2025/texmf-dist/tex/generic/iftex/iftex.sty
Package: iftex 2024/12/12 v1.0g TeX engine tests
))
\Gm@cnth=\count283
\Gm@cntv=\count284
\c@Gm@tempcnt=\count285
\Gm@bindingoffset=\dimen149
\Gm@wd@mp=\dimen150
\Gm@odd@mp=\dimen151
\Gm@even@mp=\dimen152
\Gm@layoutwidth=\dimen153
\Gm@layoutheight=\dimen154
\Gm@layouthoffset=\dimen155
\Gm@layoutvoffset=\dimen156
\Gm@dimlist=\toks18
)
(c:/texlive/2025/texmf-dist/tex/latex/graphics/graphicx.sty
Package: graphicx 2024/12/31 v1.2e Enhanced LaTeX Graphics (DPC,SPQR)

(c:/texlive/2025/texmf-dist/tex/latex/graphics/graphics.sty
Package: graphics 2024/08/06 v1.4g Standard LaTeX Graphics (DPC,SPQR)

(c:/texlive/2025/texmf-dist/tex/latex/graphics/trig.sty
Package: trig 2023/12/02 v1.11 sin cos tan (DPC)
)
(c:/texlive/2025/texmf-dist/tex/latex/graphics-cfg/graphics.cfg
File: graphics.cfg 2016/06/04 v1.11 sample graphics configuration
)
Package graphics Info: Driver file: pdftex.def on input line 106.

(c:/texlive/2025/texmf-dist/tex/latex/graphics-def/pdftex.def
File: pdftex.def 2025/09/29 v1.2d Graphics/color driver for pdftex
))
\Gin@req@height=\dimen157
\Gin@req@width=\dimen158
)
(c:/texlive/2025/texmf-dist/tex/latex/amsmath/amsmath.sty
Package: amsmath 2025/07/09 v2.17z AMS math features
\@mathmargin=\skip51

For additional information on amsmath, use the `?' option.
(c:/texlive/2025/texmf-dist/tex/latex/amsmath/amstext.sty
Package: amstext 2024/11/17 v2.01 AMS text

(c:/texlive/2025/texmf-dist/tex/latex/amsmath/amsgen.sty
File: amsgen.sty 1999/11/30 v2.0 generic functions
\@emptytoks=\toks19
\ex@=\dimen159
))
(c:/texlive/2025/texmf-dist/tex/latex/amsmath/amsbsy.sty
Package: amsbsy 1999/11/29 v1.2d Bold Symbols
\pmbraise@=\dimen160
)
(c:/texlive/2025/texmf-dist/tex/latex/amsmath/amsopn.sty
Package: amsopn 2022/04/08 v2.04 operator names
)
\inf@bad=\count286
LaTeX Info: Redefining \frac on input line 233.
\uproot@=\count287
\leftroot@=\count288
LaTeX Info: Redefining \overline on input line 398.
LaTeX Info: Redefining \colon on input line 409.
\classnum@=\count289
\DOTSCASE@=\count290
LaTeX Info: Redefining \ldots on input line 495.
LaTeX Info: Redefining \dots on input line 498.
LaTeX Info: Redefining \cdots on input line 619.
\Mathstrutbox@=\box53
\strutbox@=\box54
LaTeX Info: Redefining \big on input line 721.
LaTeX Info: Redefining \Big on input line 722.
LaTeX Info: Redefining \bigg on input line 723.
LaTeX Info: Redefining \Bigg on input line 724.
\big@size=\dimen161
LaTeX Font Info:    Redeclaring font encoding OML on input line 742.
LaTeX Font Info:    Redeclaring font encoding OMS on input line 743.
\macc@depth=\count291
LaTeX Info: Redefining \bmod on input line 904.
LaTeX Info: Redefining \pmod on input line 909.
LaTeX Info: Redefining \smash on input line 939.
LaTeX Info: Redefining \relbar on input line 969.
LaTeX Info: Redefining \Relbar on input line 970.
\c@MaxMatrixCols=\count292
\dotsspace@=\muskip17
\c@parentequation=\count293
\dspbrk@lvl=\count294
\tag@help=\toks20
\row@=\count295
\column@=\count296
\maxfields@=\count297
\andhelp@=\toks21
\eqnshift@=\dimen162
\alignsep@=\dimen163
\tagshift@=\dimen164
\tagwidth@=\dimen165
\totwidth@=\dimen166
\lineht@=\dimen167
\@envbody=\toks22
\multlinegap=\skip52
\multlinetaggap=\skip53
\mathdisplay@stack=\toks23
LaTeX Info: Redefining \[ on input line 2950.
LaTeX Info: Redefining \] on input line 2951.
)
(c:/texlive/2025/texmf-dist/tex/latex/booktabs/booktabs.sty
Package: booktabs 2020/01/12 v1.61803398 Publication quality tables
\heavyrulewidth=\dimen168
\lightrulewidth=\dimen169
\cmidrulewidth=\dimen170
\belowrulesep=\dimen171
\belowbottomsep=\dimen172
\aboverulesep=\dimen173
\abovetopsep=\dimen174
\cmidrulesep=\dimen175
\cmidrulekern=\dimen176
\defaultaddspace=\dimen177
\@cmidla=\count298
\@cmidlb=\count299
\@aboverulesep=\dimen178
\@belowrulesep=\dimen179
\@thisruleclass=\count300
\@lastruleclass=\count301
\@thisrulewidth=\dimen180
)
(c:/texlive/2025/texmf-dist/tex/latex/hyperref/hyperref.sty
Package: hyperref 2025-07-12 v7.01o Hypertext links for LaTeX

(c:/texlive/2025/texmf-dist/tex/latex/kvsetkeys/kvsetkeys.sty
Package: kvsetkeys 2022-10-05 v1.19 Key value parser (HO)
)
(c:/texlive/2025/texmf-dist/tex/generic/kvdefinekeys/kvdefinekeys.sty
Package: kvdefinekeys 2019-12-19 v1.6 Define keys (HO)
)
(c:/texlive/2025/texmf-dist/tex/generic/pdfescape/pdfescape.sty
Package: pdfescape 2019/12/09 v1.15 Implements pdfTeX's escape features (HO)

(c:/texlive/2025/texmf-dist/tex/generic/ltxcmds/ltxcmds.sty
Package: ltxcmds 2023-12-04 v1.26 LaTeX kernel commands for general use (HO)
)
(c:/texlive/2025/texmf-dist/tex/generic/pdftexcmds/pdftexcmds.sty
Package: pdftexcmds 2020-06-27 v0.33 Utility functions of pdfTeX for LuaTeX (HO
)

(c:/texlive/2025/texmf-dist/tex/generic/infwarerr/infwarerr.sty
Package: infwarerr 2019/12/03 v1.5 Providing info/warning/error messages (HO)
)
Package pdftexcmds Info: \pdf@primitive is available.
Package pdftexcmds Info: \pdf@ifprimitive is available.
Package pdftexcmds Info: \pdfdraftmode found.
))
(c:/texlive/2025/texmf-dist/tex/latex/hycolor/hycolor.sty
Package: hycolor 2020-01-27 v1.10 Color options for hyperref/bookmark (HO)
)
(c:/texlive/2025/texmf-dist/tex/latex/hyperref/nameref.sty
Package: nameref 2025-06-21 v2.57 Cross-referencing by name of section

(c:/texlive/2025/texmf-dist/tex/latex/refcount/refcount.sty
Package: refcount 2019/12/15 v3.6 Data extraction from label references (HO)
)
(c:/texlive/2025/texmf-dist/tex/generic/gettitlestring/gettitlestring.sty
Package: gettitlestring 2019/12/15 v1.6 Cleanup title references (HO)

(c:/texlive/2025/texmf-dist/tex/latex/kvoptions/kvoptions.sty
Package: kvoptions 2022-06-15 v3.15 Key value format for package options (HO)
))
\c@section@level=\count302
)
(c:/texlive/2025/texmf-dist/tex/latex/etoolbox/etoolbox.sty
Package: etoolbox 2025/10/02 v2.5m e-TeX tools for LaTeX (JAW)
\etb@tempcnta=\count303
)
(c:/texlive/2025/texmf-dist/tex/generic/stringenc/stringenc.sty
Package: stringenc 2019/11/29 v1.12 Convert strings between diff. encodings (HO
)
)
\@linkdim=\dimen181
\Hy@linkcounter=\count304
\Hy@pagecounter=\count305

(c:/texlive/2025/texmf-dist/tex/latex/hyperref/pd1enc.def
File: pd1enc.def 2025-07-12 v7.01o Hyperref: PDFDocEncoding definition (HO)
Now handling font encoding PD1 ...
... no UTF-8 mapping file for font encoding PD1
)
(c:/texlive/2025/texmf-dist/tex/generic/intcalc/intcalc.sty
Package: intcalc 2019/12/15 v1.3 Expandable calculations with integers (HO)
)
\Hy@SavedSpaceFactor=\count306

(c:/texlive/2025/texmf-dist/tex/latex/hyperref/puenc.def
File: puenc.def 2025-07-12 v7.01o Hyperref: PDF Unicode definition (HO)
Now handling font encoding PU ...
... no UTF-8 mapping file for font encoding PU
)
Package hyperref Info: Hyper figures OFF on input line 4195.
Package hyperref Info: Link nesting OFF on input line 4200.
Package hyperref Info: Hyper index ON on input line 4203.
Package hyperref Info: Plain pages OFF on input line 4210.
Package hyperref Info: Backreferencing OFF on input line 4215.
Package hyperref Info: Implicit mode ON; LaTeX internals redefined.
Package hyperref Info: Bookmarks ON on input line 4462.
\c@Hy@tempcnt=\count307

(c:/texlive/2025/texmf-dist/tex/latex/url/url.sty
\Urlmuskip=\muskip18
Package: url 2013/09/16  ver 3.4  Verb mode for urls, etc.
)
LaTeX Info: Redefining \url on input line 4801.
\XeTeXLinkMargin=\dimen182

(c:/texlive/2025/texmf-dist/tex/generic/bitset/bitset.sty
Package: bitset 2019/12/09 v1.3 Handle bit-vector datatype (HO)

(c:/texlive/2025/texmf-dist/tex/generic/bigintcalc/bigintcalc.sty
Package: bigintcalc 2019/12/15 v1.5 Expandable calculations on big integers (HO
)
))
\Fld@menulength=\count308
\Field@Width=\dimen183
\Fld@charsize=\dimen184
Package hyperref Info: Hyper figures OFF on input line 6078.
Package hyperref Info: Link nesting OFF on input line 6083.
Package hyperref Info: Hyper index ON on input line 6086.
Package hyperref Info: backreferencing OFF on input line 6093.
Package hyperref Info: Link coloring OFF on input line 6098.
Package hyperref Info: Link coloring with OCG OFF on input line 6103.
Package hyperref Info: PDF/A mode OFF on input line 6108.
\Hy@abspage=\count309
\c@Item=\count310
\c@Hfootnote=\count311
)
Package hyperref Info: Driver (autodetected): hpdftex.

(c:/texlive/2025/texmf-dist/tex/latex/hyperref/hpdftex.def
File: hpdftex.def 2025-07-12 v7.01o Hyperref driver for pdfTeX
\Fld@listcount=\count312
\c@bookmark@seq@number=\count313

(c:/texlive/2025/texmf-dist/tex/latex/rerunfilecheck/rerunfilecheck.sty
Package: rerunfilecheck 2025-06-21 v1.11 Rerun checks for auxiliary files (HO)

(c:/texlive/2025/texmf-dist/tex/generic/uniquecounter/uniquecounter.sty
Package: uniquecounter 2019/12/15 v1.4 Provide unlimited unique counter (HO)
)
Package uniquecounter Info: New unique counter `rerunfilecheck' on input line 2
84.
)
\Hy@SectionHShift=\skip54
)
(c:/texlive/2025/texmf-dist/tex/latex/xcolor/xcolor.sty
Package: xcolor 2024/09/29 v3.02 LaTeX color extensions (UK)

(c:/texlive/2025/texmf-dist/tex/latex/graphics-cfg/color.cfg
File: color.cfg 2016/01/02 v1.6 sample color configuration
)
Package xcolor Info: Driver file: pdftex.def on input line 274.

(c:/texlive/2025/texmf-dist/tex/latex/graphics/mathcolor.ltx)
Package xcolor Info: Model `cmy' substituted by `cmy0' on input line 1349.
Package xcolor Info: Model `hsb' substituted by `rgb' on input line 1353.
Package xcolor Info: Model `RGB' extended on input line 1365.
Package xcolor Info: Model `HTML' substituted by `rgb' on input line 1367.
Package xcolor Info: Model `Hsb' substituted by `hsb' on input line 1368.
Package xcolor Info: Model `tHsb' substituted by `hsb' on input line 1369.
Package xcolor Info: Model `HSB' substituted by `hsb' on input line 1370.
Package xcolor Info: Model `Gray' substituted by `gray' on input line 1371.
Package xcolor Info: Model `wave' substituted by `hsb' on input line 1372.
)
(c:/texlive/2025/texmf-dist/tex/latex/svg/svg.sty
Package: svg 2020/11/26 v2.02k (include SVG pictures)

(c:/texlive/2025/texmf-dist/tex/latex/koma-script/scrbase.sty
Package: scrbase 2025/12/01 v3.49 KOMA-Script package (KOMA-Script-independent 
basics and keyval usage)

(c:/texlive/2025/texmf-dist/tex/latex/koma-script/scrlfile.sty
Package: scrlfile 2025/12/01 v3.49 KOMA-Script package (file load hooks)

(c:/texlive/2025/texmf-dist/tex/latex/koma-script/scrlfile-hook.sty
Package: scrlfile-hook 2025/12/01 v3.49 KOMA-Script package (using LaTeX hooks)


(c:/texlive/2025/texmf-dist/tex/latex/koma-script/scrlogo.sty
Package: scrlogo 2025/12/01 v3.49 KOMA-Script package (logo)
)))
Applying: [2021/05/01] Usage of raw or classic option list on input line 254.
Already applied: [0000/00/00] Usage of raw or classic option list on input line
 370.
)
(c:/texlive/2025/texmf-dist/tex/latex/trimspaces/trimspaces.sty
Package: trimspaces 2009/09/17 v1.1 Trim spaces around a token list
)
(c:/texlive/2025/texmf-dist/tex/latex/tools/shellesc.sty
Package: shellesc 2023/07/08 v1.0d unified shell escape interface for LaTeX
Package shellesc Info: Restricted shell escape enabled on input line 77.
)
\c@svg@param@lastpage=\count314
\svg@box=\box55
\c@svg@param@currpage=\count315
)
(c:/texlive/2025/texmf-dist/tex/latex/transparent/transparent.sty
Package: transparent 2025-06-23 v1.6 Transparency with color stacks

(c:/texlive/2025/texmf-dist/tex/latex/transparent/transparent-nometadata.sty
Package: transparent-nometadata 2025-06-23 v1.6 Transparency via pdfTeX's color
 stack (HO)

(c:/texlive/2025/texmf-dist/tex/latex/auxhook/auxhook.sty
Package: auxhook 2019-12-17 v1.6 Hooks for auxiliary files (HO)
)))
(c:/texlive/2025/texmf-dist/tex/latex/pgf/systemlayer/pgfsys.sty
(c:/texlive/2025/texmf-dist/tex/latex/pgf/utilities/pgfrcs.sty
(c:/texlive/2025/texmf-dist/tex/generic/pgf/utilities/pgfutil-common.tex
\pgfutil@everybye=\toks24
\pgfutil@tempdima=\dimen185
\pgfutil@tempdimb=\dimen186
)
(c:/texlive/2025/texmf-dist/tex/generic/pgf/utilities/pgfutil-latex.def
\pgfutil@abb=\box56
)
(c:/texlive/2025/texmf-dist/tex/generic/pgf/utilities/pgfrcs.code.tex
(c:/texlive/2025/texmf-dist/tex/generic/pgf/pgf.revision.tex)
Package: pgfrcs 2025-08-29 v3.1.11a (3.1.11a)
))
(c:/texlive/2025/texmf-dist/tex/generic/pgf/systemlayer/pgfsys.code.tex
Package: pgfsys 2025-08-29 v3.1.11a (3.1.11a)

(c:/texlive/2025/texmf-dist/tex/generic/pgf/utilities/pgfkeys.code.tex
\pgfkeys@pathtoks=\toks25
\pgfkeys@temptoks=\toks26

(c:/texlive/2025/texmf-dist/tex/generic/pgf/utilities/pgfkeyslibraryfiltered.co
de.tex
\pgfkeys@tmptoks=\toks27
))
\pgf@x=\dimen187
\pgf@y=\dimen188
\pgf@xa=\dimen189
\pgf@ya=\dimen190
\pgf@xb=\dimen191
\pgf@yb=\dimen192
\pgf@xc=\dimen193
\pgf@yc=\dimen194
\pgf@xd=\dimen195
\pgf@yd=\dimen196
\w@pgf@writea=\write3
\r@pgf@reada=\read2
\c@pgf@counta=\count316
\c@pgf@countb=\count317
\c@pgf@countc=\count318
\c@pgf@countd=\count319
\t@pgf@toka=\toks28
\t@pgf@tokb=\toks29
\t@pgf@tokc=\toks30
\pgf@sys@id@count=\count320
 (c:/texlive/2025/texmf-dist/tex/generic/pgf/systemlayer/pgf.cfg
File: pgf.cfg 2025-08-29 v3.1.11a (3.1.11a)
)
Driver file for pgf: pgfsys-pdftex.def

(c:/texlive/2025/texmf-dist/tex/generic/pgf/systemlayer/pgfsys-pdftex.def
File: pgfsys-pdftex.def 2025-08-29 v3.1.11a (3.1.11a)

(c:/texlive/2025/texmf-dist/tex/generic/pgf/systemlayer/pgfsys-common-pdf.def
File: pgfsys-common-pdf.def 2025-08-29 v3.1.11a (3.1.11a)
)))
(c:/texlive/2025/texmf-dist/tex/generic/pgf/systemlayer/pgfsyssoftpath.code.tex
File: pgfsyssoftpath.code.tex 2025-08-29 v3.1.11a (3.1.11a)
\pgfsyssoftpath@smallbuffer@items=\count321
\pgfsyssoftpath@bigbuffer@items=\count322
)
(c:/texlive/2025/texmf-dist/tex/generic/pgf/systemlayer/pgfsysprotocol.code.tex
File: pgfsysprotocol.code.tex 2025-08-29 v3.1.11a (3.1.11a)
)) (c:/texlive/2025/texmf-dist/tex/latex/l3backend/l3backend-pdftex.def
File: l3backend-pdftex.def 2025-10-09 L3 backend support: PDF output (pdfTeX)
\l__color_backend_stack_int=\count323
)
No file main.aux.
\openout1 = `main.aux'.

LaTeX Font Info:    Checking defaults for OML/cmm/m/it on input line 9.
LaTeX Font Info:    ... okay on input line 9.
LaTeX Font Info:    Checking defaults for OMS/cmsy/m/n on input line 9.
LaTeX Font Info:    ... okay on input line 9.
LaTeX Font Info:    Checking defaults for OT1/cmr/m/n on input line 9.
LaTeX Font Info:    ... okay on input line 9.
LaTeX Font Info:    Checking defaults for T1/cmr/m/n on input line 9.
LaTeX Font Info:    ... okay on input line 9.
LaTeX Font Info:    Checking defaults for TS1/cmr/m/n on input line 9.
LaTeX Font Info:    ... okay on input line 9.
LaTeX Font Info:    Checking defaults for OMX/cmex/m/n on input line 9.
LaTeX Font Info:    ... okay on input line 9.
LaTeX Font Info:    Checking defaults for U/cmr/m/n on input line 9.
LaTeX Font Info:    ... okay on input line 9.
LaTeX Font Info:    Checking defaults for PD1/pdf/m/n on input line 9.
LaTeX Font Info:    ... okay on input line 9.
LaTeX Font Info:    Checking defaults for PU/pdf/m/n on input line 9.
LaTeX Font Info:    ... okay on input line 9.
*geometry* driver: auto-detecting
*geometry* detected driver: pdftex
*geometry* verbose mode - [ preamble ] result:
* driver: pdftex
* paper: <default>
* layout: <same size as paper>
* layoutoffset:(h,v)=(0.0pt,0.0pt)
* modes: 
* h-part:(L,W,R)=(72.26999pt, 469.75502pt, 72.26999pt)
* v-part:(T,H,B)=(72.26999pt, 650.43001pt, 72.26999pt)
* \paperwidth=614.295pt
* \paperheight=794.96999pt
* \textwidth=469.75502pt
* \textheight=650.43001pt
* \oddsidemargin=0.0pt
* \evensidemargin=0.0pt
* \topmargin=-37.0pt
* \headheight=12.0pt
* \headsep=25.0pt
* \topskip=11.0pt
* \footskip=30.0pt
* \marginparwidth=59.0pt
* \marginparsep=10.0pt
* \columnsep=10.0pt
* \skip\footins=10.0pt plus 4.0pt minus 2.0pt
* \hoffset=0.0pt
* \voffset=0.0pt
* \mag=1000
* \@twocolumnfalse
* \@twosidefalse
* \@mparswitchfalse
* \@reversemarginfalse
* (1in=72.27pt=25.4mm, 1cm=28.453pt)

(c:/texlive/2025/texmf-dist/tex/context/base/mkii/supp-pdf.mkii
[Loading MPS to PDF converter (version 2006.09.02).]
\scratchcounter=\count324
\scratchdimen=\dimen197
\scratchbox=\box57
\nofMPsegments=\count325
\nofMParguments=\count326
\everyMPshowfont=\toks31
\MPscratchCnt=\count327
\MPscratchDim=\dimen198
\MPnumerator=\count328
\makeMPintoPDFobject=\count329
\everyMPtoPDFconversion=\toks32
) (c:/texlive/2025/texmf-dist/tex/latex/epstopdf-pkg/epstopdf-base.sty
Package: epstopdf-base 2020-01-24 v2.11 Base part for package epstopdf
Package epstopdf-base Info: Redefining graphics rule for `.eps' on input line 4
85.

(c:/texlive/2025/texmf-dist/tex/latex/latexconfig/epstopdf-sys.cfg
File: epstopdf-sys.cfg 2010/07/13 v1.3 Configuration of (r)epstopdf for TeX Liv
e
))
Package hyperref Info: Link coloring OFF on input line 9.
\@outlinefile=\write4
\openout4 = `main.out'.


! Misplaced alignment tab character &.
\@title ->Platform Governance &
                                Multi-Cloud Hybrid Strategy
l.14 \input
           {../../manuscript/content.tex}
I can't figure out why you would want to use a tab mark
here. If you just want an ampersand, the remedy is
simple: Just type `I\&' now. But if some right brace
up above has ended a previous alignment prematurely,
you're probably due for more error messages, and you
might try typing `S' now just to see what is salvageable.

(../../manuscript/content.tex [1

{c:/texlive/2025/texmf-var/fonts/map/pdftex/updmap/pdftex.map}]
Runaway argument?
{ (Enforcement). A4 provides the legislative content that AECP enforc\ETC.
! Paragraph ended before \text@command was complete.
<to be read again> 
                   \par 
l.546 kubeval manifests/}
                         .yaml
I suspect you've forgotten a `}', causing me to apply this
control sequence to too much text. How can we recover?
My plan is to forget the whole thing and hope for the best.

[2{c:/texlive/2025/texmf-dist/fonts/enc/dvips/cm-super/cm-super-ts1.enc}]
[3]
<../../figures/fig-1.pdf, id=37, 614.295pt x 794.97pt>
File: ../../figures/fig-1.pdf Graphic file (type pdf)
<use ../../figures/fig-1.pdf>
Package pdftex.def Info: ../../figures/fig-1.pdf  used on input line 546.
(pdftex.def)             Requested size: 375.80544pt x 486.3381pt.
LaTeX Font Info:    Trying to load font information for OMS+cmr on input line 5
46.
 (c:/texlive/2025/texmf-dist/tex/latex/base/omscmr.fd
File: omscmr.fd 2024/11/19 v2.5n Standard LaTeX font definitions
)
LaTeX Font Info:    Font shape `OMS/cmr/bx/n' in size <10.95> not available
(Font)              Font shape `OMS/cmsy/b/n' tried instead on input line 546.
LaTeX Font Info:    Font shape `OMS/cmr/m/n' in size <10.95> not available
(Font)              Font shape `OMS/cmsy/m/n' tried instead on input line 546.

Overfull \hbox (228.20413pt too wide) in paragraph at lines 546--546
 [][] 
 []

Runaway argument?
 package kubernetes.admission 
! Paragraph ended before \@xverbatim was complete.
<to be read again> 
                   \par 
l.546 kubeval manifests/}
                         .yaml
I suspect you've forgotten a `}', causing me to apply this
control sequence to too much text. How can we recover?
My plan is to forget the whole thing and hope for the best.

! Missing $ inserted.
<inserted text> 
                $
l.546 kubeval manifests/}
                         .yaml
I've inserted a begin-math/end-math symbol since I think
you left one out. Proceed, with fingers crossed.

! Extra }, or forgotten $.
<argument> ...s.memory msg := sprintf("Container }
                                                   \par deny[msg] { input.re...
l.546 kubeval manifests/}
                         .yaml
I've deleted a group-closing symbol because it seems to be
spurious, as in `$x}$'. But perhaps the } is legitimate and
you forgot something else, as in `\hbox{$x}'. In such cases
the way to recover is to insert both the forgotten and the
deleted material, e.g., by typing `I$}'.

! Missing $ inserted.
<inserted text> 
                $
l.546 kubeval manifests/}
                         .yaml
I've inserted a begin-math/end-math symbol since I think
you left one out. Proceed, with fingers crossed.


Overfull \hbox (297.48138pt too wide) in paragraph at lines 546--546
[]\OT1/cmtt/m/n/10.95 deny[msg]  input.request.kind.kind == "Pod" container := 
input.request.object.spec.containers[$[]\OML/cmm/m/it/10.95 notcontainer:resour
ces:limits:memorymsg \OT1/cmr/m/n/10.95 :=
 []

! Missing $ inserted.
<inserted text> 
                $
l.546 kubeval manifests/}
                         .yaml
I've inserted a begin-math/end-math symbol since I think
you left one out. Proceed, with fingers crossed.

! Extra }, or forgotten $.
<argument> ...mits.cpu msg := sprintf("Container }
                                                   \end {verbatim} \par \tex...
l.546 kubeval manifests/}
                         .yaml
I've deleted a group-closing symbol because it seems to be
spurious, as in `$x}$'. But perhaps the } is legitimate and
you forgot something else, as in `\hbox{$x}'. In such cases
the way to recover is to insert both the forgotten and the
deleted material, e.g., by typing `I$}'.


! LaTeX Error: Command \end{verbatim} invalid in math mode.

See the LaTeX manual or LaTeX Companion for explanation.
Type  H <return>  for immediate help.
 ...                                              
                                                  
l.546 kubeval manifests/}
                         .yaml
Try typing  <return>  to proceed.
If that doesn't work, type  X <return>  to quit.

! Missing $ inserted.
<inserted text> 
                $
l.546 kubeval manifests/}
                         .yaml
I've inserted a begin-math/end-math symbol since I think
you left one out. Proceed, with fingers crossed.


Overfull \hbox (273.35709pt too wide) in paragraph at lines 546--546
[]\OT1/cmtt/m/n/10.95 deny[msg]  input.request.kind.kind == "Pod" container := 
input.request.object.spec.containers[$[]\OML/cmm/m/it/10.95 notcontainer:resour
ces:limits:cpumsg \OT1/cmr/m/n/10.95 :=
 []

[4]
! Missing } inserted.
<inserted text> 
                }
l.546 kubeval manifests/}
                         .yaml
I've inserted something that you may have forgotten.
(See the <inserted text> above.)
With luck, this will get me unwedged. But if you
really didn't forget anything, try typing `2' now; then
my insertion and my current dilemma will both disappear.

! Missing } inserted.
<inserted text> 
                }
l.546 kubeval manifests/}
                         .yaml
I've inserted something that you may have forgotten.
(See the <inserted text> above.)
With luck, this will get me unwedged. But if you
really didn't forget anything, try typing `2' now; then
my insertion and my current dilemma will both disappear.

Runaway argument?
 package kubernetes.admission 
! Paragraph ended before \@xverbatim was complete.
<to be read again> 
                   \par 
l.546 kubeval manifests/}
                         .yaml
I suspect you've forgotten a `}', causing me to apply this
control sequence to too much text. How can we recover?
My plan is to forget the whole thing and hope for the best.

! Missing $ inserted.
<inserted text> 
                $
l.546 kubeval manifests/}
                         .yaml
I've inserted a begin-math/end-math symbol since I think
you left one out. Proceed, with fingers crossed.

! Missing $ inserted.
<inserted text> 
                $
l.546 kubeval manifests/}
                         .yaml
I've inserted a begin-math/end-math symbol since I think
you left one out. Proceed, with fingers crossed.

! Missing $ inserted.
<inserted text> 
                $
l.546 kubeval manifests/}
                         .yaml
I've inserted a begin-math/end-math symbol since I think
you left one out. Proceed, with fingers crossed.

! Extra }, or forgotten $.
<argument> ...gistries[_]) msg := sprintf("Image }
                                                   \end {verbatim} \par \sub...
l.546 kubeval manifests/}
                         .yaml
I've deleted a group-closing symbol because it seems to be
spurious, as in `$x}$'. But perhaps the } is legitimate and
you forgot something else, as in `\hbox{$x}'. In such cases
the way to recover is to insert both the forgotten and the
deleted material, e.g., by typing `I$}'.


! LaTeX Error: Command \end{verbatim} invalid in math mode.

See the LaTeX manual or LaTeX Companion for explanation.
Type  H <return>  for immediate help.
 ...                                              
                                                  
l.546 kubeval manifests/}
                         .yaml
Try typing  <return>  to proceed.
If that doesn't work, type  X <return>  to quit.

! Missing $ inserted.
<inserted text> 
                $
l.546 kubeval manifests/}
                         .yaml
I've inserted a begin-math/end-math symbol since I think
you left one out. Proceed, with fingers crossed.


Overfull \hbox (117.97173pt too wide) in paragraph at lines 546--546
[]\OT1/cmtt/m/n/10.95 deny[msg]  input.request.kind.kind == "Pod" container := 
input.request.object.spec.containers[$[]\OML/cmm/m/it/10.95 image \OT1/cmr/m/n/
10.95 :=
 []

! Missing } inserted.
<inserted text> 
                }
l.546 kubeval manifests/}
                         .yaml
I've inserted something that you may have forgotten.
(See the <inserted text> above.)
With luck, this will get me unwedged. But if you
really didn't forget anything, try typing `2' now; then
my insertion and my current dilemma will both disappear.

[5 <../../figures/fig-1.pdf>]
Runaway argument?
 package kubernetes.admission 
! Paragraph ended before \@xverbatim was complete.
<to be read again> 
                   \par 
l.546 kubeval manifests/}
                         .yaml
I suspect you've forgotten a `}', causing me to apply this
control sequence to too much text. How can we recover?
My plan is to forget the whole thing and hope for the best.

! Missing $ inserted.
<inserted text> 
                $
l.546 kubeval manifests/}
                         .yaml
I've inserted a begin-math/end-math symbol since I think
you left one out. Proceed, with fingers crossed.

! Missing $ inserted.
<inserted text> 
                $
l.546 kubeval manifests/}
                         .yaml
I've inserted a begin-math/end-math symbol since I think
you left one out. Proceed, with fingers crossed.

! Missing } inserted.
<inserted text> 
                }
l.546 kubeval manifests/}
                         .yaml
I've inserted something that you may have forgotten.
(See the <inserted text> above.)
With luck, this will get me unwedged. But if you
really didn't forget anything, try typing `2' now; then
my insertion and my current dilemma will both disappear.


Overfull \hbox (313.08632pt too wide) in paragraph at lines 546--546
[]\OT1/cmtt/m/n/10.95 test$[]\OML/cmm/m/it/10.95 eny[]issing[]emory[]imit[]$ 
 []

! Extra }, or forgotten \endgroup.
<argument> ...ner app must specify memory limit" }
                                                   \end {verbatim} \par \tex...
l.546 kubeval manifests/}
                         .yaml
I've deleted a group-closing symbol because it seems to be
spurious, as in `$x}$'. But perhaps the } is legitimate and
you forgot something else, as in `\hbox{$x}'. In such cases
the way to recover is to insert both the forgotten and the
deleted material, e.g., by typing `I$}'.

Runaway argument?
 \section {.github/workflows/policy-test.yml} name: Policy Tests on: \ETC.
! Paragraph ended before \@xverbatim was complete.
<to be read again> 
                   \par 
l.546 kubeval manifests/}
                         .yaml
I suspect you've forgotten a `}', causing me to apply this
control sequence to too much text. How can we recover?
My plan is to forget the whole thing and hope for the best.

LaTeX Font Info:    Font shape `OT1/cmtt/bx/n' in size <10.95> not available
(Font)              Font shape `OT1/cmtt/m/n' tried instead on input line 546.
Runaway argument?
 \section {Create OPA bundle} opa build -b policies/ -o bundle.tar.gz\ETC.
! Paragraph ended before \@xverbatim was complete.
<to be read again> 
                   \par 
l.546 kubeval manifests/}
                         .yaml
I suspect you've forgotten a `}', causing me to apply this
control sequence to too much text. How can we recover?
My plan is to forget the whole thing and hope for the best.

Runaway argument?
 \section {OPA ConfigMap} apiVersion: v1 kind: ConfigMap metadata: na\ETC.
! Paragraph ended before \@xverbatim was complete.
<to be read again> 
                   \par 
l.546 kubeval manifests/}
                         .yaml
I suspect you've forgotten a `}', causing me to apply this
control sequence to too much text. How can we recover?
My plan is to forget the whole thing and hope for the best.

[6]
<../../figures/fig-2.pdf, id=85, 614.295pt x 794.97pt>
File: ../../figures/fig-2.pdf Graphic file (type pdf)
<use ../../figures/fig-2.pdf>
Package pdftex.def Info: ../../figures/fig-2.pdf  used on input line 546.
(pdftex.def)             Requested size: 375.80544pt x 486.3381pt.

Overfull \hbox (18.88344pt too wide) in paragraph at lines 546--546
[]\OT1/cmtt/m/n/10.95 Figure 2: Federated Identity. Developers authenticate aga
inst a central OIDC Provider
 []


Overfull \hbox (7.38606pt too wide) in paragraph at lines 546--546
\OT1/cmtt/m/n/10.95 which issues short-lived tokens exchanged for cloud-native 
credentials via Workload
 []

Runaway argument?
 \section {Create OIDC provider in AWS} aws iam create-open-id-connec\ETC.
! Paragraph ended before \@xverbatim was complete.
<to be read again> 
                   \par 
l.546 kubeval manifests/}
                         .yaml
I suspect you've forgotten a `}', causing me to apply this
control sequence to too much text. How can we recover?
My plan is to forget the whole thing and hope for the best.


Overfull \hbox (18.88344pt too wide) in paragraph at lines 546--546
\OT1/cmtt/m/n/10.95 "Version": "2012-10-17", "Statement": [ "Effect": "Allow", 
"Principal":  "Federated":
 []


Overfull \hbox (105.11375pt too wide) in paragraph at lines 546--546
\OT1/cmtt/m/n/10.95 "arn:aws:iam::123456789:oidc-provider/oidc.company.com" , "
Action": "sts:AssumeRoleWithWebIdentity",
 []

Runaway argument?
 \section {Create federated credential} az ad app federated-credentia\ETC.
! Paragraph ended before \@xverbatim was complete.
<to be read again> 
                   \par 
l.546 kubeval manifests/}
                         .yaml
I suspect you've forgotten a `}', causing me to apply this
control sequence to too much text. How can we recover?
My plan is to forget the whole thing and hope for the best.

Runaway argument?
 \section {Create workload identity pool} gcloud iam workload-identit\ETC.
! Paragraph ended before \@xverbatim was complete.
<to be read again> 
                   \par 
l.546 kubeval manifests/}
                         .yaml
I suspect you've forgotten a `}', causing me to apply this
control sequence to too much text. How can we recover?
My plan is to forget the whole thing and hope for the best.

[7]
Overfull \hbox (36.1295pt too wide) in paragraph at lines 546--546
\OT1/cmtt/m/n/10.95 gcloud iam workload-identity-pools providers create-oidc co
mpany-oidc  --location=global
 []


Overfull \hbox (266.07701pt too wide) in paragraph at lines 546--546
\OT1/cmtt/m/n/10.95 --workload-identity-pool=company-pool  --issuer-uri=https:/
/oidc.company.com  --attribute-mapping="google.subject=assertion.sub"[] 
 []


Package hyperref Warning: Difference (2) between bookmark levels is greater 
(hyperref)                than one, level fixed on input line 546.

[8 <../../figures/fig-2.pdf>]
<../../figures/fig-3.pdf, id=116, 614.295pt x 794.97pt>
File: ../../figures/fig-3.pdf Graphic file (type pdf)
<use ../../figures/fig-3.pdf>
Package pdftex.def Info: ../../figures/fig-3.pdf  used on input line 546.
(pdftex.def)             Requested size: 375.80544pt x 486.3381pt.

Overfull \hbox (13.13475pt too wide) in paragraph at lines 546--546
[]\OT1/cmtt/m/n/10.95 Figure 3: GitOps Workflow. The state of the cluster is th
e state of the main branch.
 []

Runaway argument?
 apiVersion: argoproj.io/v1alpha1 kind: Application metadata: name: p\ETC.
! Paragraph ended before \@xverbatim was complete.
<to be read again> 
                   \par 
l.546 kubeval manifests/}
                         .yaml
I suspect you've forgotten a `}', causing me to apply this
control sequence to too much text. How can we recover?
My plan is to forget the whole thing and hope for the best.

[9]
Runaway argument?
 \section {Drift events per day} argocd_app_sync_total{phase="OutOfSy\ETC.
! Paragraph ended before \@xverbatim was complete.
<to be read again> 
                   \par 
l.546 kubeval manifests/}
                         .yaml
I suspect you've forgotten a `}', causing me to apply this
control sequence to too much text. How can we recover?
My plan is to forget the whole thing and hope for the best.

! Missing $ inserted.
<inserted text> 
                $
l.546 kubeval manifests/}
                         .yaml
I've inserted a begin-math/end-math symbol since I think
you left one out. Proceed, with fingers crossed.


! LaTeX Error: Command \end{verbatim} invalid in math mode.

See the LaTeX manual or LaTeX Companion for explanation.
Type  H <return>  for immediate help.
 ...                                              
                                                  
l.546 kubeval manifests/}
                         .yaml
Try typing  <return>  to proceed.
If that doesn't work, type  X <return>  to quit.

! Missing $ inserted.
<inserted text> 
                $
l.546 kubeval manifests/}
                         .yaml
I've inserted a begin-math/end-math symbol since I think
you left one out. Proceed, with fingers crossed.

[10 <../../figures/fig-3.pdf>]
<../../figures/fig-4.pdf, id=171, 614.295pt x 794.97pt>
File: ../../figures/fig-4.pdf Graphic file (type pdf)
<use ../../figures/fig-4.pdf>
Package pdftex.def Info: ../../figures/fig-4.pdf  used on input line 546.
(pdftex.def)             Requested size: 375.80544pt x 486.3381pt.

Overfull \hbox (13.13475pt too wide) in paragraph at lines 546--546
[]\OT1/cmtt/m/n/10.95 Figure 4: The Four Gates of Governance (Defense-in-Depth)
. Compliance is verified at
 []


Overfull \hbox (30.38081pt too wide) in paragraph at lines 546--546
\OT1/cmtt/m/n/10.95 every transition point, ensuring that "Risk Entropy" is arr
ested before artifacts reach
 []

Runaway argument?
 \section {.git/hooks/pre-commit} ##!/bin/bash \section {Detect secre\ETC.
! Paragraph ended before \@xverbatim was complete.
<to be read again> 
                   \par 
l.546 kubeval manifests/}
                         .yaml
I suspect you've forgotten a `}', causing me to apply this
control sequence to too much text. How can we recover?
My plan is to forget the whole thing and hope for the best.

! Extra }, or forgotten \endgroup.
\textit  ...\else \hmode@bgroup \text@command {#1}
                                                  \itshape \check@icl #1\che...
l.546 kubeval manifests/}
                         .yaml
I've deleted a group-closing symbol because it seems to be
spurious, as in `$x}$'. But perhaps the } is legitimate and
you forgot something else, as in `\hbox{$x}'. In such cases
the way to recover is to insert both the forgotten and the
deleted material, e.g., by typing `I$}'.


Overfull \hbox (36.1295pt too wide) in paragraph at lines 546--546
\OT1/cmtt/m/n/10.95 kubeval manifests/ \OT1/cmtt/m/it/10.95 (Enforcement). A4 p
rovides the legislative content that AECP enforces
 []


Overfull \hbox (18.88344pt too wide) in paragraph at lines 546--546
[]\OT1/cmtt/m/it/10.95 This paper operationalizes the governance plane required
 by A1-REF-STD, providing the
 []


Overfull \hbox (59.12425pt too wide) in paragraph at lines 546--546
\OT1/cmtt/m/it/10.95 multi-cloud abstraction layer that allows policy to be def
ined once and enforced everywhere,
 []


Overfull \hbox (13.13475pt too wide) in paragraph at lines 546--546
\OT1/cmtt/m/it/10.95 regardless of the underlying cloud provider. A4 treats gov
ernance specifically as an
 []


Overfull \hbox (93.61638pt too wide) in paragraph at lines 546--546
\OT1/cmtt/m/it/10.95 architectural control plane with formal invariants rather 
than as a procedural or checklist-driven
 []


Overfull \hbox (7.38606pt too wide) in paragraph at lines 546--546
\OT1/cmtt/m/it/10.95 compliance activity. Governance is treated as an architect
ural control plane, not a
 []

[11]
Overfull \hbox (36.1295pt too wide) in paragraph at lines 546--546
[]\OT1/cmtt/m/it/10.95 Modern enterprises face a paradox: they must simultaneou
sly increase deployment velocity
 []


Overfull \hbox (53.37556pt too wide) in paragraph at lines 546--546
\OT1/cmtt/m/it/10.95 (DevOps, CI/CD) while strengthening governance (SOC 2, GDP
R, HIPAA). Traditional governance
 []


Overfull \hbox (13.13475pt too wide) in paragraph at lines 546--546
\OT1/cmtt/m/it/10.95 models treat these as opposing forces|more governance mean
s slower deployments. This
 []


Overfull \hbox (18.88344pt too wide) in paragraph at lines 546--546
\OT1/cmtt/m/it/10.95 creates organizational tension where security teams block 
deployments and development
 []

[12 <../../figures/fig-4.pdf>]
LaTeX Font Info:    Font shape `OT1/cmtt/bx/it' in size <10.95> not available
(Font)              Font shape `OT1/cmtt/m/it' tried instead on input line 546.


Overfull \hbox (47.62688pt too wide) in paragraph at lines 546--546
\OT1/cmtt/m/it/10.95 A4 proposes a paradigm shift: governance as code, not proc
ess. Instead of humans reviewing
 []


Overfull \hbox (59.12425pt too wide) in paragraph at lines 546--546
\OT1/cmtt/m/it/10.95 deployments, automated policies enforce compliance at ever
y stage of the software lifecycle. 
 []


Overfull \hbox (82.119pt too wide) in paragraph at lines 546--546
[]\OT1/cmtt/m/it/10.95 P1: Policy-as-Code Policies are written in a domain-spec
ific language (Rego), version-controlled
 []


Overfull \hbox (13.13475pt too wide) in paragraph at lines 546--546
[]\OT1/cmtt/m/it/10.95 P2: Shift-Left Enforcement Catch violations early (IDE, 
pre-commit hooks, CI) rather
 []


Overfull \hbox (47.62688pt too wide) in paragraph at lines 546--546
[]\OT1/cmtt/m/it/10.95 P3: Defense-in-Depth Enforce policies at multiple layers
 (code, build, admission, runtime)
 []


Overfull \hbox (30.38081pt too wide) in paragraph at lines 546--546
[]\OT1/cmtt/m/it/10.95 P4: Federated Identity Use a single identity provider (O
IDC) across all cloud providers
 []

[13]
Overfull \hbox (30.38081pt too wide) in paragraph at lines 546--546
[]\OT1/cmtt/m/it/10.95 P5: GitOps Reconciliation Treat Git as the single source
 of truth; automatically revert
 []


Overfull \hbox (1.63737pt too wide) in paragraph at lines 546--546
[]\OT1/cmtt/m/it/10.95 C1: Policy-as-Code Pipeline We present a complete pipeli
ne for authoring, testing,
 []


Overfull \hbox (7.38606pt too wide) in paragraph at lines 546--546
[]\OT1/cmtt/m/it/10.95 C2: Multi-Cloud Identity Federation We define a federate
d identity model using OIDC
 []


Overfull \hbox (41.87819pt too wide) in paragraph at lines 546--546
[]\OT1/cmtt/m/it/10.95 C4: Defense-in-Depth Framework We define four enforcemen
t layers (code, build, admission,
 []


Overfull \hbox (18.88344pt too wide) in paragraph at lines 546--546
[]\OT1/cmtt/m/it/10.95 C5: Production Validation We validate the framework thro
ugh deployments demonstrating
 []


Overfull \hbox (18.88344pt too wide) in paragraph at lines 546--546
[]\OT1/cmtt/m/it/10.95 Paper Organization: Section 2 presents the policy-as-cod
e pipeline. Section 3 defines
 []


Overfull \hbox (7.38606pt too wide) in paragraph at lines 546--546
\OT1/cmtt/m/it/10.95 multi-cloud identity federation. Section 4 describes GitOp
s reconciliation. Section
 []


Overfull \hbox (30.38081pt too wide) in paragraph at lines 546--546
\OT1/cmtt/m/it/10.95 5 details defense-in-depth enforcement. Section 6 covers b
reak-glass protocols. Section
 []


Overfull \hbox (7.38606pt too wide) in paragraph at lines 546--546
\OT1/cmtt/m/it/10.95 7 provides implementation guidance. Section 8 evaluates th
e architecture. Section 9
 []


Overfull \hbox (1.63737pt too wide) in paragraph at lines 546--546
\OT1/cmtt/m/it/10.95 discusses related work. Section 10 acknowledges limitation
s. Section 11 concludes. 
 []

File: ../../figures/fig-1.pdf Graphic file (type pdf)
<use ../../figures/fig-1.pdf>
Package pdftex.def Info: ../../figures/fig-1.pdf  used on input line 546.
(pdftex.def)             Requested size: 375.80544pt x 486.3381pt.

Overfull \hbox (13.13475pt too wide) in paragraph at lines 546--546
[]\OT1/cmtt/m/it/10.95 Figure 1: The Policy-as-Code (PaC) Compilation Pipeline.
 The diagram illustrates the
 []


Overfull \hbox (24.63213pt too wide) in paragraph at lines 546--546
\OT1/cmtt/m/it/10.95 asynchronous propagation from policy definition (control p
lane) to runtime enforcement
 []


Overfull \hbox (36.1295pt too wide) in paragraph at lines 546--546
\OT1/cmtt/m/it/10.95 (data path). The diagram illustrates the asynchronous prop
agation from policy definition
 []


Overfull \hbox (41.87819pt too wide) in paragraph at lines 546--546
\OT1/cmtt/m/it/10.95 (control plane) to runtime enforcement (data path). By com
piling Rego to WASM, we achieve
 []


Overfull \hbox (53.37556pt too wide) in paragraph at lines 546--546
\OT1/cmtt/m/it/10.95 millisecond-level enforcement latency at the edge while ma
intaining centralized governance.
 []


Overfull \hbox (47.62688pt too wide) in paragraph at lines 546--546
\OT1/cmtt/m/it/10.95 The blue region represents the "Legislative" (Safe) plane,
 while the red region represents
 []


Overfull \hbox (30.38081pt too wide) in paragraph at lines 546--546
\OT1/cmtt/m/it/10.95 Not all policies are created equal. We categorize them by 
intent and enforcement stage. 
 []

[14]
Overfull \hbox (228.20413pt too wide) in paragraph at lines 546--546
 [][] 
 []


LaTeX Warning: `!h' float specifier changed to `!ht'.

Runaway argument?
 package kubernetes.admission 
! Paragraph ended before \@xverbatim was complete.
<to be read again> 
                   \par 
l.546 kubeval manifests/}
                         .yaml
I suspect you've forgotten a `}', causing me to apply this
control sequence to too much text. How can we recover?
My plan is to forget the whole thing and hope for the best.

! Missing $ inserted.
<inserted text> 
                $
l.546 kubeval manifests/}
                         .yaml
I've inserted a begin-math/end-math symbol since I think
you left one out. Proceed, with fingers crossed.

! Extra }, or forgotten $.
<argument> ...s.memory msg := sprintf("Container }
                                                   \par deny[msg] { input.re...
l.546 kubeval manifests/}
                         .yaml
I've deleted a group-closing symbol because it seems to be
spurious, as in `$x}$'. But perhaps the } is legitimate and
you forgot something else, as in `\hbox{$x}'. In such cases
the way to recover is to insert both the forgotten and the
deleted material, e.g., by typing `I$}'.

! Missing $ inserted.
<inserted text> 
                $
l.546 kubeval manifests/}
                         .yaml
I've inserted a begin-math/end-math symbol since I think
you left one out. Proceed, with fingers crossed.


Overfull \hbox (297.48138pt too wide) in paragraph at lines 546--546
[]\OT1/cmtt/m/n/10.95 deny[msg]  input.request.kind.kind == "Pod" container := 
input.request.object.spec.containers[$[]\OML/cmm/m/it/10.95 notcontainer:resour
ces:limits:memorymsg \OT1/cmr/m/n/10.95 :=
 []

[15]
! Missing $ inserted.
<inserted text> 
                $
l.546 kubeval manifests/}
                         .yaml
I've inserted a begin-math/end-math symbol since I think
you left one out. Proceed, with fingers crossed.

! Extra }, or forgotten $.
<argument> ...mits.cpu msg := sprintf("Container }
                                                   \end {verbatim} \par \tex...
l.546 kubeval manifests/}
                         .yaml
I've deleted a group-closing symbol because it seems to be
spurious, as in `$x}$'. But perhaps the } is legitimate and
you forgot something else, as in `\hbox{$x}'. In such cases
the way to recover is to insert both the forgotten and the
deleted material, e.g., by typing `I$}'.


! LaTeX Error: Command \end{verbatim} invalid in math mode.

See the LaTeX manual or LaTeX Companion for explanation.
Type  H <return>  for immediate help.
 ...                                              
                                                  
l.546 kubeval manifests/}
                         .yaml
Try typing  <return>  to proceed.
If that doesn't work, type  X <return>  to quit.

! Missing $ inserted.
<inserted text> 
                $
l.546 kubeval manifests/}
                         .yaml
I've inserted a begin-math/end-math symbol since I think
you left one out. Proceed, with fingers crossed.


Overfull \hbox (273.35709pt too wide) in paragraph at lines 546--546
[]\OT1/cmtt/m/n/10.95 deny[msg]  input.request.kind.kind == "Pod" container := 
input.request.object.spec.containers[$[]\OML/cmm/m/it/10.95 notcontainer:resour
ces:limits:cpumsg \OT1/cmr/m/n/10.95 :=
 []

! Missing } inserted.
<inserted text> 
                }
l.546 kubeval manifests/}
                         .yaml
I've inserted something that you may have forgotten.
(See the <inserted text> above.)
With luck, this will get me unwedged. But if you
really didn't forget anything, try typing `2' now; then
my insertion and my current dilemma will both disappear.

! Missing } inserted.
<inserted text> 
                }
l.546 kubeval manifests/}
                         .yaml
I've inserted something that you may have forgotten.
(See the <inserted text> above.)
With luck, this will get me unwedged. But if you
really didn't forget anything, try typing `2' now; then
my insertion and my current dilemma will both disappear.

Runaway argument?
 package kubernetes.admission 
! Paragraph ended before \@xverbatim was complete.
<to be read again> 
                   \par 
l.546 kubeval manifests/}
                         .yaml
I suspect you've forgotten a `}', causing me to apply this
control sequence to too much text. How can we recover?
My plan is to forget the whole thing and hope for the best.

! Missing $ inserted.
<inserted text> 
                $
l.546 kubeval manifests/}
                         .yaml
I've inserted a begin-math/end-math symbol since I think
you left one out. Proceed, with fingers crossed.

! Missing $ inserted.
<inserted text> 
                $
l.546 kubeval manifests/}
                         .yaml
I've inserted a begin-math/end-math symbol since I think
you left one out. Proceed, with fingers crossed.

! Missing $ inserted.
<inserted text> 
                $
l.546 kubeval manifests/}
                         .yaml
I've inserted a begin-math/end-math symbol since I think
you left one out. Proceed, with fingers crossed.

! Extra }, or forgotten $.
<argument> ...gistries[_]) msg := sprintf("Image }
                                                   \end {verbatim} \par \sub...
l.546 kubeval manifests/}
                         .yaml
I've deleted a group-closing symbol because it seems to be
spurious, as in `$x}$'. But perhaps the } is legitimate and
you forgot something else, as in `\hbox{$x}'. In such cases
the way to recover is to insert both the forgotten and the
deleted material, e.g., by typing `I$}'.


! LaTeX Error: Command \end{verbatim} invalid in math mode.

See the LaTeX manual or LaTeX Companion for explanation.
Type  H <return>  for immediate help.
 ...                                              
                                                  
l.546 kubeval manifests/}
                         .yaml
Try typing  <return>  to proceed.
If that doesn't work, type  X <return>  to quit.

! Missing $ inserted.
<inserted text> 
                $
l.546 kubeval manifests/}
                         .yaml
I've inserted a begin-math/end-math symbol since I think
you left one out. Proceed, with fingers crossed.


Overfull \hbox (117.97173pt too wide) in paragraph at lines 546--546
[]\OT1/cmtt/m/n/10.95 deny[msg]  input.request.kind.kind == "Pod" container := 
input.request.object.spec.containers[$[]\OML/cmm/m/it/10.95 image \OT1/cmr/m/n/
10.95 :=
 []

! Missing } inserted.
<inserted text> 
                }
l.546 kubeval manifests/}
                         .yaml
I've inserted something that you may have forgotten.
(See the <inserted text> above.)
With luck, this will get me unwedged. But if you
really didn't forget anything, try typing `2' now; then
my insertion and my current dilemma will both disappear.

Runaway argument?
 package kubernetes.admission 
! Paragraph ended before \@xverbatim was complete.
<to be read again> 
                   \par 
l.546 kubeval manifests/}
                         .yaml
I suspect you've forgotten a `}', causing me to apply this
control sequence to too much text. How can we recover?
My plan is to forget the whole thing and hope for the best.

! Missing $ inserted.
<inserted text> 
                $
l.546 kubeval manifests/}
                         .yaml
I've inserted a begin-math/end-math symbol since I think
you left one out. Proceed, with fingers crossed.

! Missing $ inserted.
<inserted text> 
                $
l.546 kubeval manifests/}
                         .yaml
I've inserted a begin-math/end-math symbol since I think
you left one out. Proceed, with fingers crossed.

! Missing } inserted.
<inserted text> 
                }
l.546 kubeval manifests/}
                         .yaml
I've inserted something that you may have forgotten.
(See the <inserted text> above.)
With luck, this will get me unwedged. But if you
really didn't forget anything, try typing `2' now; then
my insertion and my current dilemma will both disappear.


Overfull \hbox (313.08632pt too wide) in paragraph at lines 546--546
[]\OT1/cmtt/m/n/10.95 test$[]\OML/cmm/m/it/10.95 eny[]issing[]emory[]imit[]$ 
 []

! Extra }, or forgotten \endgroup.
<argument> ...ner app must specify memory limit" }
                                                   \end {verbatim} \par \tex...
l.546 kubeval manifests/}
                         .yaml
I've deleted a group-closing symbol because it seems to be
spurious, as in `$x}$'. But perhaps the } is legitimate and
you forgot something else, as in `\hbox{$x}'. In such cases
the way to recover is to insert both the forgotten and the
deleted material, e.g., by typing `I$}'.

Runaway argument?
 \section {.github/workflows/policy-test.yml} name: Policy Tests on: \ETC.
! Paragraph ended before \@xverbatim was complete.
<to be read again> 
                   \par 
l.546 kubeval manifests/}
                         .yaml
I suspect you've forgotten a `}', causing me to apply this
control sequence to too much text. How can we recover?
My plan is to forget the whole thing and hope for the best.

Runaway argument?
 \section {Create OPA bundle} opa build -b policies/ -o bundle.tar.gz\ETC.
! Paragraph ended before \@xverbatim was complete.
<to be read again> 
                   \par 
l.546 kubeval manifests/}
                         .yaml
I suspect you've forgotten a `}', causing me to apply this
control sequence to too much text. How can we recover?
My plan is to forget the whole thing and hope for the best.

Runaway argument?
 \section {OPA ConfigMap} apiVersion: v1 kind: ConfigMap metadata: na\ETC.
! Paragraph ended before \@xverbatim was complete.
<to be read again> 
                   \par 
l.546 kubeval manifests/}
                         .yaml
I suspect you've forgotten a `}', causing me to apply this
control sequence to too much text. How can we recover?
My plan is to forget the whole thing and hope for the best.

[16]
File: ../../figures/fig-2.pdf Graphic file (type pdf)
<use ../../figures/fig-2.pdf>
Package pdftex.def Info: ../../figures/fig-2.pdf  used on input line 546.
(pdftex.def)             Requested size: 375.80544pt x 486.3381pt.

Overfull \hbox (18.88344pt too wide) in paragraph at lines 546--546
[]\OT1/cmtt/m/n/10.95 Figure 2: Federated Identity. Developers authenticate aga
inst a central OIDC Provider
 []


Overfull \hbox (7.38606pt too wide) in paragraph at lines 546--546
\OT1/cmtt/m/n/10.95 which issues short-lived tokens exchanged for cloud-native 
credentials via Workload
 []

Runaway argument?
 \section {Create OIDC provider in AWS} aws iam create-open-id-connec\ETC.
! Paragraph ended before \@xverbatim was complete.
<to be read again> 
                   \par 
l.546 kubeval manifests/}
                         .yaml
I suspect you've forgotten a `}', causing me to apply this
control sequence to too much text. How can we recover?
My plan is to forget the whole thing and hope for the best.

[17] [18]
Overfull \hbox (18.88344pt too wide) in paragraph at lines 546--546
\OT1/cmtt/m/n/10.95 "Version": "2012-10-17", "Statement": [ "Effect": "Allow", 
"Principal":  "Federated":
 []


Overfull \hbox (105.11375pt too wide) in paragraph at lines 546--546
\OT1/cmtt/m/n/10.95 "arn:aws:iam::123456789:oidc-provider/oidc.company.com" , "
Action": "sts:AssumeRoleWithWebIdentity",
 []

Runaway argument?
 \section {Create federated credential} az ad app federated-credentia\ETC.
! Paragraph ended before \@xverbatim was complete.
<to be read again> 
                   \par 
l.546 kubeval manifests/}
                         .yaml
I suspect you've forgotten a `}', causing me to apply this
control sequence to too much text. How can we recover?
My plan is to forget the whole thing and hope for the best.

Runaway argument?
 \section {Create workload identity pool} gcloud iam workload-identit\ETC.
! Paragraph ended before \@xverbatim was complete.
<to be read again> 
                   \par 
l.546 kubeval manifests/}
                         .yaml
I suspect you've forgotten a `}', causing me to apply this
control sequence to too much text. How can we recover?
My plan is to forget the whole thing and hope for the best.


Overfull \hbox (36.1295pt too wide) in paragraph at lines 546--546
\OT1/cmtt/m/n/10.95 gcloud iam workload-identity-pools providers create-oidc co
mpany-oidc  --location=global
 []


Overfull \hbox (266.07701pt too wide) in paragraph at lines 546--546
\OT1/cmtt/m/n/10.95 --workload-identity-pool=company-pool  --issuer-uri=https:/
/oidc.company.com  --attribute-mapping="google.subject=assertion.sub"[] 
 []


Package hyperref Warning: Difference (2) between bookmark levels is greater 
(hyperref)                than one, level fixed on input line 546.

[19]
File: ../../figures/fig-3.pdf Graphic file (type pdf)
<use ../../figures/fig-3.pdf>
Package pdftex.def Info: ../../figures/fig-3.pdf  used on input line 546.
(pdftex.def)             Requested size: 375.80544pt x 486.3381pt.

Overfull \hbox (13.13475pt too wide) in paragraph at lines 546--546
[]\OT1/cmtt/m/n/10.95 Figure 3: GitOps Workflow. The state of the cluster is th
e state of the main branch.
 []

Runaway argument?
 apiVersion: argoproj.io/v1alpha1 kind: Application metadata: name: p\ETC.
! Paragraph ended before \@xverbatim was complete.
<to be read again> 
                   \par 
l.546 kubeval manifests/}
                         .yaml
I suspect you've forgotten a `}', causing me to apply this
control sequence to too much text. How can we recover?
My plan is to forget the whole thing and hope for the best.

Runaway argument?
 \section {Drift events per day} argocd_app_sync_total{phase="OutOfSy\ETC.
! Paragraph ended before \@xverbatim was complete.
<to be read again> 
                   \par 
l.546 kubeval manifests/}
                         .yaml
I suspect you've forgotten a `}', causing me to apply this
control sequence to too much text. How can we recover?
My plan is to forget the whole thing and hope for the best.

! Missing $ inserted.
<inserted text> 
                $
l.546 kubeval manifests/}
                         .yaml
I've inserted a begin-math/end-math symbol since I think
you left one out. Proceed, with fingers crossed.


! LaTeX Error: Command \end{verbatim} invalid in math mode.

See the LaTeX manual or LaTeX Companion for explanation.
Type  H <return>  for immediate help.
 ...                                              
                                                  
l.546 kubeval manifests/}
                         .yaml
Try typing  <return>  to proceed.
If that doesn't work, type  X <return>  to quit.

! Missing $ inserted.
<inserted text> 
                $
l.546 kubeval manifests/}
                         .yaml
I've inserted a begin-math/end-math symbol since I think
you left one out. Proceed, with fingers crossed.

File: ../../figures/fig-4.pdf Graphic file (type pdf)
<use ../../figures/fig-4.pdf>
Package pdftex.def Info: ../../figures/fig-4.pdf  used on input line 546.
(pdftex.def)             Requested size: 375.80544pt x 486.3381pt.
[20]
Overfull \hbox (13.13475pt too wide) in paragraph at lines 546--546
[]\OT1/cmtt/m/n/10.95 Figure 4: The Four Gates of Governance (Defense-in-Depth)
. Compliance is verified at
 []


Overfull \hbox (30.38081pt too wide) in paragraph at lines 546--546
\OT1/cmtt/m/n/10.95 every transition point, ensuring that "Risk Entropy" is arr
ested before artifacts reach
 []

[21]
Runaway argument?
 \section {.git/hooks/pre-commit} ##!/bin/bash \section {Detect secre\ETC.
! Paragraph ended before \@xverbatim was complete.
<to be read again> 
                   \par 
l.546 kubeval manifests/}
                         .yaml
I suspect you've forgotten a `}', causing me to apply this
control sequence to too much text. How can we recover?
My plan is to forget the whole thing and hope for the best.

! Extra }, or forgotten \endgroup.
<recently read> \egroup 
                        
l.546 kubeval manifests/}
                         .yaml
I've deleted a group-closing symbol because it seems to be
spurious, as in `$x}$'. But perhaps the } is legitimate and
you forgot something else, as in `\hbox{$x}'. In such cases
the way to recover is to insert both the forgotten and the
deleted material, e.g., by typing `I$}'.

[22] [23] [24]
Overfull \hbox (151.10326pt too wide) in paragraph at lines 665--665
[]\OT1/cmtt/m/n/10.95 \textbf{Layer} & \textbf{Timing} & \textbf{Blocking} & \t
extbf{Coverage} & \textbf{False Positives} \\\hline[] 
 []


Overfull \hbox (214.33882pt too wide) in paragraph at lines 679--679
[]\OT1/cmtt/m/n/10.95 Strict governance must not impede disaster recovery. Duri
ng a P0 incident, waiting for policy approval is unacceptable.[] 
 []

[25]
Overfull \hbox (450.03502pt too wide) in paragraph at lines 691--691
[]\OT1/cmtt/m/n/10.95 \textbf{Figure 5:} Emergency Access. Admins can request s
hort-lived (1 hour) certificates that bypass OPA Admission Controller, triggeri
ng immediate SOC alerts.[] 
 []


Overfull \hbox (921.42741pt too wide) in paragraph at lines 699--699
[]\OT1/cmtt/m/n/10.95 Automated governance creates potential for "Algorithmic B
ureaucracy," where legitimate actions are blocked by rigid policies. A4 address
es this via the "Break-Glass Protocol" (Section 6), ensuring human agency is pr
eserved during emergencies.[] 
 []


Overfull \hbox (312.06651pt too wide) in paragraph at lines 706--706
[]\OT1/cmtt/m/n/10.95 Complex policies (e.g., cross-service dependencies) are d
ifficult to express in Rego and may require external data, introducing latency.
[] 
 []


Overfull \hbox (179.8467pt too wide) in paragraph at lines 709--709
[]\OT1/cmtt/m/n/10.95 OPA admission webhooks add 5-10ms latency per request, wh
ich may be unacceptable for ultra-low-latency workloads.[] 
 []


Overfull \hbox (283.32307pt too wide) in paragraph at lines 712--712
[]\OT1/cmtt/m/n/10.95 Rego has a steep learning curve for developers unfamiliar
 with declarative logic, potentially slowing down initial policy adoption.[] 
 []


Overfull \hbox (294.82045pt too wide) in paragraph at lines 719--719
[]\OT1/cmtt/m/n/10.95 Use machine learning to automatically generate least-priv
ilege policies from observed access logs, reducing the "Legislative" burden.[] 

 []


Overfull \hbox (156.85194pt too wide) in paragraph at lines 722--722
[]\OT1/cmtt/m/n/10.95 Test policies against historical traffic data before depl
oyment to predict blocking impact (False Positives).[] 
 []


Overfull \hbox (438.53764pt too wide) in paragraph at lines 725--725
[]\OT1/cmtt/m/n/10.95 Moving beyond "Detect and Block" to "Detect and Fix." Fut
ure systems should automatically remediate violations (e.g., encrypting an S3 b
ucket) upon detection.[] 
 []


Overfull \hbox (519.01927pt too wide) in paragraph at lines 728--728
[]\OT1/cmtt/m/n/10.95 Developing formal verification methods to ensure that a p
olicy applied to Tenant A cannot inadvertently impact the isolation guarantees 
of Tenant B in a shared environment.[] 
 []


Overfull \hbox (1479.05013pt too wide) in paragraph at lines 734--734
[]\OT1/cmtt/m/n/10.95 Platform governance must evolve from "gatekeeper" (blocki
ng deployment) to "guardrail" (guiding safe deployment). By automating policy e
nforcement through Policy-as-Code, federated identity, GitOps, and defense-in-d
epth, A4 enables organizations to achieve 99.96\% reduction in approval time wh
ile improving compliance from 67\% to 99.8\%.[] 
 []


Overfull \hbox (2168.89265pt too wide) in paragraph at lines 736--736
[]\OT1/cmtt/m/n/10.95 The key insight is that governance is not about control|i
t's about enabling safe velocity. Production deployments demonstrate that autom
ated governance enables 50-100 deployments per day while maintaining SOC 2, ISO
 27001, and HIPAA compliance. This work provides a formal basis for the study o
f }Policy Correctness\textit{ in dynamic systems, moving compliance from a manu
al audit activity to a continuous, mathematically verifiable property of the pl
atform.[] 
 []

[26]
Overfull \hbox (300.56914pt too wide) in paragraph at lines 741--741
[]\OT1/cmtt/m/n/10.95 This paper represents independent research conducted by t
he author. No conflicts of interest exist. All production data is anonymized.[]
 
 []

[27] [28]
Overfull \hbox (369.55339pt too wide) in paragraph at lines 866--866
[]\OT1/cmtt/m/n/10.95 OPA (Open Policy Agent) and Sentinel (HashiCorp) pioneere
d policy-as-code. Our contribution is the end-to-end pipeline and multi-cloud f
ederation.[] 
 []


Overfull \hbox (151.10326pt too wide) in paragraph at lines 870--870
[]\OT1/cmtt/m/n/10.95 Weaveworks introduced GitOps with Flux. We extend this wi
th policy enforcement and drift prevention metrics.[] 
 []


Overfull \hbox (214.33882pt too wide) in paragraph at lines 874--874
[]\OT1/cmtt/m/n/10.95 NIST 800-207 defines Zero Trust principles. A4 implements
 these through federated identity and continuous verification.[] 
 []


Overfull \hbox (1335.33293pt too wide) in paragraph at lines 880--880
[]\OT1/cmtt/m/n/10.95 The automated governance patterns defined in A4 are not s
pecific to the cloud providers (AWS/Azure/GCP) or industries (Fintech/Healthcar
e) evaluated. The requirement for distinct "Legislative" and "Executive" softwa
re planes generalizes to any system where the rate of change exceeds the capaci
ty of manual review.[] 
 []

[29]
Overfull \hbox (191.34407pt too wide) in paragraph at lines 884--884
[]\OT1/cmtt/m/n/10.95 }   \textbf{Regulated Data Environments:} GDPR, HIPAA, Fe
dRAMP, where audit trails must be mathematically provable.[] 
 []


Overfull \hbox (294.82045pt too wide) in paragraph at lines 885--885
[]\OT1/cmtt/m/n/10.95 \textit{   \textbf{Large-Scale Multi-Tenancy:} SaaS platf
orms where tenant isolation must be enforced by policy, not just convention.[] 

 []


Overfull \hbox (156.85194pt too wide) in paragraph at lines 886--886
[]\OT1/cmtt/m/n/10.95 }   \textbf{Supply Chain Security:} Where artifact integr
ity must be verified at every stage of the pipeline.[] 
 []


Overfull \hbox (294.82045pt too wide) in paragraph at lines 889--889
[]\OT1/cmtt/m/n/10.95 \textit{   \textbf{Early-Stage Startups (< 10 Developers)
:} The overhead of writing Rego policies exceeds the risk of manual changes.[] 

 []


Overfull \hbox (99.36507pt too wide) in paragraph at lines 890--890
[]\OT1/cmtt/m/n/10.95 }   \textbf{Single-Cloud Monoliths:} Where IAM can be man
aged centrally via the provider's console.[] 
 []


Overfull \hbox (93.61638pt too wide) in paragraph at lines 891--891
[]\OT1/cmtt/m/n/10.95 \textit{   \textbf{Non-Regulated Internal Tools:} Where "
speed at all costs" is a valid trade-off.[] 
 []


Overfull \hbox (1180.11836pt too wide) in paragraph at lines 898--898
[]\OT1/cmtt/m/n/10.95 A4 shifts governance from an operational bottleneck (Opex
) to a platform feature (Capex). By calculating the "Cost of Governance" (delay
 per deployment), we demonstrate that automated policy engines recover their im
plementation cost within 6 months for organizations with >50 developers.[] 
 []


Overfull \hbox (685.73122pt too wide) in paragraph at lines 901--901
[]\OT1/cmtt/m/n/10.95 This work formalizes "Risk Entropy"|the tendency of unman
aged infrastructure to drift toward insecurity over time. We provide the mechan
ism (GitOps Reconciliation) to reverse this entropy continuously.[] 
 []


Overfull \hbox (312.06651pt too wide) in paragraph at lines 908--908
[]\OT1/cmtt/m/n/10.95 Complex policies (e.g., cross-service dependencies) are d
ifficult to express in Rego and may require external data, introducing latency.
[] 
 []


Overfull \hbox (179.8467pt too wide) in paragraph at lines 911--911
[]\OT1/cmtt/m/n/10.95 OPA admission webhooks add 5-10ms latency per request, wh
ich may be unacceptable for ultra-low-latency workloads.[] 
 []


Overfull \hbox (283.32307pt too wide) in paragraph at lines 914--914
[]\OT1/cmtt/m/n/10.95 Rego has a steep learning curve for developers unfamiliar
 with declarative logic, potentially slowing down initial policy adoption.[] 
 []


Overfull \hbox (294.82045pt too wide) in paragraph at lines 921--921
[]\OT1/cmtt/m/n/10.95 Use machine learning to automatically generate least-priv
ilege policies from observed access logs, reducing the "Legislative" burden.[] 

 []


Overfull \hbox (156.85194pt too wide) in paragraph at lines 924--924
[]\OT1/cmtt/m/n/10.95 Test policies against historical traffic data before depl
oyment to predict blocking impact (False Positives).[] 
 []


Overfull \hbox (438.53764pt too wide) in paragraph at lines 927--927
[]\OT1/cmtt/m/n/10.95 Moving beyond "Detect and Block" to "Detect and Fix." Fut
ure systems should automatically remediate violations (e.g., encrypting an S3 b
ucket) upon detection.[] 
 []


Overfull \hbox (519.01927pt too wide) in paragraph at lines 930--930
[]\OT1/cmtt/m/n/10.95 Developing formal verification methods to ensure that a p
olicy applied to Tenant A cannot inadvertently impact the isolation guarantees 
of Tenant B in a shared environment.[] 
 []

[30]
Overfull \hbox (1479.05013pt too wide) in paragraph at lines 936--936
[]\OT1/cmtt/m/n/10.95 Platform governance must evolve from "gatekeeper" (blocki
ng deployment) to "guardrail" (guiding safe deployment). By automating policy e
nforcement through Policy-as-Code, federated identity, GitOps, and defense-in-d
epth, A4 enables organizations to achieve 99.96\% reduction in approval time wh
ile improving compliance from 67\% to 99.8\%.[] 
 []


Overfull \hbox (2128.65184pt too wide) in paragraph at lines 938--938
[]\OT1/cmtt/m/n/10.95 The key insight is that governance is not about control|i
t's about enabling safe velocity. Production deployments demonstrate that autom
ated governance enables 50-100 deployments per day while maintaining SOC 2, ISO
 27001, and HIPAA compliance. This work provides a formal basis for the study o
f }Policy Correctness* in dynamic systems, moving compliance from a manual audi
t activity to a continuous, mathematically verifiable property of the platform.
[] 
 []


Overfull \hbox (300.56914pt too wide) in paragraph at lines 943--943
[]\OT1/cmtt/m/n/10.95 This paper represents independent research conducted by t
he author. No conflicts of interest exist. All production data is anonymized.[]
 
 []

))
! Emergency stop.
<*> main.tex
            
*** (job aborted, no legal \end found)

 
Here is how much of TeX's memory you used:
 12345 strings out of 467538
 203980 string characters out of 5423725
 660709 words of memory out of 5000000
 40959 multiletter control sequences out of 15000+600000
 635427 words of font info for 67 fonts, out of 8000000 for 9000
 1141 hyphenation exceptions out of 8191
 94i,9n,93p,887b,1819s stack positions out of 10000i,1000n,20000p,200000b,200000s
!  ==> Fatal error occurred, no output PDF file produced!
