\BOOKMARK [2][-]{subsection.0.1}{\376\377\000A\000b\000s\000t\000r\000a\000c\000t}{}% 1
\BOOKMARK [2][-]{subsection.0.2}{\376\377\000O\000r\000i\000g\000i\000n\000a\000l\000\040\000C\000o\000n\000t\000r\000i\000b\000u\000t\000i\000o\000n}{}% 2
\BOOKMARK [3][-]{subsubsection.0.2.1}{\376\377\000C\000o\000n\000t\000r\000i\000b\000u\000t\000i\000o\000n\000\040\000S\000u\000m\000m\000a\000r\000y\000\040\000f\000o\000r\000\040\000N\000o\000n\000-\000S\000p\000e\000c\000i\000a\000l\000i\000s\000t\000s}{subsection.0.2}% 3
\BOOKMARK [3][-]{subsubsection.0.2.2}{\376\377\000W\000h\000y\000\040\000T\000h\000i\000s\000\040\000A\000r\000c\000h\000i\000t\000e\000c\000t\000u\000r\000a\000l\000\040\000M\000o\000d\000e\000l\000\040\000D\000i\000d\000\040\000N\000o\000t\000\040\000P\000r\000e\000v\000i\000o\000u\000s\000l\000y\000\040\000E\000x\000i\000s\000t}{subsection.0.2}% 4
\BOOKMARK [2][-]{subsection.0.3}{\376\377\0001\000.\000\040\000I\000n\000t\000r\000o\000d\000u\000c\000t\000i\000o\000n}{}% 5
\BOOKMARK [3][-]{subsubsection.0.3.1}{\376\377\000R\000e\000l\000e\000v\000a\000n\000c\000e\000\040\000t\000o\000\040\000U\000.\000S\000.\000\040\000E\000n\000t\000e\000r\000p\000r\000i\000s\000e\000\040\000I\000n\000f\000r\000a\000s\000t\000r\000u\000c\000t\000u\000r\000e\000\040\000a\000n\000d\000\040\000D\000i\000g\000i\000t\000a\000l\000\040\000R\000e\000s\000i\000l\000i\000e\000n\000c\000e}{subsection.0.3}% 6
\BOOKMARK [2][-]{subsection.0.4}{\376\377\0002\000.\000\040\000P\000r\000o\000b\000l\000e\000m\000\040\000S\000t\000a\000t\000e\000m\000e\000n\000t\000\040\000\040\000R\000e\000q\000u\000i\000r\000e\000m\000e\000n\000t\000s}{}% 7
\BOOKMARK [3][-]{subsubsection.0.4.1}{\376\377\0002\000.\0001\000\040\000T\000h\000e\000\040\000C\000o\000n\000f\000l\000a\000t\000e\000d\000\040\000P\000l\000a\000n\000e\000\040\000A\000n\000t\000i\000-\000P\000a\000t\000t\000e\000r\000n}{subsection.0.4}% 8
\BOOKMARK [3][-]{subsubsection.0.4.2}{\376\377\0002\000.\0002\000\040\000Q\000u\000a\000n\000t\000i\000t\000a\000t\000i\000v\000e\000\040\000R\000e\000q\000u\000i\000r\000e\000m\000e\000n\000t\000s}{subsection.0.4}% 9
\BOOKMARK [3][-]{subsubsection.0.4.3}{\376\377\0002\000.\0002\000\040\000P\000o\000s\000i\000t\000i\000o\000n\000i\000n\000g\000\040\000R\000e\000l\000a\000t\000i\000v\000e\000\040\000t\000o\000\040\000P\000r\000i\000o\000r\000\040\000A\000r\000c\000h\000i\000t\000e\000c\000t\000u\000r\000a\000l\000\040\000A\000p\000p\000r\000o\000a\000c\000h\000e\000s}{subsection.0.4}% 10
\BOOKMARK [2][-]{subsection.0.5}{\376\377\0003\000.\000\040\000S\000y\000s\000t\000e\000m\000\040\000M\000o\000d\000e\000l\000\040\000\040\000A\000s\000s\000u\000m\000p\000t\000i\000o\000n\000s}{}% 11
\BOOKMARK [3][-]{subsubsection.0.5.1}{\376\377\0003\000.\0001\000\040\000D\000e\000p\000l\000o\000y\000m\000e\000n\000t\000\040\000M\000o\000d\000e\000l}{subsection.0.5}% 12
\BOOKMARK [3][-]{subsubsection.0.5.2}{\376\377\0003\000.\0002\000\040\000T\000r\000a\000f\000f\000i\000c\000\040\000M\000o\000d\000e\000l}{subsection.0.5}% 13
\BOOKMARK [3][-]{subsubsection.0.5.3}{\376\377\0003\000.\0003\000\040\000F\000a\000i\000l\000u\000r\000e\000\040\000M\000o\000d\000e\000l}{subsection.0.5}% 14
\BOOKMARK [2][-]{subsection.0.6}{\376\377\0004\000.\000\040\000A\000r\000c\000h\000i\000t\000e\000c\000t\000u\000r\000e\000\040\000D\000e\000s\000i\000g\000n}{}% 15
\BOOKMARK [3][-]{subsubsection.0.6.1}{\376\377\0004\000.\0001\000\040\000F\000o\000u\000r\000-\000P\000l\000a\000n\000e\000\040\000S\000t\000r\000a\000t\000i\000f\000i\000c\000a\000t\000i\000o\000n}{subsection.0.6}% 16
\BOOKMARK [3][-]{subsubsection.0.6.2}{\376\377\0004\000.\0002\000\040\000C\000o\000n\000t\000r\000o\000l\000\040\000P\000l\000a\000n\000e\000\040\000v\000s\000\040\000D\000a\000t\000a\000\040\000P\000l\000a\000n\000e\000\040\000S\000e\000p\000a\000r\000a\000t\000i\000o\000n}{subsection.0.6}% 17
\BOOKMARK [3][-]{subsubsection.0.6.3}{\376\377\0004\000.\0003\000\040\000C\000a\000s\000e\000\040\000S\000t\000u\000d\000y\000:\000\040\000E\000-\000C\000o\000m\000m\000e\000r\000c\000e\000\040\000P\000l\000a\000t\000f\000o\000r\000m\000\040\000M\000i\000g\000r\000a\000t\000i\000o\000n}{subsection.0.6}% 18
\BOOKMARK [3][-]{subsubsection.0.6.4}{\376\377\0004\000.\0004\000\040\000D\000e\000t\000a\000i\000l\000e\000d\000\040\000A\000l\000g\000o\000r\000i\000t\000h\000m\000:\000\040\000C\000o\000n\000s\000i\000s\000t\000e\000n\000t\000\040\000H\000a\000s\000h\000i\000n\000g\000\040\000f\000o\000r\000\040\000C\000e\000l\000l\000\040\000A\000s\000s\000i\000g\000n\000m\000e\000n\000t}{subsection.0.6}% 19
\BOOKMARK [3][-]{subsubsection.0.6.5}{\376\377\0004\000.\0005\000\040\000B\000e\000n\000c\000h\000m\000a\000r\000k\000s\000:\000\040\000S\000c\000a\000l\000a\000b\000i\000l\000i\000t\000y\000\040\000V\000a\000l\000i\000d\000a\000t\000i\000o\000n}{subsection.0.6}% 20
\BOOKMARK [3][-]{subsubsection.0.6.6}{\376\377\0004\000.\0006\000\040\000M\000i\000g\000r\000a\000t\000i\000o\000n\000\040\000S\000t\000r\000a\000t\000e\000g\000y\000:\000\040\000M\000o\000n\000o\000l\000i\000t\000h\000\040\000t\000o\000\040\000A\0001}{subsection.0.6}% 21
\BOOKMARK [3][-]{subsubsection.0.6.7}{\376\377\0004\000.\0007\000\040\000R\000e\000a\000l\000-\000W\000o\000r\000l\000d\000\040\000D\000e\000p\000l\000o\000y\000m\000e\000n\000t\000\040\000S\000c\000e\000n\000a\000r\000i\000o\000s}{subsection.0.6}% 22
\BOOKMARK [2][-]{subsection.0.7}{\376\377\0005\000.\000\040\000E\000n\000d\000-\000t\000o\000-\000E\000n\000d\000\040\000R\000e\000q\000u\000e\000s\000t\000\040\000L\000i\000f\000e\000c\000y\000c\000l\000e}{}% 23
\BOOKMARK [3][-]{subsubsection.0.7.1}{\376\377\0005\000.\0001\000\040\000A\000d\000v\000a\000n\000c\000e\000d\000\040\000R\000e\000q\000u\000e\000s\000t\000\040\000R\000o\000u\000t\000i\000n\000g}{subsection.0.7}% 24
\BOOKMARK [3][-]{subsubsection.0.7.2}{\376\377\0005\000.\0002\000\040\000A\000u\000t\000o\000-\000S\000c\000a\000l\000i\000n\000g\000\040\000A\000l\000g\000o\000r\000i\000t\000h\000m}{subsection.0.7}% 25
\BOOKMARK [3][-]{subsubsection.0.7.3}{\376\377\0005\000.\0003\000\040\000C\000o\000s\000t\000\040\000O\000p\000t\000i\000m\000i\000z\000a\000t\000i\000o\000n\000\040\000T\000e\000c\000h\000n\000i\000q\000u\000e\000s}{subsection.0.7}% 26
