\BOOKMARK [2][-]{subsection.0.1}{\376\377\0000\000.\0001\000\040\000A\000b\000s\000t\000r\000a\000c\000t}{}% 1
\BOOKMARK [2][-]{subsection.0.2}{\376\377\0000\000.\0002\000\040\000O\000r\000i\000g\000i\000n\000a\000l\000\040\000C\000o\000n\000t\000r\000i\000b\000u\000t\000i\000o\000n}{}% 2
\BOOKMARK [2][-]{subsection.0.3}{\376\377\0000\000.\0003\000\040\0001\000.\000\040\000I\000n\000t\000r\000o\000d\000u\000c\000t\000i\000o\000n}{}% 3
\BOOKMARK [2][-]{subsection.0.4}{\376\377\0000\000.\0004\000\040\0002\000.\000\040\000P\000o\000l\000i\000c\000y\000-\000a\000s\000-\000C\000o\000d\000e\000\040\000P\000i\000p\000e\000l\000i\000n\000e}{}% 4
\BOOKMARK [1][-]{section.1}{\376\377\0001\000\040\000S\000i\000g\000n\000\040\000b\000u\000n\000d\000l\000e}{}% 5
\BOOKMARK [1][-]{section.2}{\376\377\0002\000\040\000U\000p\000l\000o\000a\000d\000\040\000t\000o\000\040\000r\000e\000g\000i\000s\000t\000r\000y}{}% 6
\BOOKMARK [2][-]{subsection.2.1}{\376\377\0002\000.\0001\000\040\0003\000.\000\040\000M\000u\000l\000t\000i\000-\000C\000l\000o\000u\000d\000\040\000I\000d\000e\000n\000t\000i\000t\000y\000\040\000F\000e\000d\000e\000r\000a\000t\000i\000o\000n}{section.2}% 7
\BOOKMARK [1][-]{section.3}{\376\377\0003\000\040\000C\000r\000e\000a\000t\000e\000\040\000I\000A\000M\000\040\000r\000o\000l\000e\000\040\000w\000i\000t\000h\000\040\000t\000r\000u\000s\000t\000\040\000p\000o\000l\000i\000c\000y}{}% 8
\BOOKMARK [1][-]{section.4}{\376\377\0004\000\040\000C\000r\000e\000a\000t\000e\000\040\000O\000I\000D\000C\000\040\000p\000r\000o\000v\000i\000d\000e\000r}{}% 9
\BOOKMARK [2][-]{subsection.4.1}{\376\377\0004\000.\0001\000\040\0004\000.\000\040\000G\000i\000t\000O\000p\000s\000:\000\040\000T\000h\000e\000\040\000S\000i\000n\000g\000l\000e\000\040\000S\000o\000u\000r\000c\000e\000\040\000o\000f\000\040\000T\000r\000u\000t\000h}{section.4}% 10
\BOOKMARK [1][-]{section.5}{\376\377\0005\000\040\000T\000i\000m\000e\000\040\000t\000o\000\040\000r\000e\000c\000o\000n\000c\000i\000l\000i\000a\000t\000i\000o\000n}{}% 11
\BOOKMARK [2][-]{subsection.5.1}{\376\377\0005\000.\0001\000\040\0005\000.\000\040\000D\000e\000f\000e\000n\000s\000e\000-\000i\000n\000-\000D\000e\000p\000t\000h\000\040\000E\000n\000f\000o\000r\000c\000e\000m\000e\000n\000t}{section.5}% 12
\BOOKMARK [1][-]{section.6}{\376\377\0006\000\040\000L\000i\000n\000t\000\040\000K\000u\000b\000e\000r\000n\000e\000t\000e\000s\000\040\000m\000a\000n\000i\000f\000e\000s\000t\000s}{}% 13
\BOOKMARK [2][-]{subsection.6.1}{\376\377\0006\000.\0001\000\040\0001\000.\000\040\000I\000n\000t\000r\000o\000d\000u\000c\000t\000i\000o\000n}{section.6}% 14
\BOOKMARK [2][-]{subsection.6.2}{\376\377\0006\000.\0002\000\040\0002\000.\000\040\000P\000o\000l\000i\000c\000y\000-\000a\000s\000-\000C\000o\000d\000e\000\040\000P\000i\000p\000e\000l\000i\000n\000e}{section.6}% 15
\BOOKMARK [1][-]{section.7}{\376\377\0007\000\040\000S\000i\000g\000n\000\040\000b\000u\000n\000d\000l\000e}{}% 16
\BOOKMARK [1][-]{section.8}{\376\377\0008\000\040\000U\000p\000l\000o\000a\000d\000\040\000t\000o\000\040\000r\000e\000g\000i\000s\000t\000r\000y}{}% 17
\BOOKMARK [2][-]{subsection.8.1}{\376\377\0008\000.\0001\000\040\0003\000.\000\040\000M\000u\000l\000t\000i\000-\000C\000l\000o\000u\000d\000\040\000I\000d\000e\000n\000t\000i\000t\000y\000\040\000F\000e\000d\000e\000r\000a\000t\000i\000o\000n}{section.8}% 18
\BOOKMARK [1][-]{section.9}{\376\377\0009\000\040\000C\000r\000e\000a\000t\000e\000\040\000I\000A\000M\000\040\000r\000o\000l\000e\000\040\000w\000i\000t\000h\000\040\000t\000r\000u\000s\000t\000\040\000p\000o\000l\000i\000c\000y}{}% 19
\BOOKMARK [1][-]{section.10}{\376\377\0001\0000\000\040\000C\000r\000e\000a\000t\000e\000\040\000O\000I\000D\000C\000\040\000p\000r\000o\000v\000i\000d\000e\000r}{}% 20
\BOOKMARK [2][-]{subsection.10.1}{\376\377\0001\0000\000.\0001\000\040\0004\000.\000\040\000G\000i\000t\000O\000p\000s\000:\000\040\000T\000h\000e\000\040\000S\000i\000n\000g\000l\000e\000\040\000S\000o\000u\000r\000c\000e\000\040\000o\000f\000\040\000T\000r\000u\000t\000h}{section.10}% 21
\BOOKMARK [1][-]{section.11}{\376\377\0001\0001\000\040\000T\000i\000m\000e\000\040\000t\000o\000\040\000r\000e\000c\000o\000n\000c\000i\000l\000i\000a\000t\000i\000o\000n}{}% 22
\BOOKMARK [2][-]{subsection.11.1}{\376\377\0001\0001\000.\0001\000\040\0005\000.\000\040\000D\000e\000f\000e\000n\000s\000e\000-\000i\000n\000-\000D\000e\000p\000t\000h\000\040\000E\000n\000f\000o\000r\000c\000e\000m\000e\000n\000t}{section.11}% 23
\BOOKMARK [1][-]{section.12}{\376\377\0001\0002\000\040\000L\000i\000n\000t\000\040\000K\000u\000b\000e\000r\000n\000e\000t\000e\000s\000\040\000m\000a\000n\000i\000f\000e\000s\000t\000s}{}% 24
